
   Program  MARK  - Survival Rate Estimation with Capture-Recapture Data
   gfortran(dble) Vers. 9.0 Mar 2018     8-May-2019 14:45:31    Page  001
 - - - - - - - - - - - - - - - - - - - - - - - - - - - - - - - - - - - - - -
 
   This version was compiled by GCC version 7.2.0 using the options: 
     -cpp -iprefix C:/Program Files/mingw-w64/x86_64-7.2.0-posix-seh-rt_v5-rev1/
     mingw64/bin/../lib/gcc/x86_64-w64-mingw32/7.2.0/ -D_MT -D_REENTRANT
     -U_REENTRANT -D IEEE -D DBLEPRECISION -m64 -mtune=core2 -march=nocona -mthreads
     -O2 -fimplicit-none -fbounds-check -funroll-loops -ftree-vectorize
     -ffpe-summary=invalid,zero,overflow,underflow -fno-unsafe-math-optimizations
     -frounding-math -fsignaling-nans -fopenmp.

   This problem will use 11 of 12 possible threads.


  INPUT --- proc title ;

   CPU Time for the last procedure was 0.01 seconds.     


  INPUT --- proc chmatrix occasions= 10 groups= 1 etype= PradRec Nodes= 
  INPUT --- 101 ICMeans NoHist hist=  57 ;

  INPUT ---    time interval 2.565 1.315 1.425 1.25 1.565 1.10000000000001 
  INPUT ---    1.89 1.065 0.98 ;

  INPUT ---    glabel(1)=Group 1;

      Number of unique encounter histories read was 57.

      Number of individual covariates read was 0.
      Time interval lengths vary and/or not equal to 1.

      Data type number is 17
      Data type is Pradel Survival and Recruitment                                                                     

   CPU Time for the last procedure was 0.01 seconds.     

  Program  MARK  - Survival Rate Estimation with Capture-Recapture Data
   gfortran(dble) Vers. 9.0 Mar 2018     8-May-2019 14:45:31    Page  002
 - - - - - - - - - - - - - - - - - - - - - - - - - - - - - - - - - - - - - -
 


  INPUT --- proc estimate link=Parm-Specific NOLOOP varest=2ndPart    ;


  INPUT --- model={ Phi(~1)p(~1)f(~1) };

  INPUT ---    group=1 Phi    rows=1 cols=9 Square ;
  INPUT ---        1 1 1 1 1 1 1 1 1 ;

  INPUT ---    group=1 p    rows=1 cols=10 Square ;
  INPUT ---        2 2 2 2 2 2 2 2 2 2 ;

  INPUT ---    group=1 f    rows=1 cols=9 Square ;
  INPUT ---        3 3 3 3 3 3 3 3 3 ;

  INPUT ---    design matrix constraints=3 covariates=3 identity;

  INPUT ---    links=3;

  INPUT ---    Logit;

  INPUT ---    Logit;

  INPUT ---    Log;
  INPUT ---       blabel(1)=Phi:(Intercept);
  INPUT ---       blabel(2)=p:(Intercept);
  INPUT ---       blabel(3)=f:(Intercept);
  INPUT ---       rlabel(1)=Phi g1 a0 t1;
  INPUT ---       rlabel(2)=p g1 a0 t1;
  INPUT ---       rlabel(3)=f g1 a0 t1;

 Link Function Used is PARM-SPECIFIC

 Variance Estimation Procedure Used is 2ndPart 
 -2logL(saturated) = 516.67055     
 Effective Sample Size = 335

 Number of function evaluations was 21 for 3 parameters.
 Time for numerical optimization was 0.23 seconds.     
 -2logL { Phi(~1)p(~1)f(~1) } = 860.50467     
 Penalty { Phi(~1)p(~1)f(~1) } = 0.0000000     
 Gradient { Phi(~1)p(~1)f(~1) }:
  0.2995083E-05   0.000000       0.000000    
 Maximum ABS(G) { Phi(~1)p(~1)f(~1) } = 0.2995083E-05 
 S Vector { Phi(~1)p(~1)f(~1) }:
   97.28874      11.43001      6.219874    
 Time to compute number of parameters was 0.01 seconds.     
 Ratio Threshold = 50.000000       Max Gap (1/2) = 8.5116901       Next Max Gap (1/2) = 8.5116901     
 Gap Method for Num. of Estimated Parameters { Phi(~1)p(~1)f(~1) } = 3          
 Threshold { Phi(~1)p(~1)f(~1) } = 0.5990166E-05                 
 Numerical Threshold Method for Num. of Estimated Parameters { Phi(~1)p(~1)f(~1) } = 3          
 Number of Estimated Parameters { Phi(~1)p(~1)f(~1) } = 3          
 DEVIANCE { Phi(~1)p(~1)f(~1) } = 343.83412                     
 DEVIANCE Degrees of Freedom { Phi(~1)p(~1)f(~1) } = 54            
 c-hat { Phi(~1)p(~1)f(~1) } = 6.3672986                     
 AIC { Phi(~1)p(~1)f(~1) } = 866.50467                  
 AICc { Phi(~1)p(~1)f(~1) } = 866.57718                    
 BIC { Phi(~1)p(~1)f(~1) } = 877.94707                    
 Pearson Chisquare { Phi(~1)p(~1)f(~1) } = 1408.3145                  
 Possible Encounter Histories { Phi(~1)p(~1)f(~1) } = 1023             
 Pearson Chisquare df { Phi(~1)p(~1)f(~1) } = 1019        
 Pearson chat { Phi(~1)p(~1)f(~1) } = 1.3820554                  
 Sum(Observed/Expected) { Phi(~1)p(~1)f(~1) } = 1290.5014                  
 Fletcher chat { Phi(~1)p(~1)f(~1) } = 1.0955763                  

  Program  MARK  - Survival Rate Estimation with Capture-Recapture Data
   gfortran(dble) Vers. 9.0 Mar 2018     8-May-2019 14:45:31    Page  003
 - - - - - - - - - - - - - - - - - - - - - - - - - - - - - - - - - - - - - -
 


                    PARM-SPECIFIC Link Function Parameters of { Phi(~1)p(~1)f(~1) }
                                                              95% Confidence Interval
 Parameter                    Beta         Standard Error      Lower           Upper
 -------------------------  --------------  --------------  --------------  --------------
    1:Phi:(Intercept)        4.0946134       0.3890036       3.3321664       4.8570605    
    2:p:(Intercept)          0.4798677       0.1058254       0.2724500       0.6872855    
    3:f:(Intercept)         -3.7021098       0.3098706      -4.3094561      -3.0947634    


                    Real Function Parameters of { Phi(~1)p(~1)f(~1) }
                                                               95% Confidence Interval
  Parameter                  Estimate       Standard Error      Lower           Upper
 --------------------------  --------------  --------------  --------------  --------------
     1:Phi g1 a0 t1           0.9836109       0.0062709       0.9655160       0.9922867                          
     2:p g1 a0 t1             0.6177166       0.0249899       0.5676943       0.6653628                          
     3:f g1 a0 t1             0.0246714       0.0076449       0.0133891       0.0450271                          


                      Estimates of Derived Parameters
              Lambda Estimates of { Phi(~1)p(~1)f(~1) }
                                                95% Confidence Interval
 Grp. Occ.   Lambda-hat      Standard Error      Lower           Upper
 ---- ----   --------------  --------------  --------------  --------------
   1     1    1.0213820       0.0231053       0.9770905       1.0676812    
   1     2    1.0109054       0.0117239       0.9881866       1.0341466    
   1     3    1.0118230       0.0127161       0.9872049       1.0370551    
   1     4    1.0103636       0.0111384       0.9887671       1.0324317    
   1     5    1.0129921       0.0139816       0.9859569       1.0407687    
   1     6    1.0091143       0.0097897       0.9901083       1.0284852    
   1     7    1.0157112       0.0169304       0.9830661       1.0494405    
   1     8    1.0088230       0.0094754       0.9904215       1.0275665    
   1     9    1.0081160       0.0087131       0.9911825       1.0253388    
              log(Lambda) Estimates of { Phi(~1)p(~1)f(~1) }
                                                95% Confidence Interval
 Grp. Occ.   log(Lambda-hat) Standard Error      Lower           Upper
 ---- ----   --------------  --------------  --------------  --------------
   1     1    0.0211566       0.0226216      -0.0231816       0.0654949    
   1     2    0.0108464       0.0115974      -0.0118845       0.0335773    
   1     3    0.0117537       0.0125675      -0.0128787       0.0363861    
   1     4    0.0103103       0.0110242      -0.0112971       0.0319176    
   1     5    0.0129084       0.0138022      -0.0141440       0.0399608    
   1     6    0.0090730       0.0097013      -0.0099414       0.0280875    
   1     7    0.0155891       0.0166685      -0.0170812       0.0482594    
   1     8    0.0087843       0.0093926      -0.0096251       0.0271938    
   1     9    0.0080832       0.0086429      -0.0088569       0.0250234    

   CPU Time for the last procedure was 0.23 seconds.     

  Program  MARK  - Survival Rate Estimation with Capture-Recapture Data
   gfortran(dble) Vers. 9.0 Mar 2018     8-May-2019 14:45:31    Page  004
 - - - - - - - - - - - - - - - - - - - - - - - - - - - - - - - - - - - - - -
 


  INPUT --- proc stop;

     CPU Time in minutes for this job was 0.00

     Time Start = 14:45:31.581   Time End = 14:45:31.626

     Wall Clock Time in minutes for this job was 0.00


          E X E C U T I O N   S U C C E S S F U L 
