
   Program  MARK  - Survival Rate Estimation with Capture-Recapture Data
   gfortran(dble) Vers. 9.0 Mar 2018     8-May-2019 14:46:08    Page  001
 - - - - - - - - - - - - - - - - - - - - - - - - - - - - - - - - - - - - - -
 
   This version was compiled by GCC version 7.2.0 using the options: 
     -cpp -iprefix C:/Program Files/mingw-w64/x86_64-7.2.0-posix-seh-rt_v5-rev1/
     mingw64/bin/../lib/gcc/x86_64-w64-mingw32/7.2.0/ -D_MT -D_REENTRANT
     -U_REENTRANT -D IEEE -D DBLEPRECISION -m64 -mtune=core2 -march=nocona -mthreads
     -O2 -fimplicit-none -fbounds-check -funroll-loops -ftree-vectorize
     -ffpe-summary=invalid,zero,overflow,underflow -fno-unsafe-math-optimizations
     -frounding-math -fsignaling-nans -fopenmp.

   This problem will use 11 of 12 possible threads.


  INPUT --- proc title ;

   CPU Time for the last procedure was 0.01 seconds.     


  INPUT --- proc chmatrix occasions= 10 groups= 1 etype= PradRec Nodes= 
  INPUT --- 101 ICMeans NoHist hist=  57 ;

  INPUT ---    time interval 2.565 1.315 1.425 1.25 1.565 1.10000000000001 
  INPUT ---    1.89 1.065 0.98 ;

  INPUT ---    glabel(1)=Group 1;

      Number of unique encounter histories read was 57.

      Number of individual covariates read was 0.
      Time interval lengths vary and/or not equal to 1.

      Data type number is 17
      Data type is Pradel Survival and Recruitment                                                                     

   CPU Time for the last procedure was 0.01 seconds.     

  Program  MARK  - Survival Rate Estimation with Capture-Recapture Data
   gfortran(dble) Vers. 9.0 Mar 2018     8-May-2019 14:46:08    Page  002
 - - - - - - - - - - - - - - - - - - - - - - - - - - - - - - - - - - - - - -
 


  INPUT --- proc estimate link=Parm-Specific NOLOOP varest=2ndPart    ;


  INPUT --- model={ Phi(~1)p(~time)f(~time) };

  INPUT ---    group=1 Phi    rows=1 cols=9 Square ;
  INPUT ---        1 1 1 1 1 1 1 1 1 ;

  INPUT ---    group=1 p    rows=1 cols=10 Square ;
  INPUT ---        2 3 4 5 6 7 8 9 10 11 ;

  INPUT ---    group=1 f    rows=1 cols=9 Square ;
  INPUT ---        12 13 14 15 16 17 18 19 20 ;

  INPUT ---    design matrix constraints=20 covariates=20;
  INPUT ---        1 0 0 0 0 0 0 0 0 0 0 0 0 0 0 0 0 0 0 0;
  INPUT ---        0 1 0 0 0 0 0 0 0 0 0 0 0 0 0 0 0 0 0 0;
  INPUT ---        0 1 1 0 0 0 0 0 0 0 0 0 0 0 0 0 0 0 0 0;
  INPUT ---        0 1 0 1 0 0 0 0 0 0 0 0 0 0 0 0 0 0 0 0;
  INPUT ---        0 1 0 0 1 0 0 0 0 0 0 0 0 0 0 0 0 0 0 0;
  INPUT ---        0 1 0 0 0 1 0 0 0 0 0 0 0 0 0 0 0 0 0 0;
  INPUT ---        0 1 0 0 0 0 1 0 0 0 0 0 0 0 0 0 0 0 0 0;
  INPUT ---        0 1 0 0 0 0 0 1 0 0 0 0 0 0 0 0 0 0 0 0;
  INPUT ---        0 1 0 0 0 0 0 0 1 0 0 0 0 0 0 0 0 0 0 0;
  INPUT ---        0 1 0 0 0 0 0 0 0 1 0 0 0 0 0 0 0 0 0 0;
  INPUT ---        0 1 0 0 0 0 0 0 0 0 1 0 0 0 0 0 0 0 0 0;
  INPUT ---        0 0 0 0 0 0 0 0 0 0 0 1 0 0 0 0 0 0 0 0;
  INPUT ---        0 0 0 0 0 0 0 0 0 0 0 1 1 0 0 0 0 0 0 0;
  INPUT ---        0 0 0 0 0 0 0 0 0 0 0 1 0 1 0 0 0 0 0 0;
  INPUT ---        0 0 0 0 0 0 0 0 0 0 0 1 0 0 1 0 0 0 0 0;
  INPUT ---        0 0 0 0 0 0 0 0 0 0 0 1 0 0 0 1 0 0 0 0;
  INPUT ---        0 0 0 0 0 0 0 0 0 0 0 1 0 0 0 0 1 0 0 0;
  INPUT ---        0 0 0 0 0 0 0 0 0 0 0 1 0 0 0 0 0 1 0 0;
  INPUT ---        0 0 0 0 0 0 0 0 0 0 0 1 0 0 0 0 0 0 1 0;
  INPUT ---        0 0 0 0 0 0 0 0 0 0 0 1 0 0 0 0 0 0 0 1;

  INPUT ---    links=20;

  INPUT ---    Logit;

  INPUT ---    Logit;

  INPUT ---    Logit;


  Program  MARK  - Survival Rate Estimation with Capture-Recapture Data
   gfortran(dble) Vers. 9.0 Mar 2018     8-May-2019 14:46:08    Page  003
 - - - - - - - - - - - - - - - - - - - - - - - - - - - - - - - - - - - - - -
 
  INPUT ---    Logit;

  INPUT ---    Logit;

  INPUT ---    Logit;

  INPUT ---    Logit;

  INPUT ---    Logit;

  INPUT ---    Logit;

  INPUT ---    Logit;

  INPUT ---    Logit;

  INPUT ---    Log;

  INPUT ---    Log;

  INPUT ---    Log;

  INPUT ---    Log;

  INPUT ---    Log;

  INPUT ---    Log;

  INPUT ---    Log;

  INPUT ---    Log;

  INPUT ---    Log;
  INPUT ---       blabel(1)=Phi:(Intercept);
  INPUT ---       blabel(2)=p:(Intercept);
  INPUT ---       blabel(3)=p:time3.565;
  INPUT ---       blabel(4)=p:time4.88;
  INPUT ---       blabel(5)=p:time6.305;
  INPUT ---       blabel(6)=p:time7.555;
  INPUT ---       blabel(7)=p:time9.12;
  INPUT ---       blabel(8)=p:time10.22;
  INPUT ---       blabel(9)=p:time12.11;
  INPUT ---       blabel(10)=p:time13.175;
  INPUT ---       blabel(11)=p:time14.155;
  INPUT ---       blabel(12)=f:(Intercept);
  INPUT ---       blabel(13)=f:time3.565;

  Program  MARK  - Survival Rate Estimation with Capture-Recapture Data
   gfortran(dble) Vers. 9.0 Mar 2018     8-May-2019 14:46:08    Page  004
 - - - - - - - - - - - - - - - - - - - - - - - - - - - - - - - - - - - - - -
 
  INPUT ---       blabel(14)=f:time4.88;
  INPUT ---       blabel(15)=f:time6.305;
  INPUT ---       blabel(16)=f:time7.555;
  INPUT ---       blabel(17)=f:time9.12;
  INPUT ---       blabel(18)=f:time10.22;
  INPUT ---       blabel(19)=f:time12.11;
  INPUT ---       blabel(20)=f:time13.175;
  INPUT ---       rlabel(1)=Phi g1 a0 t1;
  INPUT ---       rlabel(2)=p g1 a0 t1;
  INPUT ---       rlabel(3)=p g1 a2.565 t3.565;
  INPUT ---       rlabel(4)=p g1 a3.88 t4.88;
  INPUT ---       rlabel(5)=p g1 a5.305 t6.305;
  INPUT ---       rlabel(6)=p g1 a6.555 t7.555;
  INPUT ---       rlabel(7)=p g1 a8.12 t9.12;
  INPUT ---       rlabel(8)=p g1 a9.22000000000001 t10.22;
  INPUT ---       rlabel(9)=p g1 a11.11 t12.11;
  INPUT ---       rlabel(10)=p g1 a12.175 t13.175;
  INPUT ---       rlabel(11)=p g1 a13.155 t14.155;
  INPUT ---       rlabel(12)=f g1 a0 t1;
  INPUT ---       rlabel(13)=f g1 a2.565 t3.565;
  INPUT ---       rlabel(14)=f g1 a3.88 t4.88;
  INPUT ---       rlabel(15)=f g1 a5.305 t6.305;
  INPUT ---       rlabel(16)=f g1 a6.555 t7.555;
  INPUT ---       rlabel(17)=f g1 a8.12 t9.12;
  INPUT ---       rlabel(18)=f g1 a9.22000000000001 t10.22;
  INPUT ---       rlabel(19)=f g1 a11.11 t12.11;
  INPUT ---       rlabel(20)=f g1 a12.175 t13.175;

 Link Function Used is PARM-SPECIFIC

 Variance Estimation Procedure Used is 2ndPart 
 -2logL(saturated) = 516.67055     
 Effective Sample Size = 335

 Number of function evaluations was 74 for 20 parameters.
 Time for numerical optimization was 3.66 seconds.     
 -2logL { Phi(~1)p(~time)f(~time) } = 861.58294     
 Penalty { Phi(~1)p(~time)f(~time) } = 0.0000000     
 Gradient { Phi(~1)p(~time)f(~time) }:
 -0.1706873E-02 -0.1797914E-02 -0.1344804E-02  0.4308076E-03 -0.8880698E-03
  0.5249683E-03 -0.1102490E-02 -0.8806987E-03  0.8189412E-05  0.1452761E-02
   0.000000     -0.2460223E-02 -0.2831735E-03  0.4507212E-06  0.2750472E-03
   0.000000      0.9346411E-03  0.2386176E-03   0.000000       0.000000    
 Maximum ABS(G) { Phi(~1)p(~time)f(~time) } = 0.0024602     

  Program  MARK  - Survival Rate Estimation with Capture-Recapture Data
   gfortran(dble) Vers. 9.0 Mar 2018     8-May-2019 14:46:08    Page  005
 - - - - - - - - - - - - - - - - - - - - - - - - - - - - - - - - - - - - - -
 
 S Vector { Phi(~1)p(~time)f(~time) }:
   96.39874      35.54375      22.78848      13.49913      13.08060    
   12.59671      12.29793      12.10646      8.348280      7.422512    
   2.984726      1.982980     0.6129880     0.2678103     0.3926774E-05
  0.1329850E-07 0.6897396E-08 0.5939232E-08 0.3760764E-08 0.3175021E-08
 Time to compute number of parameters was 0.70 seconds.     
 Ratio Threshold = 50.000000       Max Gap (14/15) = 68201.096       Next Max Gap (15/16) = 295.27945     
 Gap Method for Num. of Estimated Parameters { Phi(~1)p(~time)f(~time) } = 14          
 Threshold { Phi(~1)p(~time)f(~time) } = 0.0049204                     
 Numerical Threshold Method for Num. of Estimated Parameters { Phi(~1)p(~time)f(~time) } = 14          
 Number of Estimated Parameters { Phi(~1)p(~time)f(~time) } = 14          
 DEVIANCE { Phi(~1)p(~time)f(~time) } = 344.91239                     
 DEVIANCE Degrees of Freedom { Phi(~1)p(~time)f(~time) } = 43            
 c-hat { Phi(~1)p(~time)f(~time) } = 8.0212183                     
 AIC { Phi(~1)p(~time)f(~time) } = 889.58294                  
 AICc { Phi(~1)p(~time)f(~time) } = 890.89544                    
 BIC { Phi(~1)p(~time)f(~time) } = 942.98076                    
 Pearson Chisquare { Phi(~1)p(~time)f(~time) } = 3423.7799                  
 Possible Encounter Histories { Phi(~1)p(~time)f(~time) } = 1023             
 Pearson Chisquare df { Phi(~1)p(~time)f(~time) } = 1008        
 Pearson chat { Phi(~1)p(~time)f(~time) } = 3.3966071                  
 Sum(Observed/Expected) { Phi(~1)p(~time)f(~time) } = 3342.8665                  
 Fletcher chat { Phi(~1)p(~time)f(~time) } = 1.0394459                  


                 PARM-SPECIFIC Link Function Parameters of { Phi(~1)p(~time)f(~time) }
                                                              95% Confidence Interval
 Parameter                    Beta         Standard Error      Lower           Upper
 -------------------------  --------------  --------------  --------------  --------------
    1:Phi:(Intercept)        3.1614106       0.2042738       2.7610340       3.5617872    
    2:p:(Intercept)          9.8908446       168.29701      -319.97131       339.75300    
    3:p:time3.565           -8.6587520       168.29756      -338.52198       321.20448    
    4:p:time4.88            -9.8619524       168.29720      -339.72446       320.00056    
    5:p:time6.305           -9.6135978       168.29721      -339.47614       320.24895    
    6:p:time7.555           -9.7549984       168.29719      -339.61749       320.10749    
    7:p:time9.12            -9.4049581       168.29723      -339.26753       320.45762    
    8:p:time10.22           -9.5706539       168.29724      -339.43324       320.29194    
    9:p:time12.11           -9.4663037       168.29721      -339.32885       320.39624    
   10:p:time13.175          -8.4194591       168.29742      -338.28241       321.44349    
   11:p:time14.155           71.361763       0.0000000       71.361763       71.361763    
   12:f:(Intercept)         -1.5179169       0.2837126      -2.0739936      -0.9618401    
   13:f:time3.565           -1.3171708       1.2335057      -3.7348420       1.1005005    
   14:f:time4.88            -16.447927       12363.494      -24248.898       24216.002    
   15:f:time6.305           -0.9696413       0.6985275      -2.3387553       0.3994727    
   16:f:time7.555           -22.271019       13634.581      -26746.051       26701.509    
   17:f:time9.12            -0.6083256       0.6912919      -1.9632577       0.7466065    
   18:f:time10.22           -2.6451554       1.8995582      -6.3682896       1.0779787    
   19:f:time12.11           -25.287102       11068.655      -21719.851       21669.277    
   20:f:time13.175          -21.971924       0.0000000      -21.971924      -21.971924    


                 Real Function Parameters of { Phi(~1)p(~time)f(~time) }
                                                               95% Confidence Interval
  Parameter                  Estimate       Standard Error      Lower           Upper
 --------------------------  --------------  --------------  --------------  --------------
     1:Phi g1 a0 t1           0.9593560       0.0079651       0.9405335       0.9723956                          
     2:p g1 a0 t1             0.9999494       0.0085211      0.1092009E-138   1.0000000                          
     3:p g1 a2.565 t3.565     0.7741846       0.0750959       0.5963227       0.8883522                          
     4:p g1 a3.88 t4.88       0.5072225       0.0703650       0.3721780       0.6412213                          
     5:p g1 a5.305 t6.305     0.5688711       0.0701537       0.4296216       0.6980204                          
     6:p g1 a6.555 t7.555     0.5339094       0.0680576       0.4012664       0.6619248                          
     7:p g1 a8.12 t9.12       0.6191369       0.0688877       0.4783382       0.7423989                          
     8:p g1 a9.220000000000   0.5793707       0.0731349       0.4333959       0.7126707                          

  Program  MARK  - Survival Rate Estimation with Capture-Recapture Data
   gfortran(dble) Vers. 9.0 Mar 2018     8-May-2019 14:46:08    Page  006
 - - - - - - - - - - - - - - - - - - - - - - - - - - - - - - - - - - - - - -
 
     9:p g1 a11.11 t12.11     0.6045693       0.0680446       0.4667169       0.7275864                          
    10:p g1 a12.175 t13.175   0.8132679       0.0557910       0.6794679       0.8994785                          
    11:p g1 a13.155 t14.155   1.0000000       0.0000000       1.0000000       1.0000000                          
    12:f g1 a0 t1             0.2191680       0.0621807       0.1210333       0.3639265                          
    13:f g1 a2.565 t3.565     0.0587134       0.0646026       0.0062700       0.3814343                          
    14:f g1 a3.88 t4.88       0.1575917E-07   0.1948384E-03  0.8766329E-316   1.0000000                          
    15:f g1 a5.305 t6.305     0.0831127       0.0528911       0.0227283       0.2610684                          
    16:f g1 a6.555 t7.555     0.4662257E-10   0.6356793E-06  -0.1245885E-05   0.1245978E-05                      
    17:f g1 a8.12 t9.12       0.1192847       0.0750074       0.0323387       0.3543833                          
    18:f g1 a9.220000000000   0.0155597       0.0292225       0.3755916E-03   0.3993563                          
    19:f g1 a11.11 t12.11     0.2284170E-11   0.2528269E-07  -0.4955178E-07   0.4955635E-07                      
    20:f g1 a12.175 t13.175   0.6287702E-10   0.0000000       0.6287702E-10   0.6287702E-10                      


                      Estimates of Derived Parameters
           Lambda Estimates of { Phi(~1)p(~time)f(~time) }
                                                95% Confidence Interval
 Grp. Occ.   Lambda-hat      Standard Error      Lower           Upper
 ---- ----   --------------  --------------  --------------  --------------
   1     1    1.5239932       0.2070062       1.1692007       1.9864472    
   1     2    1.0238286       0.0857372       0.8690991       1.2061051    
   1     3    0.9425865       0.0111551       0.9209748       0.9647053    
   1     4    1.0533647       0.0668562       0.9302657       1.1927529    
   1     5    0.9371268       0.0121765       0.9135632       0.9612982    
   1     6    1.0868371       0.0828638       0.9361793       1.2617400    
   1     7    0.9531203       0.0551762       0.8509653       1.0675386    
   1     8    0.9567720       0.0084600       0.9403337       0.9734977    
   1     9    0.9601524       0.0078122       0.9449621       0.9755869    
           log(Lambda) Estimates of { Phi(~1)p(~time)f(~time) }
                                                95% Confidence Interval
 Grp. Occ.   log(Lambda-hat) Standard Error      Lower           Upper
 ---- ----   --------------  --------------  --------------  --------------
   1     1    0.4213340       0.1358314       0.1551044       0.6875636    
   1     2    0.0235491       0.0837418      -0.1405847       0.1876829    
   1     3   -0.0591276       0.0118346      -0.0823234      -0.0359318    
   1     4    0.0519895       0.0634691      -0.0724100       0.1763890    
   1     5   -0.0649367       0.0129934      -0.0904038      -0.0394695    
   1     6    0.0832718       0.0762431      -0.0661647       0.2327082    
   1     7   -0.0480141       0.0578901      -0.1614788       0.0654505    
   1     8   -0.0441901       0.0088422      -0.0615208      -0.0268594    
   1     9   -0.0406632       0.0081365      -0.0566107      -0.0247157    

 Attempted ordering of parameters by estimatibility:
   2 12  1  6  4  5  8  9  7  3 17 15 13 18 10 14 19 20 16 11
 Beta number 11 is a singular value.

   CPU Time for the last procedure was 4.38 seconds.     

  Program  MARK  - Survival Rate Estimation with Capture-Recapture Data
   gfortran(dble) Vers. 9.0 Mar 2018     8-May-2019 14:46:08    Page  007
 - - - - - - - - - - - - - - - - - - - - - - - - - - - - - - - - - - - - - -
 


  INPUT --- proc stop;

     CPU Time in minutes for this job was 0.07

     Time Start = 14:46:08.035   Time End = 14:46:08.739

     Wall Clock Time in minutes for this job was 0.01


          E X E C U T I O N   S U C C E S S F U L 
