
   Program  MARK  - Survival Rate Estimation with Capture-Recapture Data
   gfortran(dble) Vers. 9.0 Mar 2018     3-Oct-2019 17:59:43    Page  001
 - - - - - - - - - - - - - - - - - - - - - - - - - - - - - - - - - - - - - -
 
   This version was compiled by GCC version 7.2.0 using the options: 
     -cpp -iprefix C:/Program Files/mingw-w64/x86_64-7.2.0-posix-seh-rt_v5-rev1/
     mingw64/bin/../lib/gcc/x86_64-w64-mingw32/7.2.0/ -D_MT -D_REENTRANT
     -U_REENTRANT -D IEEE -D DBLEPRECISION -m64 -mtune=core2 -march=nocona -mthreads
     -O2 -fimplicit-none -fbounds-check -funroll-loops -ftree-vectorize
     -ffpe-summary=invalid,zero,overflow,underflow -fno-unsafe-math-optimizations
     -frounding-math -fsignaling-nans -fopenmp.

   This problem will use 11 of 12 possible threads.


  INPUT --- proc title ;

   CPU Time for the last procedure was 0.01 seconds.     


  INPUT --- proc chmatrix occasions= 10 groups= 1 etype= PradRec Nodes= 
  INPUT --- 101 ICMeans NoHist hist=  27 ;

  INPUT ---    time interval 1.363074 1.882837 1.208284 1.513133 1.882774 
  INPUT ---    1.449674 1.252342 1.234681  1.375626 ;

  INPUT ---    glabel(1)=Group 1;

      Number of unique encounter histories read was 27.

      Number of individual covariates read was 0.
      Time interval lengths vary and/or not equal to 1.

      Data type number is 17
      Data type is Pradel Survival and Recruitment                                                                     

   CPU Time for the last procedure was 0.01 seconds.     

  Program  MARK  - Survival Rate Estimation with Capture-Recapture Data
   gfortran(dble) Vers. 9.0 Mar 2018     3-Oct-2019 17:59:43    Page  002
 - - - - - - - - - - - - - - - - - - - - - - - - - - - - - - - - - - - - - -
 


  INPUT --- proc estimate link=Parm-Specific NOLOOP varest=2ndPart    ;


  INPUT --- model={ Phi(~time)p(~1)f(~time) };

  INPUT ---    group=1 Phi    rows=1 cols=9 Square ;
  INPUT ---        1 2 3 4 5 6 7 8 9 ;

  INPUT ---    group=1 p    rows=1 cols=10 Square ;
  INPUT ---        10 10 10 10 10 10 10 10 10 10 ;

  INPUT ---    group=1 f    rows=1 cols=9 Square ;
  INPUT ---        11 12 13 14 15 16 17 18 19 ;

  INPUT ---    design matrix constraints=19 covariates=19;
  INPUT ---        1 0 0 0 0 0 0 0 0 0 0 0 0 0 0 0 0 0 0;
  INPUT ---        1 1 0 0 0 0 0 0 0 0 0 0 0 0 0 0 0 0 0;
  INPUT ---        1 0 1 0 0 0 0 0 0 0 0 0 0 0 0 0 0 0 0;
  INPUT ---        1 0 0 1 0 0 0 0 0 0 0 0 0 0 0 0 0 0 0;
  INPUT ---        1 0 0 0 1 0 0 0 0 0 0 0 0 0 0 0 0 0 0;
  INPUT ---        1 0 0 0 0 1 0 0 0 0 0 0 0 0 0 0 0 0 0;
  INPUT ---        1 0 0 0 0 0 1 0 0 0 0 0 0 0 0 0 0 0 0;
  INPUT ---        1 0 0 0 0 0 0 1 0 0 0 0 0 0 0 0 0 0 0;
  INPUT ---        1 0 0 0 0 0 0 0 1 0 0 0 0 0 0 0 0 0 0;
  INPUT ---        0 0 0 0 0 0 0 0 0 1 0 0 0 0 0 0 0 0 0;
  INPUT ---        0 0 0 0 0 0 0 0 0 0 1 0 0 0 0 0 0 0 0;
  INPUT ---        0 0 0 0 0 0 0 0 0 0 1 1 0 0 0 0 0 0 0;
  INPUT ---        0 0 0 0 0 0 0 0 0 0 1 0 1 0 0 0 0 0 0;
  INPUT ---        0 0 0 0 0 0 0 0 0 0 1 0 0 1 0 0 0 0 0;
  INPUT ---        0 0 0 0 0 0 0 0 0 0 1 0 0 0 1 0 0 0 0;
  INPUT ---        0 0 0 0 0 0 0 0 0 0 1 0 0 0 0 1 0 0 0;
  INPUT ---        0 0 0 0 0 0 0 0 0 0 1 0 0 0 0 0 1 0 0;
  INPUT ---        0 0 0 0 0 0 0 0 0 0 1 0 0 0 0 0 0 1 0;
  INPUT ---        0 0 0 0 0 0 0 0 0 0 1 0 0 0 0 0 0 0 1;

  INPUT ---    links=19;

  INPUT ---    Logit;

  INPUT ---    Logit;

  INPUT ---    Logit;

  INPUT ---    Logit;

  Program  MARK  - Survival Rate Estimation with Capture-Recapture Data
   gfortran(dble) Vers. 9.0 Mar 2018     3-Oct-2019 17:59:43    Page  003
 - - - - - - - - - - - - - - - - - - - - - - - - - - - - - - - - - - - - - -
 

  INPUT ---    Logit;

  INPUT ---    Logit;

  INPUT ---    Logit;

  INPUT ---    Logit;

  INPUT ---    Logit;

  INPUT ---    Logit;

  INPUT ---    Log;

  INPUT ---    Log;

  INPUT ---    Log;

  INPUT ---    Log;

  INPUT ---    Log;

  INPUT ---    Log;

  INPUT ---    Log;

  INPUT ---    Log;

  INPUT ---    Log;
  INPUT ---       blabel(1)=Phi:(Intercept);
  INPUT ---       blabel(2)=Phi:time2.363074;
  INPUT ---       blabel(3)=Phi:time4.245911;
  INPUT ---       blabel(4)=Phi:time5.454195;
  INPUT ---       blabel(5)=Phi:time6.967328;
  INPUT ---       blabel(6)=Phi:time8.850102;
  INPUT ---       blabel(7)=Phi:time10.299776;
  INPUT ---       blabel(8)=Phi:time11.552118;
  INPUT ---       blabel(9)=Phi:time12.786799;
  INPUT ---       blabel(10)=p:(Intercept);
  INPUT ---       blabel(11)=f:(Intercept);
  INPUT ---       blabel(12)=f:time2.363074;
  INPUT ---       blabel(13)=f:time4.245911;
  INPUT ---       blabel(14)=f:time5.454195;
  INPUT ---       blabel(15)=f:time6.967328;
  INPUT ---       blabel(16)=f:time8.850102;

  Program  MARK  - Survival Rate Estimation with Capture-Recapture Data
   gfortran(dble) Vers. 9.0 Mar 2018     3-Oct-2019 17:59:43    Page  004
 - - - - - - - - - - - - - - - - - - - - - - - - - - - - - - - - - - - - - -
 
  INPUT ---       blabel(17)=f:time10.299776;
  INPUT ---       blabel(18)=f:time11.552118;
  INPUT ---       blabel(19)=f:time12.786799;
  INPUT ---       rlabel(1)=Phi g1 a0 t1;
  INPUT ---       rlabel(2)=Phi g1 a1.363074 t2.363074;
  INPUT ---       rlabel(3)=Phi g1 a3.245911 t4.245911;
  INPUT ---       rlabel(4)=Phi g1 a4.454195 t5.454195;
  INPUT ---       rlabel(5)=Phi g1 a5.967328 t6.967328;
  INPUT ---       rlabel(6)=Phi g1 a7.850102 t8.850102;
  INPUT ---       rlabel(7)=Phi g1 a9.299776 t10.299776;
  INPUT ---       rlabel(8)=Phi g1 a10.552118 t11.552118;
  INPUT ---       rlabel(9)=Phi g1 a11.786799 t12.786799;
  INPUT ---       rlabel(10)=p g1 a0 t1;
  INPUT ---       rlabel(11)=f g1 a0 t1;
  INPUT ---       rlabel(12)=f g1 a1.363074 t2.363074;
  INPUT ---       rlabel(13)=f g1 a3.245911 t4.245911;
  INPUT ---       rlabel(14)=f g1 a4.454195 t5.454195;
  INPUT ---       rlabel(15)=f g1 a5.967328 t6.967328;
  INPUT ---       rlabel(16)=f g1 a7.850102 t8.850102;
  INPUT ---       rlabel(17)=f g1 a9.299776 t10.299776;
  INPUT ---       rlabel(18)=f g1 a10.552118 t11.552118;
  INPUT ---       rlabel(19)=f g1 a11.786799 t12.786799;

 Link Function Used is PARM-SPECIFIC

 Variance Estimation Procedure Used is 2ndPart 
 -2logL(saturated) = 189.75798     
 Effective Sample Size = 113

 Number of function evaluations was 80 for 19 parameters.
 Time for numerical optimization was 0.86 seconds.     
 -2logL { Phi(~time)p(~1)f(~time) } = 344.50660     
 Penalty { Phi(~time)p(~1)f(~time) } = 0.0000000     
 Gradient { Phi(~time)p(~1)f(~time) }:
 -0.1205396E-05 -0.5858919E-05 -0.1300255E-05   0.000000     -0.3588805E-05
  0.6855539E-05  0.4152411E-05 -0.2077799E-05 -0.5280586E-05 -0.1725891E-04
 -0.3302053E-05 -0.4825301E-06 -0.3636984E-05 -0.1152622E-04  0.1173722E-04
  0.2742855E-06   0.000000     -0.4971285E-05  0.5944558E-05
 Maximum ABS(G) { Phi(~time)p(~1)f(~time) } = 0.1725891E-04 
 S Vector { Phi(~time)p(~1)f(~time) }:
   35.02715      14.57319      8.071524      2.466834      1.083003    
  0.6710007     0.6140951     0.4195023     0.2652435     0.9144311E-01
  0.4121110E-03 0.3952430E-05 0.3257339E-05 0.8047756E-06 0.3130213E-06
  0.2111180E-06 0.1277292E-06 0.3741404E-07 0.4831898E-08
 Time to compute number of parameters was 0.58 seconds.     
 Ratio Threshold = 50.000000       Max Gap (10/11) = 221.88953       Next Max Gap (11/12) = 104.26776     
 Gap Method for Num. of Estimated Parameters { Phi(~time)p(~1)f(~time) } = 10          
 Threshold { Phi(~time)p(~1)f(~time) } = 0.3451782E-04                 
 Numerical Threshold Method for Num. of Estimated Parameters { Phi(~time)p(~1)f(~time) } = 11          
 Number of Estimated Parameters { Phi(~time)p(~1)f(~time) } = 11          

   * *  WARNING  * *   Number of parameters estimated from gap method (=10) and threshold method (=11) differ.  Inspect full output.                                                                                                                                                                                                                                                                                                                                                                                                                    

  Program  MARK  - Survival Rate Estimation with Capture-Recapture Data
   gfortran(dble) Vers. 9.0 Mar 2018     3-Oct-2019 17:59:43    Page  005
 - - - - - - - - - - - - - - - - - - - - - - - - - - - - - - - - - - - - - -
 
 Ratios of S Vector { Phi(~time)p(~1)f(~time) }:
   1/2    2.403533       2/3    1.805507       3/4    3.272018       4/5    2.277772       5/6    1.614012    
   6/7    1.092666       7/8    1.463866       8/9    1.581574       9/10    2.900640       10/11    221.8895    
   11/12    104.2678       12/13    1.213392       13/14    4.047512       14/15    2.570993       15/16    1.482685    
   16/17    1.652856       17/18    3.413937       18/19    7.743136    
 DEVIANCE { Phi(~time)p(~1)f(~time) } = 154.74862                     
 DEVIANCE Degrees of Freedom { Phi(~time)p(~1)f(~time) } = 16            
 c-hat { Phi(~time)p(~1)f(~time) } = 9.6717885                     
 AIC { Phi(~time)p(~1)f(~time) } = 366.50660                  
 AICc { Phi(~time)p(~1)f(~time) } = 369.12046                    
 BIC { Phi(~time)p(~1)f(~time) } = 396.50786                    
 Pearson Chisquare { Phi(~time)p(~1)f(~time) } = 1006.6463                  
 Possible Encounter Histories { Phi(~time)p(~1)f(~time) } = 1023             
 Pearson Chisquare df { Phi(~time)p(~1)f(~time) } = 1011        
 Pearson chat { Phi(~time)p(~1)f(~time) } = 0.9956937                  
 Sum(Observed/Expected) { Phi(~time)p(~1)f(~time) } = 1031.9219                  
 Fletcher chat { Phi(~time)p(~1)f(~time) } = 0.9870850                  


                 PARM-SPECIFIC Link Function Parameters of { Phi(~time)p(~1)f(~time) }
                                                              95% Confidence Interval
 Parameter                    Beta         Standard Error      Lower           Upper
 -------------------------  --------------  --------------  --------------  --------------
    1:Phi:(Intercept)        17.988106       0.0000000       17.988106       17.988106    
    2:Phi:time2.363074      -14.626216       0.0000000      -14.626216      -14.626216    
    3:Phi:time4.245911       1.9338074       2103.1905      -4120.3197       4124.1873    
    4:Phi:time5.454195       2.0344236       2654.8031      -5201.3798       5205.4486    
    5:Phi:time6.967328      -0.0629437       528.84035      -1036.5901       1036.4642    
    6:Phi:time8.850102      -16.249646       0.0000000      -16.249646      -16.249646    
    7:Phi:time10.299776     -15.536066       0.0000000      -15.536066      -15.536066    
    8:Phi:time11.552118     -4.5077957       1135.5217      -2230.1303       2221.1147    
    9:Phi:time12.786799     -15.615209       0.0000000      -15.615209      -15.615209    
   10:p:(Intercept)          0.3261663       0.1876743      -0.0416754       0.6940080    
   11:f:(Intercept)         -4.7762511       19.995906      -43.968228       34.415726    
   12:f:time2.363074        -14.811232       5510.5635      -10815.516       10785.893    
   13:f:time4.245911         1.0977257       20.980315      -40.023693       42.219145    
   14:f:time5.454195         3.3024552       20.018520      -35.933845       42.538755    
   15:f:time6.967328         1.6000686       19.998493      -37.596979       40.797116    
   16:f:time8.850102        -12.907762       2793.8973      -5488.9466       5463.1310    
   17:f:time10.299776       -16.896066       14132.094      -27715.802       27682.010    
   18:f:time11.552118        2.8367317       20.019186      -36.400873       42.074337    
   19:f:time12.786799        2.2085624       20.018358      -37.027419       41.444544    


                 Real Function Parameters of { Phi(~time)p(~1)f(~time) }
                                                               95% Confidence Interval
  Parameter                  Estimate       Standard Error      Lower           Upper
 --------------------------  --------------  --------------  --------------  --------------
     1:Phi g1 a0 t1           1.0000000       0.0000000       1.0000000       1.0000000                          
     2:Phi g1 a1.363074 t2.   0.9664920       0.0371458       0.7528312       0.9963523                          
     3:Phi g1 a3.245911 t4.   1.0000000       0.4673730E-05   0.9999908       1.0000092                          
     4:Phi g1 a4.454195 t5.   1.0000000       0.5326229E-05   0.9999896       1.0000104                          
     5:Phi g1 a5.967328 t6.   1.0000000       0.7665365E-05  0.3389092E-300   1.0000000                          
     6:Phi g1 a7.850102 t8.   0.8504913       0.0796574       0.6249491       0.9510287                          
     7:Phi g1 a9.299776 t10   0.9207105       0.0983328       0.4531304       0.9938925                          
     8:Phi g1 a10.552118 t1   0.9999986       0.0016306      0.3978401E-302   1.0000000                          
     9:Phi g1 a11.786799 t1   0.9147370       0.1584248       0.1668134       0.9982635                          
    10:p g1 a0 t1             0.5808263       0.0456925       0.4895826       0.6668579                          

  Program  MARK  - Survival Rate Estimation with Capture-Recapture Data
   gfortran(dble) Vers. 9.0 Mar 2018     3-Oct-2019 17:59:43    Page  006
 - - - - - - - - - - - - - - - - - - - - - - - - - - - - - - - - - - - - - -
 
    11:f g1 a0 t1             0.0084275       0.1685162       0.5805686E-19   1.0000000                          
    12:f g1 a1.363074 t2.36   0.3113610E-08   0.1715759E-04  -0.3362577E-04   0.3363199E-04                      
    13:f g1 a3.245911 t4.24   0.0252602       0.0924873       0.1644905E-04   0.9760920                          
    14:f g1 a4.454195 t5.45   0.2290544       0.1405799       0.0587460       0.5858108                          
    15:f g1 a5.967328 t6.96   0.0417447       0.0663610       0.0016837       0.5294599                          
    16:f g1 a7.850102 t8.85   0.2088962E-07   0.5836292E-04  0.1162024E-315   1.0000000                          
    17:f g1 a9.299776 t10.2   0.3871080E-09   0.5470643E-05  -0.1072207E-04   0.1072285E-04                      
    18:f g1 a10.552118 t11.   0.1437730       0.1147031       0.0263247       0.5104909                          
    19:f g1 a11.786799 t12.   0.0767126       0.0964051       0.0057336       0.5448591                          


                      Estimates of Derived Parameters
           Lambda Estimates of { Phi(~time)p(~1)f(~time) }
                                                95% Confidence Interval
 Grp. Occ.   Lambda-hat      Standard Error      Lower           Upper
 ---- ----   --------------  --------------  --------------  --------------
   1     1    1.0115049       0.2304017       0.6509138       1.5718551    
   1     2    0.9378443       0.0678675       0.8139776       1.0805604    
   1     3    1.0306013       0.1123328       0.8328831       1.2752557    
   1     4    1.3662588       0.2364628       0.9756539       1.9132432    
   1     5    1.0800417       0.1295362       0.8545019       1.3651111    
   1     6    0.7907592       0.1073673       0.6067301       1.0306066    
   1     7    0.9017161       0.1206073       0.6945783       1.1706267    
   1     8    1.1804034       0.1461727       0.9268780       1.5032747    
   1     9    0.9882568       0.2369761       0.6217287       1.5708646    
           log(Lambda) Estimates of { Phi(~time)p(~1)f(~time) }
                                                95% Confidence Interval
 Grp. Occ.   log(Lambda-hat) Standard Error      Lower           Upper
 ---- ----   --------------  --------------  --------------  --------------
   1     1    0.0114392       0.2277811      -0.4350118       0.4578902    
   1     2   -0.0641713       0.0723654      -0.2060076       0.0776650    
   1     3    0.0301424       0.1089973      -0.1834924       0.2437772    
   1     4    0.3120762       0.1730732      -0.0271472       0.6512997    
   1     5    0.0769996       0.1199363      -0.1580755       0.3120747    
   1     6   -0.2347618       0.1357775      -0.5008856       0.0313620    
   1     7   -0.1034556       0.1337531      -0.3656116       0.1587005    
   1     8    0.1658563       0.1238329      -0.0768562       0.4085687    
   1     9   -0.0118127       0.2397920      -0.4818050       0.4581797    

 Attempted ordering of parameters by estimatibility:
  10 11  1 14  6 18  2 19  9 15 13  7  5  8  3  4 16 12 17
 Beta number 17 is a singular value.

   CPU Time for the last procedure was 1.44 seconds.     

  Program  MARK  - Survival Rate Estimation with Capture-Recapture Data
   gfortran(dble) Vers. 9.0 Mar 2018     3-Oct-2019 17:59:43    Page  007
 - - - - - - - - - - - - - - - - - - - - - - - - - - - - - - - - - - - - - -
 


  INPUT --- proc stop;

     CPU Time in minutes for this job was 0.02

     Time Start = 17:59:43.253   Time End = 17:59:43.618

     Wall Clock Time in minutes for this job was 0.01


          E X E C U T I O N   S U C C E S S F U L 
