
   Program  MARK  - Survival Rate Estimation with Capture-Recapture Data
   gfortran(dble) Vers. 9.0 Mar 2018     3-Oct-2019 17:55:16    Page  001
 - - - - - - - - - - - - - - - - - - - - - - - - - - - - - - - - - - - - - -
 
   This version was compiled by GCC version 7.2.0 using the options: 
     -cpp -iprefix C:/Program Files/mingw-w64/x86_64-7.2.0-posix-seh-rt_v5-rev1/
     mingw64/bin/../lib/gcc/x86_64-w64-mingw32/7.2.0/ -D_MT -D_REENTRANT
     -U_REENTRANT -D IEEE -D DBLEPRECISION -m64 -mtune=core2 -march=nocona -mthreads
     -O2 -fimplicit-none -fbounds-check -funroll-loops -ftree-vectorize
     -ffpe-summary=invalid,zero,overflow,underflow -fno-unsafe-math-optimizations
     -frounding-math -fsignaling-nans -fopenmp.

   This problem will use 11 of 12 possible threads.


  INPUT --- proc title ;

   CPU Time for the last procedure was 0.01 seconds.     


  INPUT --- proc chmatrix occasions= 10 groups= 1 etype= PradRec Nodes= 
  INPUT --- 101 ICMeans NoHist hist=  56 ;

  INPUT ---    time interval 2.565 1.315 1.425 1.25 1.565 1.1 1.89 1.065 
  INPUT ---    0.98 ;

  INPUT ---    glabel(1)=Group 1;

      Number of unique encounter histories read was 56.

      Number of individual covariates read was 0.
      Time interval lengths vary and/or not equal to 1.

      Data type number is 17
      Data type is Pradel Survival and Recruitment                                                                     

   CPU Time for the last procedure was 0.01 seconds.     

  Program  MARK  - Survival Rate Estimation with Capture-Recapture Data
   gfortran(dble) Vers. 9.0 Mar 2018     3-Oct-2019 17:55:16    Page  002
 - - - - - - - - - - - - - - - - - - - - - - - - - - - - - - - - - - - - - -
 


  INPUT --- proc estimate link=Parm-Specific NOLOOP varest=2ndPart    ;


  INPUT --- model={ Phi(~time)p(~samplesize)f(~time) };

  INPUT ---    group=1 Phi    rows=1 cols=9 Square ;
  INPUT ---        1 2 3 4 5 6 7 8 9 ;

  INPUT ---    group=1 p    rows=1 cols=10 Square ;
  INPUT ---        10 11 12 13 14 15 15 16 17 18 ;

  INPUT ---    group=1 f    rows=1 cols=9 Square ;
  INPUT ---        19 20 21 22 23 24 25 26 27 ;

  INPUT ---    design matrix constraints=27 covariates=20;
  INPUT ---        1 0 0 0 0 0 0 0 0 0 0 0 0 0 0 0 0 0 0 0;
  INPUT ---        1 1 0 0 0 0 0 0 0 0 0 0 0 0 0 0 0 0 0 0;
  INPUT ---        1 0 1 0 0 0 0 0 0 0 0 0 0 0 0 0 0 0 0 0;
  INPUT ---        1 0 0 1 0 0 0 0 0 0 0 0 0 0 0 0 0 0 0 0;
  INPUT ---        1 0 0 0 1 0 0 0 0 0 0 0 0 0 0 0 0 0 0 0;
  INPUT ---        1 0 0 0 0 1 0 0 0 0 0 0 0 0 0 0 0 0 0 0;
  INPUT ---        1 0 0 0 0 0 1 0 0 0 0 0 0 0 0 0 0 0 0 0;
  INPUT ---        1 0 0 0 0 0 0 1 0 0 0 0 0 0 0 0 0 0 0 0;
  INPUT ---        1 0 0 0 0 0 0 0 1 0 0 0 0 0 0 0 0 0 0 0;
  INPUT ---        0 0 0 0 0 0 0 0 0 1 62 0 0 0 0 0 0 0 0 0;
  INPUT ---        0 0 0 0 0 0 0 0 0 1 122 0 0 0 0 0 0 0 0 0;
  INPUT ---        0 0 0 0 0 0 0 0 0 1 59 0 0 0 0 0 0 0 0 0;
  INPUT ---        0 0 0 0 0 0 0 0 0 1 78 0 0 0 0 0 0 0 0 0;
  INPUT ---        0 0 0 0 0 0 0 0 0 1 70 0 0 0 0 0 0 0 0 0;
  INPUT ---        0 0 0 0 0 0 0 0 0 1 68 0 0 0 0 0 0 0 0 0;
  INPUT ---        0 0 0 0 0 0 0 0 0 1 67 0 0 0 0 0 0 0 0 0;
  INPUT ---        0 0 0 0 0 0 0 0 0 1 96 0 0 0 0 0 0 0 0 0;
  INPUT ---        0 0 0 0 0 0 0 0 0 1 87 0 0 0 0 0 0 0 0 0;
  INPUT ---        0 0 0 0 0 0 0 0 0 0 0 1 0 0 0 0 0 0 0 0;
  INPUT ---        0 0 0 0 0 0 0 0 0 0 0 1 1 0 0 0 0 0 0 0;
  INPUT ---        0 0 0 0 0 0 0 0 0 0 0 1 0 1 0 0 0 0 0 0;
  INPUT ---        0 0 0 0 0 0 0 0 0 0 0 1 0 0 1 0 0 0 0 0;
  INPUT ---        0 0 0 0 0 0 0 0 0 0 0 1 0 0 0 1 0 0 0 0;
  INPUT ---        0 0 0 0 0 0 0 0 0 0 0 1 0 0 0 0 1 0 0 0;
  INPUT ---        0 0 0 0 0 0 0 0 0 0 0 1 0 0 0 0 0 1 0 0;
  INPUT ---        0 0 0 0 0 0 0 0 0 0 0 1 0 0 0 0 0 0 1 0;
  INPUT ---        0 0 0 0 0 0 0 0 0 0 0 1 0 0 0 0 0 0 0 1;

  INPUT ---    links=27;

  Program  MARK  - Survival Rate Estimation with Capture-Recapture Data
   gfortran(dble) Vers. 9.0 Mar 2018     3-Oct-2019 17:55:16    Page  003
 - - - - - - - - - - - - - - - - - - - - - - - - - - - - - - - - - - - - - -
 

  INPUT ---    Logit;

  INPUT ---    Logit;

  INPUT ---    Logit;

  INPUT ---    Logit;

  INPUT ---    Logit;

  INPUT ---    Logit;

  INPUT ---    Logit;

  INPUT ---    Logit;

  INPUT ---    Logit;

  INPUT ---    Logit;

  INPUT ---    Logit;

  INPUT ---    Logit;

  INPUT ---    Logit;

  INPUT ---    Logit;

  INPUT ---    Logit;

  INPUT ---    Logit;

  INPUT ---    Logit;

  INPUT ---    Logit;

  INPUT ---    Log;

  INPUT ---    Log;

  INPUT ---    Log;

  INPUT ---    Log;

  INPUT ---    Log;

  Program  MARK  - Survival Rate Estimation with Capture-Recapture Data
   gfortran(dble) Vers. 9.0 Mar 2018     3-Oct-2019 17:55:16    Page  004
 - - - - - - - - - - - - - - - - - - - - - - - - - - - - - - - - - - - - - -
 

  INPUT ---    Log;

  INPUT ---    Log;

  INPUT ---    Log;

  INPUT ---    Log;
  INPUT ---       blabel(1)=Phi:(Intercept);
  INPUT ---       blabel(2)=Phi:time3.565;
  INPUT ---       blabel(3)=Phi:time4.88;
  INPUT ---       blabel(4)=Phi:time6.305;
  INPUT ---       blabel(5)=Phi:time7.555;
  INPUT ---       blabel(6)=Phi:time9.12;
  INPUT ---       blabel(7)=Phi:time10.22;
  INPUT ---       blabel(8)=Phi:time12.11;
  INPUT ---       blabel(9)=Phi:time13.175;
  INPUT ---       blabel(10)=p:(Intercept);
  INPUT ---       blabel(11)=p:samplesize;
  INPUT ---       blabel(12)=f:(Intercept);
  INPUT ---       blabel(13)=f:time3.565;
  INPUT ---       blabel(14)=f:time4.88;
  INPUT ---       blabel(15)=f:time6.305;
  INPUT ---       blabel(16)=f:time7.555;
  INPUT ---       blabel(17)=f:time9.12;
  INPUT ---       blabel(18)=f:time10.22;
  INPUT ---       blabel(19)=f:time12.11;
  INPUT ---       blabel(20)=f:time13.175;
  INPUT ---       rlabel(1)=Phi g1 a0 t1;
  INPUT ---       rlabel(2)=Phi g1 a2.565 t3.565;
  INPUT ---       rlabel(3)=Phi g1 a3.88 t4.88;
  INPUT ---       rlabel(4)=Phi g1 a5.305 t6.305;
  INPUT ---       rlabel(5)=Phi g1 a6.555 t7.555;
  INPUT ---       rlabel(6)=Phi g1 a8.12 t9.12;
  INPUT ---       rlabel(7)=Phi g1 a9.22000000000001 t10.22;
  INPUT ---       rlabel(8)=Phi g1 a11.11 t12.11;
  INPUT ---       rlabel(9)=Phi g1 a12.175 t13.175;
  INPUT ---       rlabel(10)=p g1 a0 t1;
  INPUT ---       rlabel(11)=p g1 a2.565 t3.565;
  INPUT ---       rlabel(12)=p g1 a3.88 t4.88;
  INPUT ---       rlabel(13)=p g1 a5.305 t6.305;
  INPUT ---       rlabel(14)=p g1 a6.555 t7.555;
  INPUT ---       rlabel(15)=p g1 a8.12 t9.12;
  INPUT ---       rlabel(16)=p g1 a11.11 t12.11;
  INPUT ---       rlabel(17)=p g1 a12.175 t13.175;
  INPUT ---       rlabel(18)=p g1 a13.155 t14.155;

  Program  MARK  - Survival Rate Estimation with Capture-Recapture Data
   gfortran(dble) Vers. 9.0 Mar 2018     3-Oct-2019 17:55:16    Page  005
 - - - - - - - - - - - - - - - - - - - - - - - - - - - - - - - - - - - - - -
 
  INPUT ---       rlabel(19)=f g1 a0 t1;
  INPUT ---       rlabel(20)=f g1 a2.565 t3.565;
  INPUT ---       rlabel(21)=f g1 a3.88 t4.88;
  INPUT ---       rlabel(22)=f g1 a5.305 t6.305;
  INPUT ---       rlabel(23)=f g1 a6.555 t7.555;
  INPUT ---       rlabel(24)=f g1 a8.12 t9.12;
  INPUT ---       rlabel(25)=f g1 a9.22000000000001 t10.22;
  INPUT ---       rlabel(26)=f g1 a11.11 t12.11;
  INPUT ---       rlabel(27)=f g1 a12.175 t13.175;

 Link Function Used is PARM-SPECIFIC

 Variance Estimation Procedure Used is 2ndPart 
 -2logL(saturated) = 506.33724     
 Effective Sample Size = 331

 Number of function evaluations was 97 for 20 parameters.
 Time for numerical optimization was 3.39 seconds.     
 -2logL { Phi(~time)p(~samplesize)f(~time) } = 816.75407     
 Penalty { Phi(~time)p(~samplesize)f(~time) } = 0.0000000     
 Gradient { Phi(~time)p(~samplesize)f(~time) }:
 -0.1303605E-04  0.3874513E-05  0.2651123E-05  0.2186130E-05 -0.3479863E-05
 -0.1522638E-04  0.6144442E-05  0.4199023E-05  0.1750184E-05 -0.1142491E-04
   0.000000      0.2814985E-05 -0.3698944E-05  0.1649581E-05  0.7603255E-05
  0.5399945E-05  0.6414564E-05 -0.1027350E-04  0.3103594E-05  0.3147039E-06
 Maximum ABS(G) { Phi(~time)p(~samplesize)f(~time) } = 0.1522638E-04 
 S Vector { Phi(~time)p(~samplesize)f(~time) }:
   142.0645      16.06220      13.52264      2.617853      1.607061    
  0.8347342     0.6812669     0.6275027     0.1483872     0.4244401E-01
  0.8329593E-05 0.2880050E-05 0.1241080E-05 0.1159591E-05 0.9433643E-06
  0.5109942E-06 0.3747906E-06 0.2881625E-06 0.1534739E-06 0.3052133E-08
 Time to compute number of parameters was 1.14 seconds.     
 Ratio Threshold = 50.000000       Max Gap (10/11) = 5095.5682       Next Max Gap (19/20) = 50.284126     
 Gap Method for Num. of Estimated Parameters { Phi(~time)p(~samplesize)f(~time) } = 10          
 Threshold { Phi(~time)p(~samplesize)f(~time) } = 0.3045277E-04                 
 Numerical Threshold Method for Num. of Estimated Parameters { Phi(~time)p(~samplesize)f(~time) } = 10          
 Number of Estimated Parameters { Phi(~time)p(~samplesize)f(~time) } = 10          
 DEVIANCE { Phi(~time)p(~samplesize)f(~time) } = 310.41683                     
 DEVIANCE Degrees of Freedom { Phi(~time)p(~samplesize)f(~time) } = 46            
 c-hat { Phi(~time)p(~samplesize)f(~time) } = 6.7481919                     
 AIC { Phi(~time)p(~samplesize)f(~time) } = 836.75407                  
 AICc { Phi(~time)p(~samplesize)f(~time) } = 837.44157                    
 BIC { Phi(~time)p(~samplesize)f(~time) } = 874.77525                    
 Pearson Chisquare { Phi(~time)p(~samplesize)f(~time) } = 1221.8256                  
 Possible Encounter Histories { Phi(~time)p(~samplesize)f(~time) } = 1023             
 Pearson Chisquare df { Phi(~time)p(~samplesize)f(~time) } = 1012        
 Pearson chat { Phi(~time)p(~samplesize)f(~time) } = 1.2073375                  
 Sum(Observed/Expected) { Phi(~time)p(~samplesize)f(~time) } = 1165.8370                  
 Fletcher chat { Phi(~time)p(~samplesize)f(~time) } = 1.0594159                  


             PARM-SPECIFIC Link Function Parameters of { Phi(~time)p(~samplesize)f(~time) }
                                                              95% Confidence Interval
 Parameter                    Beta         Standard Error      Lower           Upper
 -------------------------  --------------  --------------  --------------  --------------
    1:Phi:(Intercept)        21.239633       0.0000000       21.239633       21.239633    
    2:Phi:time3.565         -16.722112       0.0000000      -16.722112      -16.722112    
    3:Phi:time4.88           4.7555939       0.0000000       4.7555939       4.7555939    
    4:Phi:time6.305         -16.449541       0.0000000      -16.449541      -16.449541    
    5:Phi:time7.555         -16.539531       0.0000000      -16.539531      -16.539531    
    6:Phi:time9.12          -19.543627       0.0000000      -19.543627      -19.543627    
    7:Phi:time10.22          1.4833482       0.0000000       1.4833482       1.4833482    
    8:Phi:time12.11         -0.8169451       0.0000000      -0.8169451      -0.8169451    

  Program  MARK  - Survival Rate Estimation with Capture-Recapture Data
   gfortran(dble) Vers. 9.0 Mar 2018     3-Oct-2019 17:55:17    Page  006
 - - - - - - - - - - - - - - - - - - - - - - - - - - - - - - - - - - - - - -
 
    9:Phi:time13.175         3.3591966       0.0000000       3.3591966       3.3591966    
   10:p:(Intercept)         -1.0033572       0.4624244      -1.9097090      -0.0970054    
   11:p:samplesize           0.0198768       0.0061209       0.0078798       0.0318738    
   12:f:(Intercept)         -20.682230       0.0000000      -20.682230      -20.682230    
   13:f:time3.565            17.563286       0.0000000       17.563286       17.563286    
   14:f:time4.88             3.6250500       324.91995      -633.21806       640.46816    
   15:f:time6.305            18.065320       0.0000000       18.065320       18.065320    
   16:f:time7.555            1.8257306       0.0000000       1.8257306       1.8257306    
   17:f:time9.12             18.030182       0.0000000       18.030182       18.030182    
   18:f:time10.22            16.823080       0.0000000       16.823080       16.823080    
   19:f:time12.11            3.9164904       957.02672      -1871.8559       1879.6889    
   20:f:time13.175          -23.243092       0.0000000      -23.243092      -23.243092    


             Real Function Parameters of { Phi(~time)p(~samplesize)f(~time) }
                                                               95% Confidence Interval
  Parameter                  Estimate       Standard Error      Lower           Upper
 --------------------------  --------------  --------------  --------------  --------------
     1:Phi g1 a0 t1           1.0000000       0.0000000       1.0000000       1.0000000                          
     2:Phi g1 a2.565 t3.565   0.9892018       0.0170324       0.8009408       0.9995208                          
     3:Phi g1 a3.88 t4.88     1.0000000       0.0000000       1.0000000       1.0000000                          
     4:Phi g1 a5.305 t6.305   0.9917568       0.0307244       0.0706960       0.9999947                          
     5:Phi g1 a6.555 t7.555   0.9909876       0.0381399       0.0248451       0.9999979                          
     6:Phi g1 a8.12 t9.12     0.8450123       0.0611101       0.6859932       0.9315380                          
     7:Phi g1 a9.2200000000   1.0000000       0.0000000       1.0000000       1.0000000                          
     8:Phi g1 a11.11 t12.11   1.0000000       0.0000000       1.0000000       1.0000000                          
     9:Phi g1 a12.175 t13.1   1.0000000       0.0000000       1.0000000       1.0000000                          
    10:p g1 a0 t1             0.5570025       0.0306367       0.4964127       0.6159423                          
    11:p g1 a2.565 t3.565     0.8055914       0.0489386       0.6919295       0.8843284                          
    12:p g1 a3.88 t4.88       0.5422428       0.0336563       0.4759218       0.6070998                          
    13:p g1 a5.305 t6.305     0.6334473       0.0243165       0.5846209       0.6796790                          
    14:p g1 a6.555 t7.555     0.5958060       0.0250198       0.5459669       0.6437440                          
    15:p g1 a8.12 t9.12       0.5861971       0.0260125       0.5344656       0.6360941                          
    16:p g1 a11.11 t12.11     0.5813675       0.0266221       0.5284677       0.6324600                          
    17:p g1 a12.175 t13.175   0.7119385       0.0348591       0.6391471       0.7752106                          
    18:p g1 a13.155 t14.155   0.6739106       0.0285639       0.6156592       0.7272447                          
    19:f g1 a0 t1             0.1041889E-08   0.0000000       0.1041889E-08   0.1041889E-08                      
    20:f g1 a2.565 t3.565     0.0442038       0.0498772       0.0045523       0.3186686                          
    21:f g1 a3.88 t4.88       0.3909857E-07   0.9291440E-05  0.2030778E-209   1.0000000                          
    22:f g1 a5.305 t6.305     0.0730282       0.0430172       0.0221706       0.2149088                          
    23:f g1 a6.555 t7.555     0.6467349E-08   0.0000000       0.6467349E-08   0.6467349E-08                      
    24:f g1 a8.12 t9.12       0.0705067       0.0501564       0.0166430       0.2537176                          
    25:f g1 a9.220000000000   0.0210859       0.0255427       0.0019014       0.1958525                          
    26:f g1 a11.11 t12.11     0.5232771E-07   0.5063386E-04  0.2910826E-315   1.0000000                          
    27:f g1 a12.175 t13.175   0.8384455E-19   0.0000000       0.8384455E-19   0.8384455E-19                      

  Program  MARK  - Survival Rate Estimation with Capture-Recapture Data
   gfortran(dble) Vers. 9.0 Mar 2018     3-Oct-2019 17:55:17    Page  007
 - - - - - - - - - - - - - - - - - - - - - - - - - - - - - - - - - - - - - -
 


                      Estimates of Derived Parameters
       Lambda Estimates of { Phi(~time)p(~samplesize)f(~time) }
                                                95% Confidence Interval
 Grp. Occ.   Lambda-hat      Standard Error      Lower           Upper
 ---- ----   --------------  --------------  --------------  --------------
   1     1    1.0000000       0.0000000       1.0000000       1.0000000    
   1     2    1.0441578       0.0692338       0.9170380       1.1888990    
   1     3    1.0000001       0.1324286E-04   0.9999741       1.0000260    
   1     4    1.0816267       0.0668936       0.9582610       1.2208744    
   1     5    0.9859316       0.0593860       0.8762368       1.1093589    
   1     6    0.9074738       0.0867342       0.7527689       1.0939728    
   1     7    1.0402260       0.0491822       0.9482097       1.1411719    
   1     8    1.0000001       0.5397495E-04   0.9998943       1.0001059    
   1     9    1.0000000       0.0000000       1.0000000       1.0000000    
       log(Lambda) Estimates of { Phi(~time)p(~samplesize)f(~time) }
                                                95% Confidence Interval
 Grp. Occ.   log(Lambda-hat) Standard Error      Lower           Upper
 ---- ----   --------------  --------------  --------------  --------------
   1     1    0.1141951E-08   0.0000000       0.1141951E-08   0.1141951E-08
   1     2    0.0432106       0.0663059      -0.0867489       0.1731702    
   1     3    0.5570814E-07   0.1324286E-04  -0.2590029E-04   0.2601171E-04
   1     4    0.0784661       0.0618454      -0.0427508       0.1996830    
   1     5   -0.0141683       0.0602334      -0.1322258       0.1038891    
   1     6   -0.0970906       0.0955776      -0.2844227       0.0902416    
   1     7    0.0394380       0.0472803      -0.0532313       0.1321074    
   1     8    0.5429058E-07   0.5397494E-04  -0.1057366E-03   0.1058452E-03
   1     9   -0.2032785E-10   0.0000000      -0.2032785E-10  -0.2032785E-10

 Attempted ordering of parameters by estimatibility:
  10 12  1 15 11 13  6 18  2  5 17  4 19  7  8  9 14 16  3 20
 Beta number 20 is a singular value.

   CPU Time for the last procedure was 4.53 seconds.     

  Program  MARK  - Survival Rate Estimation with Capture-Recapture Data
   gfortran(dble) Vers. 9.0 Mar 2018     3-Oct-2019 17:55:17    Page  008
 - - - - - - - - - - - - - - - - - - - - - - - - - - - - - - - - - - - - - -
 


  INPUT --- proc stop;

     CPU Time in minutes for this job was 0.08

     Time Start = 17:55:16.874   Time End = 17:55:17.590

     Wall Clock Time in minutes for this job was 0.01


          E X E C U T I O N   S U C C E S S F U L 
