
   Program  MARK  - Survival Rate Estimation with Capture-Recapture Data
   gfortran(dble) Vers. 9.0 Mar 2018     3-Oct-2019 17:55:08    Page  001
 - - - - - - - - - - - - - - - - - - - - - - - - - - - - - - - - - - - - - -
 
   This version was compiled by GCC version 7.2.0 using the options: 
     -cpp -iprefix C:/Program Files/mingw-w64/x86_64-7.2.0-posix-seh-rt_v5-rev1/
     mingw64/bin/../lib/gcc/x86_64-w64-mingw32/7.2.0/ -D_MT -D_REENTRANT
     -U_REENTRANT -D IEEE -D DBLEPRECISION -m64 -mtune=core2 -march=nocona -mthreads
     -O2 -fimplicit-none -fbounds-check -funroll-loops -ftree-vectorize
     -ffpe-summary=invalid,zero,overflow,underflow -fno-unsafe-math-optimizations
     -frounding-math -fsignaling-nans -fopenmp.

   This problem will use 11 of 12 possible threads.


  INPUT --- proc title ;

   CPU Time for the last procedure was 0.01 seconds.     


  INPUT --- proc chmatrix occasions= 10 groups= 1 etype= PradRec Nodes= 
  INPUT --- 101 ICMeans NoHist hist=  56 ;

  INPUT ---    time interval 2.565 1.315 1.425 1.25 1.565 1.1 1.89 1.065 
  INPUT ---    0.98 ;

  INPUT ---    glabel(1)=Group 1;

      Number of unique encounter histories read was 56.

      Number of individual covariates read was 0.
      Time interval lengths vary and/or not equal to 1.

      Data type number is 17
      Data type is Pradel Survival and Recruitment                                                                     

   CPU Time for the last procedure was 0.01 seconds.     

  Program  MARK  - Survival Rate Estimation with Capture-Recapture Data
   gfortran(dble) Vers. 9.0 Mar 2018     3-Oct-2019 17:55:08    Page  002
 - - - - - - - - - - - - - - - - - - - - - - - - - - - - - - - - - - - - - -
 


  INPUT --- proc estimate link=Parm-Specific NOLOOP varest=2ndPart    ;


  INPUT --- model={ Phi(~time)p(~1)f(~1) };

  INPUT ---    group=1 Phi    rows=1 cols=9 Square ;
  INPUT ---        1 2 3 4 5 6 7 8 9 ;

  INPUT ---    group=1 p    rows=1 cols=10 Square ;
  INPUT ---        10 10 10 10 10 10 10 10 10 10 ;

  INPUT ---    group=1 f    rows=1 cols=9 Square ;
  INPUT ---        11 11 11 11 11 11 11 11 11 ;

  INPUT ---    design matrix constraints=11 covariates=11;
  INPUT ---        1 0 0 0 0 0 0 0 0 0 0;
  INPUT ---        1 1 0 0 0 0 0 0 0 0 0;
  INPUT ---        1 0 1 0 0 0 0 0 0 0 0;
  INPUT ---        1 0 0 1 0 0 0 0 0 0 0;
  INPUT ---        1 0 0 0 1 0 0 0 0 0 0;
  INPUT ---        1 0 0 0 0 1 0 0 0 0 0;
  INPUT ---        1 0 0 0 0 0 1 0 0 0 0;
  INPUT ---        1 0 0 0 0 0 0 1 0 0 0;
  INPUT ---        1 0 0 0 0 0 0 0 1 0 0;
  INPUT ---        0 0 0 0 0 0 0 0 0 1 0;
  INPUT ---        0 0 0 0 0 0 0 0 0 0 1;

  INPUT ---    links=11;

  INPUT ---    Logit;

  INPUT ---    Logit;

  INPUT ---    Logit;

  INPUT ---    Logit;

  INPUT ---    Logit;

  INPUT ---    Logit;

  INPUT ---    Logit;

  INPUT ---    Logit;

  Program  MARK  - Survival Rate Estimation with Capture-Recapture Data
   gfortran(dble) Vers. 9.0 Mar 2018     3-Oct-2019 17:55:08    Page  003
 - - - - - - - - - - - - - - - - - - - - - - - - - - - - - - - - - - - - - -
 

  INPUT ---    Logit;

  INPUT ---    Logit;

  INPUT ---    Log;
  INPUT ---       blabel(1)=Phi:(Intercept);
  INPUT ---       blabel(2)=Phi:time3.565;
  INPUT ---       blabel(3)=Phi:time4.88;
  INPUT ---       blabel(4)=Phi:time6.305;
  INPUT ---       blabel(5)=Phi:time7.555;
  INPUT ---       blabel(6)=Phi:time9.12;
  INPUT ---       blabel(7)=Phi:time10.22;
  INPUT ---       blabel(8)=Phi:time12.11;
  INPUT ---       blabel(9)=Phi:time13.175;
  INPUT ---       blabel(10)=p:(Intercept);
  INPUT ---       blabel(11)=f:(Intercept);
  INPUT ---       rlabel(1)=Phi g1 a0 t1;
  INPUT ---       rlabel(2)=Phi g1 a2.565 t3.565;
  INPUT ---       rlabel(3)=Phi g1 a3.88 t4.88;
  INPUT ---       rlabel(4)=Phi g1 a5.305 t6.305;
  INPUT ---       rlabel(5)=Phi g1 a6.555 t7.555;
  INPUT ---       rlabel(6)=Phi g1 a8.12 t9.12;
  INPUT ---       rlabel(7)=Phi g1 a9.22000000000001 t10.22;
  INPUT ---       rlabel(8)=Phi g1 a11.11 t12.11;
  INPUT ---       rlabel(9)=Phi g1 a12.175 t13.175;
  INPUT ---       rlabel(10)=p g1 a0 t1;
  INPUT ---       rlabel(11)=f g1 a0 t1;

 Link Function Used is PARM-SPECIFIC

 Variance Estimation Procedure Used is 2ndPart 
 -2logL(saturated) = 506.33724     
 Effective Sample Size = 331

 Number of function evaluations was 82 for 11 parameters.
 Time for numerical optimization was 1.31 seconds.     
 -2logL { Phi(~time)p(~1)f(~1) } = 835.04560     
 Penalty { Phi(~time)p(~1)f(~1) } = 0.0000000     
 Gradient { Phi(~time)p(~1)f(~1) }:
 -0.3975001E-05  0.4803064E-05   0.000000     -0.5104336E-06 -0.4033128E-05
 -0.2095389E-05 -0.4177673E-05 -0.4847163E-06 -0.5224296E-06 -0.1517378E-04
 -0.7984789E-05
 Maximum ABS(G) { Phi(~time)p(~1)f(~1) } = 0.1517378E-04 

  Program  MARK  - Survival Rate Estimation with Capture-Recapture Data
   gfortran(dble) Vers. 9.0 Mar 2018     3-Oct-2019 17:55:08    Page  004
 - - - - - - - - - - - - - - - - - - - - - - - - - - - - - - - - - - - - - -
 
 S Vector { Phi(~time)p(~1)f(~1) }:
   101.9854      15.00355      9.412575     0.8737915     0.2714660    
  0.8321061E-01 0.9406773E-05 0.1956582E-05 0.2371118E-06 0.1811063E-06
  0.1078786E-06
 Time to compute number of parameters was 0.33 seconds.     
 Ratio Threshold = 50.000000       Max Gap (6/7) = 8845.8188       Next Max Gap (3/4) = 10.772107     
 Gap Method for Num. of Estimated Parameters { Phi(~time)p(~1)f(~1) } = 6          
 Threshold { Phi(~time)p(~1)f(~1) } = 0.3034756E-04                 
 Numerical Threshold Method for Num. of Estimated Parameters { Phi(~time)p(~1)f(~1) } = 6          
 Number of Estimated Parameters { Phi(~time)p(~1)f(~1) } = 6          
 DEVIANCE { Phi(~time)p(~1)f(~1) } = 328.70836                     
 DEVIANCE Degrees of Freedom { Phi(~time)p(~1)f(~1) } = 50            
 c-hat { Phi(~time)p(~1)f(~1) } = 6.5741672                     
 AIC { Phi(~time)p(~1)f(~1) } = 847.04560                  
 AICc { Phi(~time)p(~1)f(~1) } = 847.30486                    
 BIC { Phi(~time)p(~1)f(~1) } = 869.85831                    
 Pearson Chisquare { Phi(~time)p(~1)f(~1) } = 1274.2723                  
 Possible Encounter Histories { Phi(~time)p(~1)f(~1) } = 1023             
 Pearson Chisquare df { Phi(~time)p(~1)f(~1) } = 1016        
 Pearson chat { Phi(~time)p(~1)f(~1) } = 1.2542050                  
 Sum(Observed/Expected) { Phi(~time)p(~1)f(~1) } = 1235.2260                  
 Fletcher chat { Phi(~time)p(~1)f(~1) } = 1.0387182                  


                   PARM-SPECIFIC Link Function Parameters of { Phi(~time)p(~1)f(~1) }
                                                              95% Confidence Interval
 Parameter                    Beta         Standard Error      Lower           Upper
 -------------------------  --------------  --------------  --------------  --------------
    1:Phi:(Intercept)        33.548195       0.0000000       33.548195       33.548195    
    2:Phi:time3.565         -29.180420       0.0000000      -29.180420      -29.180420    
    3:Phi:time4.88          -3.9124684       2053.6356      -4029.0384       4021.2135    
    4:Phi:time6.305         -28.893781       0.0000000      -28.893781      -28.893781    
    5:Phi:time7.555         -29.266910       0.0000000      -29.266910      -29.266910    
    6:Phi:time9.12          -31.769351       0.0000000      -31.769351      -31.769351    
    7:Phi:time10.22         -17.262305       712.59744      -1413.9533       1379.4287    
    8:Phi:time12.11         -14.739916       2359.8084      -4639.9644       4610.4846    
    9:Phi:time13.175        -13.603680       3036.7929      -5965.7179       5938.5106    
   10:p:(Intercept)          0.5084034       0.1015160       0.3094319       0.7073748    
   11:f:(Intercept)         -3.7774551       0.3217654      -4.4081153      -3.1467949    


                   Real Function Parameters of { Phi(~time)p(~1)f(~1) }
                                                               95% Confidence Interval
  Parameter                  Estimate       Standard Error      Lower           Upper
 --------------------------  --------------  --------------  --------------  --------------
     1:Phi g1 a0 t1           1.0000000       0.0000000       1.0000000       1.0000000                          
     2:Phi g1 a2.565 t3.565   0.9874793       0.0173444       0.8345515       0.9991897                          
     3:Phi g1 a3.88 t4.88     1.0000000       0.2761525E-09   1.0000000       1.0000000                          
     4:Phi g1 a5.305 t6.305   0.9905703       0.0287213       0.2022578       0.9999770                          
     5:Phi g1 a6.555 t7.555   0.9863636       0.0357827       0.2823204       0.9999248                          
     6:Phi g1 a8.12 t9.12     0.8555540       0.0589106       0.6994165       0.9377991                          
     7:Phi g1 a9.2200000000   0.9999999       0.6146228E-04  0.6578948E-301   1.0000000                          
     8:Phi g1 a11.11 t12.11   1.0000000       0.1604094E-04   0.9999686       1.0000314                          
     9:Phi g1 a12.175 t13.1   1.0000000       0.6614523E-05   0.9999870       1.0000130                          
    10:p g1 a0 t1             0.6244321       0.0238072       0.5767466       0.6698208                          
    11:f g1 a0 t1             0.0228808       0.0073623       0.0121316       0.0427424                          


                      Estimates of Derived Parameters
             Lambda Estimates of { Phi(~time)p(~1)f(~1) }
                                                95% Confidence Interval
 Grp. Occ.   Lambda-hat      Standard Error      Lower           Upper
 ---- ----   --------------  --------------  --------------  --------------
   1     1    1.0597447       0.0195648       1.0220863       1.0987906    

  Program  MARK  - Survival Rate Estimation with Capture-Recapture Data
   gfortran(dble) Vers. 9.0 Mar 2018     3-Oct-2019 17:55:08    Page  005
 - - - - - - - - - - - - - - - - - - - - - - - - - - - - - - - - - - - - - -
 
   1     2    1.0136458       0.0243563       0.9670206       1.0625190    
   1     3    1.0327630       0.0105926       1.0122094       1.0537341    
   1     4    1.0168421       0.0368261       0.9471872       1.0916193    
   1     5    1.0145053       0.0571074       0.9086078       1.1327451    
   1     6    0.8671226       0.0639983       0.7504840       1.0018890    
   1     7    1.0436846       0.0141982       1.0162251       1.0718861    
   1     8    1.0243861       0.0078524       1.0091107       1.0398927    
   1     9    1.0224181       0.0072118       1.0083805       1.0366512    
             log(Lambda) Estimates of { Phi(~time)p(~1)f(~1) }
                                                95% Confidence Interval
 Grp. Occ.   log(Lambda-hat) Standard Error      Lower           Upper
 ---- ----   --------------  --------------  --------------  --------------
   1     1    0.0580280       0.0184618       0.0218428       0.0942132    
   1     2    0.0135535       0.0240285      -0.0335422       0.0606493    
   1     3    0.0322378       0.0102566       0.0121349       0.0523407    
   1     4    0.0167018       0.0362161      -0.0542818       0.0876854    
   1     5    0.0144011       0.0562909      -0.0959290       0.1247312    
   1     6   -0.1425749       0.0738054      -0.2872334       0.0020836    
   1     7    0.0427573       0.0136039       0.0160937       0.0694210    
   1     8    0.0240935       0.0076655       0.0090692       0.0391178    
   1     9    0.0221705       0.0070536       0.0083454       0.0359957    

 Attempted ordering of parameters by estimatibility:
  10  1 11  6  2  4  5  7  3  8  9
 Beta number 9 is a singular value.

   CPU Time for the last procedure was 1.64 seconds.     

  Program  MARK  - Survival Rate Estimation with Capture-Recapture Data
   gfortran(dble) Vers. 9.0 Mar 2018     3-Oct-2019 17:55:08    Page  006
 - - - - - - - - - - - - - - - - - - - - - - - - - - - - - - - - - - - - - -
 


  INPUT --- proc stop;

     CPU Time in minutes for this job was 0.03

     Time Start = 17:55:08.579   Time End = 17:55:08.986

     Wall Clock Time in minutes for this job was 0.01


          E X E C U T I O N   S U C C E S S F U L 
