
   Program  MARK  - Survival Rate Estimation with Capture-Recapture Data
   gfortran(dble) Vers. 9.0 Mar 2018     8-May-2019 14:45:49    Page  001
 - - - - - - - - - - - - - - - - - - - - - - - - - - - - - - - - - - - - - -
 
   This version was compiled by GCC version 7.2.0 using the options: 
     -cpp -iprefix C:/Program Files/mingw-w64/x86_64-7.2.0-posix-seh-rt_v5-rev1/
     mingw64/bin/../lib/gcc/x86_64-w64-mingw32/7.2.0/ -D_MT -D_REENTRANT
     -U_REENTRANT -D IEEE -D DBLEPRECISION -m64 -mtune=core2 -march=nocona -mthreads
     -O2 -fimplicit-none -fbounds-check -funroll-loops -ftree-vectorize
     -ffpe-summary=invalid,zero,overflow,underflow -fno-unsafe-math-optimizations
     -frounding-math -fsignaling-nans -fopenmp.

   This problem will use 11 of 12 possible threads.


  INPUT --- proc title ;

   CPU Time for the last procedure was 0.01 seconds.     


  INPUT --- proc chmatrix occasions= 10 groups= 1 etype= PradRec Nodes= 
  INPUT --- 101 ICMeans NoHist hist=  57 ;

  INPUT ---    time interval 2.565 1.315 1.425 1.25 1.565 1.10000000000001 
  INPUT ---    1.89 1.065 0.98 ;

  INPUT ---    glabel(1)=Group 1;

      Number of unique encounter histories read was 57.

      Number of individual covariates read was 0.
      Time interval lengths vary and/or not equal to 1.

      Data type number is 17
      Data type is Pradel Survival and Recruitment                                                                     

   CPU Time for the last procedure was 0.01 seconds.     

  Program  MARK  - Survival Rate Estimation with Capture-Recapture Data
   gfortran(dble) Vers. 9.0 Mar 2018     8-May-2019 14:45:49    Page  002
 - - - - - - - - - - - - - - - - - - - - - - - - - - - - - - - - - - - - - -
 


  INPUT --- proc estimate link=Parm-Specific NOLOOP varest=2ndPart    ;


  INPUT --- model={ Phi(~time)p(~time)f(~1) };

  INPUT ---    group=1 Phi    rows=1 cols=9 Square ;
  INPUT ---        1 2 3 4 5 6 7 8 9 ;

  INPUT ---    group=1 p    rows=1 cols=10 Square ;
  INPUT ---        10 11 12 13 14 15 16 17 18 19 ;

  INPUT ---    group=1 f    rows=1 cols=9 Square ;
  INPUT ---        20 20 20 20 20 20 20 20 20 ;

  INPUT ---    design matrix constraints=20 covariates=20;
  INPUT ---        1 0 0 0 0 0 0 0 0 0 0 0 0 0 0 0 0 0 0 0;
  INPUT ---        1 1 0 0 0 0 0 0 0 0 0 0 0 0 0 0 0 0 0 0;
  INPUT ---        1 0 1 0 0 0 0 0 0 0 0 0 0 0 0 0 0 0 0 0;
  INPUT ---        1 0 0 1 0 0 0 0 0 0 0 0 0 0 0 0 0 0 0 0;
  INPUT ---        1 0 0 0 1 0 0 0 0 0 0 0 0 0 0 0 0 0 0 0;
  INPUT ---        1 0 0 0 0 1 0 0 0 0 0 0 0 0 0 0 0 0 0 0;
  INPUT ---        1 0 0 0 0 0 1 0 0 0 0 0 0 0 0 0 0 0 0 0;
  INPUT ---        1 0 0 0 0 0 0 1 0 0 0 0 0 0 0 0 0 0 0 0;
  INPUT ---        1 0 0 0 0 0 0 0 1 0 0 0 0 0 0 0 0 0 0 0;
  INPUT ---        0 0 0 0 0 0 0 0 0 1 0 0 0 0 0 0 0 0 0 0;
  INPUT ---        0 0 0 0 0 0 0 0 0 1 1 0 0 0 0 0 0 0 0 0;
  INPUT ---        0 0 0 0 0 0 0 0 0 1 0 1 0 0 0 0 0 0 0 0;
  INPUT ---        0 0 0 0 0 0 0 0 0 1 0 0 1 0 0 0 0 0 0 0;
  INPUT ---        0 0 0 0 0 0 0 0 0 1 0 0 0 1 0 0 0 0 0 0;
  INPUT ---        0 0 0 0 0 0 0 0 0 1 0 0 0 0 1 0 0 0 0 0;
  INPUT ---        0 0 0 0 0 0 0 0 0 1 0 0 0 0 0 1 0 0 0 0;
  INPUT ---        0 0 0 0 0 0 0 0 0 1 0 0 0 0 0 0 1 0 0 0;
  INPUT ---        0 0 0 0 0 0 0 0 0 1 0 0 0 0 0 0 0 1 0 0;
  INPUT ---        0 0 0 0 0 0 0 0 0 1 0 0 0 0 0 0 0 0 1 0;
  INPUT ---        0 0 0 0 0 0 0 0 0 0 0 0 0 0 0 0 0 0 0 1;

  INPUT ---    links=20;

  INPUT ---    Logit;

  INPUT ---    Logit;

  INPUT ---    Logit;


  Program  MARK  - Survival Rate Estimation with Capture-Recapture Data
   gfortran(dble) Vers. 9.0 Mar 2018     8-May-2019 14:45:49    Page  003
 - - - - - - - - - - - - - - - - - - - - - - - - - - - - - - - - - - - - - -
 
  INPUT ---    Logit;

  INPUT ---    Logit;

  INPUT ---    Logit;

  INPUT ---    Logit;

  INPUT ---    Logit;

  INPUT ---    Logit;

  INPUT ---    Logit;

  INPUT ---    Logit;

  INPUT ---    Logit;

  INPUT ---    Logit;

  INPUT ---    Logit;

  INPUT ---    Logit;

  INPUT ---    Logit;

  INPUT ---    Logit;

  INPUT ---    Logit;

  INPUT ---    Logit;

  INPUT ---    Log;
  INPUT ---       blabel(1)=Phi:(Intercept);
  INPUT ---       blabel(2)=Phi:time3.565;
  INPUT ---       blabel(3)=Phi:time4.88;
  INPUT ---       blabel(4)=Phi:time6.305;
  INPUT ---       blabel(5)=Phi:time7.555;
  INPUT ---       blabel(6)=Phi:time9.12;
  INPUT ---       blabel(7)=Phi:time10.22;
  INPUT ---       blabel(8)=Phi:time12.11;
  INPUT ---       blabel(9)=Phi:time13.175;
  INPUT ---       blabel(10)=p:(Intercept);
  INPUT ---       blabel(11)=p:time3.565;
  INPUT ---       blabel(12)=p:time4.88;
  INPUT ---       blabel(13)=p:time6.305;

  Program  MARK  - Survival Rate Estimation with Capture-Recapture Data
   gfortran(dble) Vers. 9.0 Mar 2018     8-May-2019 14:45:49    Page  004
 - - - - - - - - - - - - - - - - - - - - - - - - - - - - - - - - - - - - - -
 
  INPUT ---       blabel(14)=p:time7.555;
  INPUT ---       blabel(15)=p:time9.12;
  INPUT ---       blabel(16)=p:time10.22;
  INPUT ---       blabel(17)=p:time12.11;
  INPUT ---       blabel(18)=p:time13.175;
  INPUT ---       blabel(19)=p:time14.155;
  INPUT ---       blabel(20)=f:(Intercept);
  INPUT ---       rlabel(1)=Phi g1 a0 t1;
  INPUT ---       rlabel(2)=Phi g1 a2.565 t3.565;
  INPUT ---       rlabel(3)=Phi g1 a3.88 t4.88;
  INPUT ---       rlabel(4)=Phi g1 a5.305 t6.305;
  INPUT ---       rlabel(5)=Phi g1 a6.555 t7.555;
  INPUT ---       rlabel(6)=Phi g1 a8.12 t9.12;
  INPUT ---       rlabel(7)=Phi g1 a9.22000000000001 t10.22;
  INPUT ---       rlabel(8)=Phi g1 a11.11 t12.11;
  INPUT ---       rlabel(9)=Phi g1 a12.175 t13.175;
  INPUT ---       rlabel(10)=p g1 a0 t1;
  INPUT ---       rlabel(11)=p g1 a2.565 t3.565;
  INPUT ---       rlabel(12)=p g1 a3.88 t4.88;
  INPUT ---       rlabel(13)=p g1 a5.305 t6.305;
  INPUT ---       rlabel(14)=p g1 a6.555 t7.555;
  INPUT ---       rlabel(15)=p g1 a8.12 t9.12;
  INPUT ---       rlabel(16)=p g1 a9.22000000000001 t10.22;
  INPUT ---       rlabel(17)=p g1 a11.11 t12.11;
  INPUT ---       rlabel(18)=p g1 a12.175 t13.175;
  INPUT ---       rlabel(19)=p g1 a13.155 t14.155;
  INPUT ---       rlabel(20)=f g1 a0 t1;

 Link Function Used is PARM-SPECIFIC

 Variance Estimation Procedure Used is 2ndPart 
 -2logL(saturated) = 516.67055     
 Effective Sample Size = 335

 Number of function evaluations was 124 for 20 parameters.
 Time for numerical optimization was 5.11 seconds.     
 -2logL { Phi(~time)p(~time)f(~1) } = 826.86044     
 Penalty { Phi(~time)p(~time)f(~1) } = 0.0000000     

   * *  WARNING  * *   Numerical underflow occurred during optimization of this model. 

  Program  MARK  - Survival Rate Estimation with Capture-Recapture Data
   gfortran(dble) Vers. 9.0 Mar 2018     8-May-2019 14:45:50    Page  005
 - - - - - - - - - - - - - - - - - - - - - - - - - - - - - - - - - - - - - -
 
     IEEE flag status at end of optimization:
     overflow       F
     divide by zero F
     invalid        F
     underflow      T
     inexact        T

 Gradient { Phi(~time)p(~time)f(~1) }:
  0.4446975E-04  0.2248766E-04  0.2423426E-05  0.4493534E-06  0.1066319E-04
  0.2067272E-04 -0.3714037E-05 -0.4760035E-05  0.4457642E-06 -0.3857307E-04
  0.1472348E-04  0.4958835E-05 -0.5478766E-05 -0.1538933E-04 -0.1742930E-04
   0.000000      0.2654167E-04 -0.1388632E-04 -0.3515901E-04  0.6524126E-05
 Maximum ABS(G) { Phi(~time)p(~time)f(~1) } = 0.4446975E-04 
 S Vector { Phi(~time)p(~time)f(~1) }:
   108.4505      17.67070      13.99844      13.44770      13.15571    
   12.32128      11.68368      11.51018      9.749596      9.195042    
   7.207955     0.7925224     0.4138743     0.1178465     0.6808333E-01
  0.1642012E-01 0.5910463E-05 0.2763513E-06 0.1848896E-06 0.1286209E-07
 Time to compute number of parameters was 0.72 seconds.     
 Ratio Threshold = 50.000000       Max Gap (16/17) = 2778.1438       Next Max Gap (17/18) = 21.387499     
 Gap Method for Num. of Estimated Parameters { Phi(~time)p(~time)f(~1) } = 16          
 Threshold { Phi(~time)p(~time)f(~1) } = 0.8893950E-04                 
 Numerical Threshold Method for Num. of Estimated Parameters { Phi(~time)p(~time)f(~1) } = 16          
 Number of Estimated Parameters { Phi(~time)p(~time)f(~1) } = 16          
 DEVIANCE { Phi(~time)p(~time)f(~1) } = 310.18989                     
 DEVIANCE Degrees of Freedom { Phi(~time)p(~time)f(~1) } = 41            
 c-hat { Phi(~time)p(~time)f(~1) } = 7.5656070                     
 AIC { Phi(~time)p(~time)f(~1) } = 858.86044                  
 AICc { Phi(~time)p(~time)f(~1) } = 860.57113                    
 BIC { Phi(~time)p(~time)f(~1) } = 919.88653                    
 Pearson Chisquare { Phi(~time)p(~time)f(~1) } = 1170.7987                  
 Possible Encounter Histories { Phi(~time)p(~time)f(~1) } = 1023             
 Pearson Chisquare df { Phi(~time)p(~time)f(~1) } = 1006        
 Pearson chat { Phi(~time)p(~time)f(~1) } = 1.1638158                  
 Sum(Observed/Expected) { Phi(~time)p(~time)f(~1) } = 1134.2112                  
 Fletcher chat { Phi(~time)p(~time)f(~1) } = 1.0497019                  


                 PARM-SPECIFIC Link Function Parameters of { Phi(~time)p(~time)f(~1) }
                                                              95% Confidence Interval
 Parameter                    Beta         Standard Error      Lower           Upper
 -------------------------  --------------  --------------  --------------  --------------
    1:Phi:(Intercept)        31.253975       0.0000000       31.253975       31.253975    
    2:Phi:time3.565         -26.480893       0.0000000      -26.480893      -26.480893    
    3:Phi:time4.88           5.2963703       0.0000000       5.2963703       5.2963703    
    4:Phi:time6.305         -15.978608       0.0000000      -15.978608      -15.978608    
    5:Phi:time7.555         -26.904064       0.0000000      -26.904064      -26.904064    
    6:Phi:time9.12          -29.631658       0.0000000      -29.631658      -29.631658    
    7:Phi:time10.22         -25.704672       0.0000000      -25.704672      -25.704672    
    8:Phi:time12.11         -26.247638       0.0000000      -26.247638      -26.247638    
    9:Phi:time13.175        -16.115316       1892.1871      -3724.8022       3692.5715    
   10:p:(Intercept)          0.5823256       0.3515895      -0.1067898       1.2714410    
   11:p:time3.565            0.5545365       0.4567672      -0.3407271       1.4498002    
   12:p:time4.88            -0.5385458       0.4356318      -1.3923843       0.3152926    
   13:p:time6.305           -0.3925388       0.4387560      -1.2525005       0.4674230    
   14:p:time7.555           -0.4872760       0.4391254      -1.3479617       0.3734098    
   15:p:time9.12            -0.3132013       0.4580632      -1.2110051       0.5846025    
   16:p:time10.22           -0.0446548       0.4608652      -0.9479505       0.8586410    
   17:p:time12.11           -0.1497989       0.4567136      -1.0449575       0.7453598    
   18:p:time13.175           0.6482545       0.5176951      -0.3664278       1.6629368    
   19:p:time14.155           0.5189779       0.5086549      -0.4779858       1.5159415    
   20:f:(Intercept)         -3.6776502       0.3202254      -4.3052920      -3.0500084    


                 Real Function Parameters of { Phi(~time)p(~time)f(~1) }
                                                               95% Confidence Interval
  Parameter                  Estimate       Standard Error      Lower           Upper
 --------------------------  --------------  --------------  --------------  --------------
     1:Phi g1 a0 t1           1.0000000       0.0000000       1.0000000       1.0000000                          
     2:Phi g1 a2.565 t3.565   0.9916166       0.0168741       0.6888258       0.9998418                          

  Program  MARK  - Survival Rate Estimation with Capture-Recapture Data
   gfortran(dble) Vers. 9.0 Mar 2018     8-May-2019 14:45:50    Page  006
 - - - - - - - - - - - - - - - - - - - - - - - - - - - - - - - - - - - - - -
 
     3:Phi g1 a3.88 t4.88     1.0000000       0.0000000       1.0000000       1.0000000                          
     4:Phi g1 a5.305 t6.305   0.9999998       0.0000000       0.9999998       0.9999998                          
     5:Phi g1 a6.555 t7.555   0.9872565       0.0388711       0.1537102       0.9999697                          
     6:Phi g1 a8.12 t9.12     0.8351144       0.0657611       0.6651373       0.9281332                          
     7:Phi g1 a9.2200000000   0.9961249       0.0197255       0.0113565       0.9999998                          
     8:Phi g1 a11.11 t12.11   0.9933491       0.0496429       0.5998725E-04   1.0000000                          
     9:Phi g1 a12.175 t13.1   0.9999997       0.5050695E-03  0.2088914E-301   1.0000000                          
    10:p g1 a0 t1             0.6416024       0.0808476       0.4733279       0.7809893                          
    11:p g1 a2.565 t3.565     0.7571031       0.0676469       0.6024960       0.8650460                          
    12:p g1 a3.88 t4.88       0.5109432       0.0711337       0.3742152       0.6460531                          
    13:p g1 a5.305 t6.305     0.5473048       0.0694010       0.4111456       0.6767345                          
    14:p g1 a6.555 t7.555     0.5237445       0.0673307       0.3931676       0.6511541                          
    15:p g1 a8.12 t9.12       0.5668779       0.0732794       0.4216870       0.7014266                          
    16:p g1 a9.220000000000   0.6312704       0.0697459       0.4875982       0.7549074                          
    17:p g1 a11.11 t12.11     0.6064769       0.0696266       0.4652371       0.7319090                          
    18:p g1 a12.175 t13.175   0.7739201       0.0663193       0.6195567       0.8779858                          
    19:p g1 a13.155 t14.155   0.7505043       0.0681968       0.5956709       0.8599829                          
    20:f g1 a0 t1             0.0252823       0.0080960       0.0134403       0.0470603                          


                      Estimates of Derived Parameters
           Lambda Estimates of { Phi(~time)p(~time)f(~1) }
                                                95% Confidence Interval
 Grp. Occ.   Lambda-hat      Standard Error      Lower           Upper
 ---- ----   --------------  --------------  --------------  --------------
   1     1    1.0661382       0.0215939       1.0246474       1.1093090    
   1     2    1.0222810       0.0242069       0.9759260       1.0708378    
   1     3    1.0362199       0.0116600       1.0136173       1.0593266    
   1     4    1.0317019       0.0098568       1.0125628       1.0512027    
   1     5    1.0196927       0.0621075       0.9050474       1.1488604    
   1     6    0.8475564       0.0712639       0.7189901       0.9991124    
   1     7    1.0408448       0.0408747       0.9637646       1.1240897    
   1     8    1.0198545       0.0536723       0.9199660       1.1305886    
   1     9    1.0247702       0.0079457       1.0093147       1.0404624    
           log(Lambda) Estimates of { Phi(~time)p(~time)f(~1) }
                                                95% Confidence Interval
 Grp. Occ.   log(Lambda-hat) Standard Error      Lower           Upper
 ---- ----   --------------  --------------  --------------  --------------
   1     1    0.0640429       0.0202543       0.0243445       0.1037414    
   1     2    0.0220364       0.0236793      -0.0243750       0.0684478    
   1     3    0.0355794       0.0112524       0.0135247       0.0576341    
   1     4    0.0312097       0.0095539       0.0124841       0.0499353    
   1     5    0.0195013       0.0609080      -0.0998784       0.1388810    
   1     6   -0.1653979       0.0840816      -0.3301979      -0.5978667E-03
   1     7    0.0400327       0.0392707      -0.0369379       0.1170032    
   1     8    0.0196599       0.0526274      -0.0834899       0.1228097    
   1     9    0.0244684       0.0077536       0.0092713       0.0396654    

 Attempted ordering of parameters by estimatibility:
  10  1 14 15 13 12 20 17 16 19 11 18  6  2  5  8  7  9  3  4
 Beta number 4 is a singular value.

   CPU Time for the last procedure was 5.84 seconds.     

  Program  MARK  - Survival Rate Estimation with Capture-Recapture Data
   gfortran(dble) Vers. 9.0 Mar 2018     8-May-2019 14:45:50    Page  007
 - - - - - - - - - - - - - - - - - - - - - - - - - - - - - - - - - - - - - -
 


  INPUT --- proc stop;

     CPU Time in minutes for this job was 0.10

     Time Start = 14:45:49.456   Time End = 14:45:50.843

     Wall Clock Time in minutes for this job was 0.02


          E X E C U T I O N   S U C C E S S F U L 
