
   Program  MARK  - Survival Rate Estimation with Capture-Recapture Data
   gfortran(dble) Vers. 9.0 Mar 2018     8-May-2019 14:46:06    Page  001
 - - - - - - - - - - - - - - - - - - - - - - - - - - - - - - - - - - - - - -
 
   This version was compiled by GCC version 7.2.0 using the options: 
     -cpp -iprefix C:/Program Files/mingw-w64/x86_64-7.2.0-posix-seh-rt_v5-rev1/
     mingw64/bin/../lib/gcc/x86_64-w64-mingw32/7.2.0/ -D_MT -D_REENTRANT
     -U_REENTRANT -D IEEE -D DBLEPRECISION -m64 -mtune=core2 -march=nocona -mthreads
     -O2 -fimplicit-none -fbounds-check -funroll-loops -ftree-vectorize
     -ffpe-summary=invalid,zero,overflow,underflow -fno-unsafe-math-optimizations
     -frounding-math -fsignaling-nans -fopenmp.

   This problem will use 11 of 12 possible threads.


  INPUT --- proc title ;

   CPU Time for the last procedure was 0.01 seconds.     


  INPUT --- proc chmatrix occasions= 10 groups= 1 etype= PradRec Nodes= 
  INPUT --- 101 ICMeans NoHist hist=  57 ;

  INPUT ---    time interval 2.565 1.315 1.425 1.25 1.565 1.10000000000001 
  INPUT ---    1.89 1.065 0.98 ;

  INPUT ---    glabel(1)=Group 1;

      Number of unique encounter histories read was 57.

      Number of individual covariates read was 0.
      Time interval lengths vary and/or not equal to 1.

      Data type number is 17
      Data type is Pradel Survival and Recruitment                                                                     

   CPU Time for the last procedure was 0.01 seconds.     

  Program  MARK  - Survival Rate Estimation with Capture-Recapture Data
   gfortran(dble) Vers. 9.0 Mar 2018     8-May-2019 14:46:06    Page  002
 - - - - - - - - - - - - - - - - - - - - - - - - - - - - - - - - - - - - - -
 


  INPUT --- proc estimate link=Parm-Specific NOLOOP varest=2ndPart    ;


  INPUT --- model={ Phi(~time)p(~samplesize)f(~time) };

  INPUT ---    group=1 Phi    rows=1 cols=9 Square ;
  INPUT ---        1 2 3 4 5 6 7 8 9 ;

  INPUT ---    group=1 p    rows=1 cols=10 Square ;
  INPUT ---        10 11 12 13 14 15 15 16 17 18 ;

  INPUT ---    group=1 f    rows=1 cols=9 Square ;
  INPUT ---        19 20 21 22 23 24 25 26 27 ;

  INPUT ---    design matrix constraints=27 covariates=20;
  INPUT ---        1 0 0 0 0 0 0 0 0 0 0 0 0 0 0 0 0 0 0 0;
  INPUT ---        1 1 0 0 0 0 0 0 0 0 0 0 0 0 0 0 0 0 0 0;
  INPUT ---        1 0 1 0 0 0 0 0 0 0 0 0 0 0 0 0 0 0 0 0;
  INPUT ---        1 0 0 1 0 0 0 0 0 0 0 0 0 0 0 0 0 0 0 0;
  INPUT ---        1 0 0 0 1 0 0 0 0 0 0 0 0 0 0 0 0 0 0 0;
  INPUT ---        1 0 0 0 0 1 0 0 0 0 0 0 0 0 0 0 0 0 0 0;
  INPUT ---        1 0 0 0 0 0 1 0 0 0 0 0 0 0 0 0 0 0 0 0;
  INPUT ---        1 0 0 0 0 0 0 1 0 0 0 0 0 0 0 0 0 0 0 0;
  INPUT ---        1 0 0 0 0 0 0 0 1 0 0 0 0 0 0 0 0 0 0 0;
  INPUT ---        0 0 0 0 0 0 0 0 0 1 62 0 0 0 0 0 0 0 0 0;
  INPUT ---        0 0 0 0 0 0 0 0 0 1 122 0 0 0 0 0 0 0 0 0;
  INPUT ---        0 0 0 0 0 0 0 0 0 1 59 0 0 0 0 0 0 0 0 0;
  INPUT ---        0 0 0 0 0 0 0 0 0 1 78 0 0 0 0 0 0 0 0 0;
  INPUT ---        0 0 0 0 0 0 0 0 0 1 70 0 0 0 0 0 0 0 0 0;
  INPUT ---        0 0 0 0 0 0 0 0 0 1 68 0 0 0 0 0 0 0 0 0;
  INPUT ---        0 0 0 0 0 0 0 0 0 1 67 0 0 0 0 0 0 0 0 0;
  INPUT ---        0 0 0 0 0 0 0 0 0 1 96 0 0 0 0 0 0 0 0 0;
  INPUT ---        0 0 0 0 0 0 0 0 0 1 87 0 0 0 0 0 0 0 0 0;
  INPUT ---        0 0 0 0 0 0 0 0 0 0 0 1 0 0 0 0 0 0 0 0;
  INPUT ---        0 0 0 0 0 0 0 0 0 0 0 1 1 0 0 0 0 0 0 0;
  INPUT ---        0 0 0 0 0 0 0 0 0 0 0 1 0 1 0 0 0 0 0 0;
  INPUT ---        0 0 0 0 0 0 0 0 0 0 0 1 0 0 1 0 0 0 0 0;
  INPUT ---        0 0 0 0 0 0 0 0 0 0 0 1 0 0 0 1 0 0 0 0;
  INPUT ---        0 0 0 0 0 0 0 0 0 0 0 1 0 0 0 0 1 0 0 0;
  INPUT ---        0 0 0 0 0 0 0 0 0 0 0 1 0 0 0 0 0 1 0 0;
  INPUT ---        0 0 0 0 0 0 0 0 0 0 0 1 0 0 0 0 0 0 1 0;
  INPUT ---        0 0 0 0 0 0 0 0 0 0 0 1 0 0 0 0 0 0 0 1;

  INPUT ---    links=27;

  Program  MARK  - Survival Rate Estimation with Capture-Recapture Data
   gfortran(dble) Vers. 9.0 Mar 2018     8-May-2019 14:46:06    Page  003
 - - - - - - - - - - - - - - - - - - - - - - - - - - - - - - - - - - - - - -
 

  INPUT ---    Logit;

  INPUT ---    Logit;

  INPUT ---    Logit;

  INPUT ---    Logit;

  INPUT ---    Logit;

  INPUT ---    Logit;

  INPUT ---    Logit;

  INPUT ---    Logit;

  INPUT ---    Logit;

  INPUT ---    Logit;

  INPUT ---    Logit;

  INPUT ---    Logit;

  INPUT ---    Logit;

  INPUT ---    Logit;

  INPUT ---    Logit;

  INPUT ---    Logit;

  INPUT ---    Logit;

  INPUT ---    Logit;

  INPUT ---    Log;

  INPUT ---    Log;

  INPUT ---    Log;

  INPUT ---    Log;

  INPUT ---    Log;

  Program  MARK  - Survival Rate Estimation with Capture-Recapture Data
   gfortran(dble) Vers. 9.0 Mar 2018     8-May-2019 14:46:06    Page  004
 - - - - - - - - - - - - - - - - - - - - - - - - - - - - - - - - - - - - - -
 

  INPUT ---    Log;

  INPUT ---    Log;

  INPUT ---    Log;

  INPUT ---    Log;
  INPUT ---       blabel(1)=Phi:(Intercept);
  INPUT ---       blabel(2)=Phi:time3.565;
  INPUT ---       blabel(3)=Phi:time4.88;
  INPUT ---       blabel(4)=Phi:time6.305;
  INPUT ---       blabel(5)=Phi:time7.555;
  INPUT ---       blabel(6)=Phi:time9.12;
  INPUT ---       blabel(7)=Phi:time10.22;
  INPUT ---       blabel(8)=Phi:time12.11;
  INPUT ---       blabel(9)=Phi:time13.175;
  INPUT ---       blabel(10)=p:(Intercept);
  INPUT ---       blabel(11)=p:samplesize;
  INPUT ---       blabel(12)=f:(Intercept);
  INPUT ---       blabel(13)=f:time3.565;
  INPUT ---       blabel(14)=f:time4.88;
  INPUT ---       blabel(15)=f:time6.305;
  INPUT ---       blabel(16)=f:time7.555;
  INPUT ---       blabel(17)=f:time9.12;
  INPUT ---       blabel(18)=f:time10.22;
  INPUT ---       blabel(19)=f:time12.11;
  INPUT ---       blabel(20)=f:time13.175;
  INPUT ---       rlabel(1)=Phi g1 a0 t1;
  INPUT ---       rlabel(2)=Phi g1 a2.565 t3.565;
  INPUT ---       rlabel(3)=Phi g1 a3.88 t4.88;
  INPUT ---       rlabel(4)=Phi g1 a5.305 t6.305;
  INPUT ---       rlabel(5)=Phi g1 a6.555 t7.555;
  INPUT ---       rlabel(6)=Phi g1 a8.12 t9.12;
  INPUT ---       rlabel(7)=Phi g1 a9.22000000000001 t10.22;
  INPUT ---       rlabel(8)=Phi g1 a11.11 t12.11;
  INPUT ---       rlabel(9)=Phi g1 a12.175 t13.175;
  INPUT ---       rlabel(10)=p g1 a0 t1;
  INPUT ---       rlabel(11)=p g1 a2.565 t3.565;
  INPUT ---       rlabel(12)=p g1 a3.88 t4.88;
  INPUT ---       rlabel(13)=p g1 a5.305 t6.305;
  INPUT ---       rlabel(14)=p g1 a6.555 t7.555;
  INPUT ---       rlabel(15)=p g1 a8.12 t9.12;
  INPUT ---       rlabel(16)=p g1 a11.11 t12.11;
  INPUT ---       rlabel(17)=p g1 a12.175 t13.175;
  INPUT ---       rlabel(18)=p g1 a13.155 t14.155;

  Program  MARK  - Survival Rate Estimation with Capture-Recapture Data
   gfortran(dble) Vers. 9.0 Mar 2018     8-May-2019 14:46:06    Page  005
 - - - - - - - - - - - - - - - - - - - - - - - - - - - - - - - - - - - - - -
 
  INPUT ---       rlabel(19)=f g1 a0 t1;
  INPUT ---       rlabel(20)=f g1 a2.565 t3.565;
  INPUT ---       rlabel(21)=f g1 a3.88 t4.88;
  INPUT ---       rlabel(22)=f g1 a5.305 t6.305;
  INPUT ---       rlabel(23)=f g1 a6.555 t7.555;
  INPUT ---       rlabel(24)=f g1 a8.12 t9.12;
  INPUT ---       rlabel(25)=f g1 a9.22000000000001 t10.22;
  INPUT ---       rlabel(26)=f g1 a11.11 t12.11;
  INPUT ---       rlabel(27)=f g1 a12.175 t13.175;

 Link Function Used is PARM-SPECIFIC

 Variance Estimation Procedure Used is 2ndPart 
 -2logL(saturated) = 516.67055     
 Effective Sample Size = 335

 Number of function evaluations was 82 for 20 parameters.
 Time for numerical optimization was 3.44 seconds.     
 -2logL { Phi(~time)p(~samplesize)f(~time) } = 825.12906     
 Penalty { Phi(~time)p(~samplesize)f(~time) } = 0.0000000     
 Gradient { Phi(~time)p(~samplesize)f(~time) }:
  0.8178537E-04 -0.7638681E-04   0.000000     -0.2218641E-05  0.1022783E-04
  0.1484454E-03   0.000000       0.000000       0.000000     -0.2802350E-03
 -0.7935575E-04  0.4056767E-03 -0.5784353E-04   0.000000      0.3615910E-04
   0.000000      0.3717474E-03  0.5408774E-04   0.000000       0.000000    
 Maximum ABS(G) { Phi(~time)p(~samplesize)f(~time) } = 0.4056767E-03 
 S Vector { Phi(~time)p(~samplesize)f(~time) }:
   143.0833      16.69636      14.57949      3.105269      1.619562    
  0.8687903     0.6929866     0.3081946     0.1552994     0.4486827E-01
  0.1918283E-04 0.6237810E-05 0.1536523E-05 0.1187473E-05 0.1012919E-05
  0.8046024E-06 0.4083772E-06 0.1810914E-06 0.1170778E-06 0.7756209E-08
 Time to compute number of parameters was 1.31 seconds.     
 Ratio Threshold = 50.000000       Max Gap (10/11) = 2338.9805       Next Max Gap (19/20) = 15.094718     
 Gap Method for Num. of Estimated Parameters { Phi(~time)p(~samplesize)f(~time) } = 10          
 Threshold { Phi(~time)p(~samplesize)f(~time) } = 0.8113534E-03                 
 Numerical Threshold Method for Num. of Estimated Parameters { Phi(~time)p(~samplesize)f(~time) } = 10          
 Number of Estimated Parameters { Phi(~time)p(~samplesize)f(~time) } = 10          
 DEVIANCE { Phi(~time)p(~samplesize)f(~time) } = 308.45851                     
 DEVIANCE Degrees of Freedom { Phi(~time)p(~samplesize)f(~time) } = 47            
 c-hat { Phi(~time)p(~samplesize)f(~time) } = 6.5629469                     
 AIC { Phi(~time)p(~samplesize)f(~time) } = 845.12906                  
 AICc { Phi(~time)p(~samplesize)f(~time) } = 845.80807                    
 BIC { Phi(~time)p(~samplesize)f(~time) } = 883.27036                    
 Pearson Chisquare { Phi(~time)p(~samplesize)f(~time) } = 1240.1998                  
 Possible Encounter Histories { Phi(~time)p(~samplesize)f(~time) } = 1023             
 Pearson Chisquare df { Phi(~time)p(~samplesize)f(~time) } = 1012        
 Pearson chat { Phi(~time)p(~samplesize)f(~time) } = 1.2254939                  
 Sum(Observed/Expected) { Phi(~time)p(~samplesize)f(~time) } = 1185.3435                  
 Fletcher chat { Phi(~time)p(~samplesize)f(~time) } = 1.0576514                  


             PARM-SPECIFIC Link Function Parameters of { Phi(~time)p(~samplesize)f(~time) }
                                                              95% Confidence Interval
 Parameter                    Beta         Standard Error      Lower           Upper
 -------------------------  --------------  --------------  --------------  --------------
    1:Phi:(Intercept)        31.276807       0.0000000       31.276807       31.276807    
    2:Phi:time3.565         -26.766204       0.0000000      -26.766204      -26.766204    
    3:Phi:time4.88           12.124042       2935.4254      -5741.3098       5765.5579    
    4:Phi:time6.305         -26.510153       0.0000000      -26.510153      -26.510153    
    5:Phi:time7.555         -26.599940       0.0000000      -26.599940      -26.599940    
    6:Phi:time9.12          -29.580195       0.0000000      -29.580195      -29.580195    
    7:Phi:time10.22          4.0804051       1110.9891      -2173.4583       2181.6191    
    8:Phi:time12.11          2.7602529       829.73386      -1623.5181       1629.0386    

  Program  MARK  - Survival Rate Estimation with Capture-Recapture Data
   gfortran(dble) Vers. 9.0 Mar 2018     8-May-2019 14:46:06    Page  006
 - - - - - - - - - - - - - - - - - - - - - - - - - - - - - - - - - - - - - -
 
    9:Phi:time13.175         3.1185004       903.74415      -1768.2201       1774.4571    
   10:p:(Intercept)         -1.0146488       0.4636239      -1.9233517      -0.1059458    
   11:p:samplesize           0.0201730       0.0061366       0.0081452       0.0322007    
   12:f:(Intercept)         -31.366138       0.0000000      -31.366138      -31.366138    
   13:f:time3.565            28.281158       0.0000000       28.281158       28.281158    
   14:f:time4.88             13.885581       2345.3384      -4582.9778       4610.7489    
   15:f:time6.305            28.750317       0.0000000       28.750317       28.750317    
   16:f:time7.555            3.5046117       1005.5157      -1967.3061       1974.3153    
   17:f:time9.12             29.045758       0.0000000       29.045758       29.045758    
   18:f:time10.22            27.070121       0.0000000       27.070121       27.070121    
   19:f:time12.11            6.5774459       1569.3555      -3069.3595       3082.5143    
   20:f:time13.175          -49.702251       11350.476      -22296.636       22197.231    


             Real Function Parameters of { Phi(~time)p(~samplesize)f(~time) }
                                                               95% Confidence Interval
  Parameter                  Estimate       Standard Error      Lower           Upper
 --------------------------  --------------  --------------  --------------  --------------
     1:Phi g1 a0 t1           1.0000000       0.0000000       1.0000000       1.0000000                          
     2:Phi g1 a2.565 t3.565   0.9891277       0.0170190       0.8035749       0.9995060                          
     3:Phi g1 a3.88 t4.88     1.0000000       0.0000000       1.0000000       1.0000000                          
     4:Phi g1 a5.305 t6.305   0.9915630       0.0306032       0.0829237       0.9999935                          
     5:Phi g1 a6.555 t7.555   0.9907777       0.0379662       0.0302618       0.9999973                          
     6:Phi g1 a8.12 t9.12     0.8450918       0.0609455       0.6865720       0.9314439                          
     7:Phi g1 a9.2200000000   1.0000000       0.4868627E-12   1.0000000       1.0000000                          
     8:Phi g1 a11.11 t12.11   1.0000000       0.1257976E-11   1.0000000       1.0000000                          
     9:Phi g1 a12.175 t13.1   1.0000000       0.9846469E-12   1.0000000       1.0000000                          
    10:p g1 a0 t1             0.5587460       0.0306016       0.4981998       0.6175942                          
    11:p g1 a2.565 t3.565     0.8094517       0.0482738       0.6969914       0.8869432                          
    12:p g1 a3.88 t4.88       0.5437765       0.0336476       0.4774454       0.6085903                          
    13:p g1 a5.305 t6.305     0.6361844       0.0241734       0.5876201       0.6821234                          
    14:p g1 a6.555 t7.555     0.5980767       0.0249195       0.5484155       0.6458038                          
    15:p g1 a8.12 t9.12       0.5883411       0.0259270       0.5367572       0.6380544                          
    16:p g1 a11.11 t12.11     0.5834468       0.0265445       0.5306783       0.6343700                          
    17:p g1 a12.175 t13.175   0.7154402       0.0346064       0.6430862       0.7781857                          
    18:p g1 a13.155 t14.155   0.6770829       0.0283823       0.6191558       0.7300408                          
    19:f g1 a0 t1             0.2387038E-13   0.0000000       0.2387038E-13   0.2387038E-13                      
    20:f g1 a2.565 t3.565     0.0457310       0.0497468       0.0051048       0.3091967                          
    21:f g1 a3.88 t4.88       0.2560298E-07   0.6002981E-04  0.1424213E-315   1.0000000                          
    22:f g1 a5.305 t6.305     0.0731078       0.0429302       0.0222779       0.2144724                          
    23:f g1 a6.555 t7.555     0.7941324E-12   0.7941070E-09  -0.1555656E-08   0.1557244E-08                      
    24:f g1 a8.12 t9.12       0.0982362       0.0580363       0.0292822       0.2823366                          
    25:f g1 a9.220000000000   0.0136227       0.0256707       0.3265019E-03   0.3686872                          
    26:f g1 a11.11 t12.11     0.1715568E-10   0.2687299E-07  -0.5265391E-07   0.5268822E-07                      
    27:f g1 a12.175 t13.175   0.6200774E-35   0.7037775E-31  -0.1379342E-30   0.1379466E-30                      

  Program  MARK  - Survival Rate Estimation with Capture-Recapture Data
   gfortran(dble) Vers. 9.0 Mar 2018     8-May-2019 14:46:06    Page  007
 - - - - - - - - - - - - - - - - - - - - - - - - - - - - - - - - - - - - - -
 


                      Estimates of Derived Parameters
       Lambda Estimates of { Phi(~time)p(~samplesize)f(~time) }
                                                95% Confidence Interval
 Grp. Occ.   Lambda-hat      Standard Error      Lower           Upper
 ---- ----   --------------  --------------  --------------  --------------
   1     1    1.0000000       0.0000000       1.0000000       1.0000000    
   1     2    1.0460888       0.0691135       0.9191601       1.1905454    
   1     3    1.0000000       0.8554426E-04   0.9998324       1.0001677    
   1     4    1.0814816       0.0667171       0.9584225       1.2203413    
   1     5    0.9856048       0.0591108       0.8763904       1.1084292    
   1     6    0.9378406       0.0929610       0.7726102       1.1384070    
   1     7    1.0259029       0.0491092       0.9340765       1.1267566    
   1     8    1.0000000       0.2864771E-07   0.9999999       1.0000001    
   1     9    1.0000000       0.0000000       1.0000000       1.0000000    
       log(Lambda) Estimates of { Phi(~time)p(~samplesize)f(~time) }
                                                95% Confidence Interval
 Grp. Occ.   log(Lambda-hat) Standard Error      Lower           Upper
 ---- ----   --------------  --------------  --------------  --------------
   1     1   -0.5995204E-14   0.0000000      -0.5995204E-14  -0.5995204E-14
   1     2    0.0450583       0.0660685      -0.0844360       0.1745525    
   1     3    0.3648425E-07   0.8554426E-04  -0.1676303E-03   0.1677032E-03
   1     4    0.0783320       0.0616905      -0.0425814       0.1992454    
   1     5   -0.0144998       0.0599741      -0.1320491       0.1030494    
   1     6   -0.0641753       0.0991224      -0.2584553       0.1301046    
   1     7    0.0255731       0.0478693      -0.0682506       0.1193969    
   1     8    0.1826916E-10   0.2864771E-07  -0.5613124E-07   0.5616778E-07
   1     9   -0.1110223E-14   0.0000000      -0.1110223E-14  -0.1110223E-14

 Attempted ordering of parameters by estimatibility:
  10 12  1 15 11 13  6 18  2  5 17  4  8  9 16  7 19 14  3 20
 Beta number 20 is a singular value.

   CPU Time for the last procedure was 4.77 seconds.     

  Program  MARK  - Survival Rate Estimation with Capture-Recapture Data
   gfortran(dble) Vers. 9.0 Mar 2018     8-May-2019 14:46:06    Page  008
 - - - - - - - - - - - - - - - - - - - - - - - - - - - - - - - - - - - - - -
 


  INPUT --- proc stop;

     CPU Time in minutes for this job was 0.08

     Time Start = 14:46:06.012   Time End = 14:46:06.666

     Wall Clock Time in minutes for this job was 0.01


          E X E C U T I O N   S U C C E S S F U L 
