
   Program  MARK  - Survival Rate Estimation with Capture-Recapture Data
   gfortran(dble) Vers. 9.0 Mar 2018     8-May-2019 14:46:02    Page  001
 - - - - - - - - - - - - - - - - - - - - - - - - - - - - - - - - - - - - - -
 
   This version was compiled by GCC version 7.2.0 using the options: 
     -cpp -iprefix C:/Program Files/mingw-w64/x86_64-7.2.0-posix-seh-rt_v5-rev1/
     mingw64/bin/../lib/gcc/x86_64-w64-mingw32/7.2.0/ -D_MT -D_REENTRANT
     -U_REENTRANT -D IEEE -D DBLEPRECISION -m64 -mtune=core2 -march=nocona -mthreads
     -O2 -fimplicit-none -fbounds-check -funroll-loops -ftree-vectorize
     -ffpe-summary=invalid,zero,overflow,underflow -fno-unsafe-math-optimizations
     -frounding-math -fsignaling-nans -fopenmp.

   This problem will use 11 of 12 possible threads.


  INPUT --- proc title ;

   CPU Time for the last procedure was 0.01 seconds.     


  INPUT --- proc chmatrix occasions= 10 groups= 1 etype= PradRec Nodes= 
  INPUT --- 101 ICMeans NoHist hist=  57 ;

  INPUT ---    time interval 2.565 1.315 1.425 1.25 1.565 1.10000000000001 
  INPUT ---    1.89 1.065 0.98 ;

  INPUT ---    glabel(1)=Group 1;

      Number of unique encounter histories read was 57.

      Number of individual covariates read was 0.
      Time interval lengths vary and/or not equal to 1.

      Data type number is 17
      Data type is Pradel Survival and Recruitment                                                                     

   CPU Time for the last procedure was 0.01 seconds.     

  Program  MARK  - Survival Rate Estimation with Capture-Recapture Data
   gfortran(dble) Vers. 9.0 Mar 2018     8-May-2019 14:46:02    Page  002
 - - - - - - - - - - - - - - - - - - - - - - - - - - - - - - - - - - - - - -
 


  INPUT --- proc estimate link=Parm-Specific NOLOOP varest=2ndPart    ;


  INPUT --- model={ Phi(~1)p(~samplesize)f(~time) };

  INPUT ---    group=1 Phi    rows=1 cols=9 Square ;
  INPUT ---        1 1 1 1 1 1 1 1 1 ;

  INPUT ---    group=1 p    rows=1 cols=10 Square ;
  INPUT ---        2 3 4 5 6 7 7 8 9 10 ;

  INPUT ---    group=1 f    rows=1 cols=9 Square ;
  INPUT ---        11 12 13 14 15 16 17 18 19 ;

  INPUT ---    design matrix constraints=19 covariates=12;
  INPUT ---        1 0 0 0 0 0 0 0 0 0 0 0;
  INPUT ---        0 1 62 0 0 0 0 0 0 0 0 0;
  INPUT ---        0 1 122 0 0 0 0 0 0 0 0 0;
  INPUT ---        0 1 59 0 0 0 0 0 0 0 0 0;
  INPUT ---        0 1 78 0 0 0 0 0 0 0 0 0;
  INPUT ---        0 1 70 0 0 0 0 0 0 0 0 0;
  INPUT ---        0 1 68 0 0 0 0 0 0 0 0 0;
  INPUT ---        0 1 67 0 0 0 0 0 0 0 0 0;
  INPUT ---        0 1 96 0 0 0 0 0 0 0 0 0;
  INPUT ---        0 1 87 0 0 0 0 0 0 0 0 0;
  INPUT ---        0 0 0 1 0 0 0 0 0 0 0 0;
  INPUT ---        0 0 0 1 1 0 0 0 0 0 0 0;
  INPUT ---        0 0 0 1 0 1 0 0 0 0 0 0;
  INPUT ---        0 0 0 1 0 0 1 0 0 0 0 0;
  INPUT ---        0 0 0 1 0 0 0 1 0 0 0 0;
  INPUT ---        0 0 0 1 0 0 0 0 1 0 0 0;
  INPUT ---        0 0 0 1 0 0 0 0 0 1 0 0;
  INPUT ---        0 0 0 1 0 0 0 0 0 0 1 0;
  INPUT ---        0 0 0 1 0 0 0 0 0 0 0 1;

  INPUT ---    links=19;

  INPUT ---    Logit;

  INPUT ---    Logit;

  INPUT ---    Logit;

  INPUT ---    Logit;

  Program  MARK  - Survival Rate Estimation with Capture-Recapture Data
   gfortran(dble) Vers. 9.0 Mar 2018     8-May-2019 14:46:02    Page  003
 - - - - - - - - - - - - - - - - - - - - - - - - - - - - - - - - - - - - - -
 

  INPUT ---    Logit;

  INPUT ---    Logit;

  INPUT ---    Logit;

  INPUT ---    Logit;

  INPUT ---    Logit;

  INPUT ---    Logit;

  INPUT ---    Log;

  INPUT ---    Log;

  INPUT ---    Log;

  INPUT ---    Log;

  INPUT ---    Log;

  INPUT ---    Log;

  INPUT ---    Log;

  INPUT ---    Log;

  INPUT ---    Log;
  INPUT ---       blabel(1)=Phi:(Intercept);
  INPUT ---       blabel(2)=p:(Intercept);
  INPUT ---       blabel(3)=p:samplesize;
  INPUT ---       blabel(4)=f:(Intercept);
  INPUT ---       blabel(5)=f:time3.565;
  INPUT ---       blabel(6)=f:time4.88;
  INPUT ---       blabel(7)=f:time6.305;
  INPUT ---       blabel(8)=f:time7.555;
  INPUT ---       blabel(9)=f:time9.12;
  INPUT ---       blabel(10)=f:time10.22;
  INPUT ---       blabel(11)=f:time12.11;
  INPUT ---       blabel(12)=f:time13.175;
  INPUT ---       rlabel(1)=Phi g1 a0 t1;
  INPUT ---       rlabel(2)=p g1 a0 t1;
  INPUT ---       rlabel(3)=p g1 a2.565 t3.565;
  INPUT ---       rlabel(4)=p g1 a3.88 t4.88;

  Program  MARK  - Survival Rate Estimation with Capture-Recapture Data
   gfortran(dble) Vers. 9.0 Mar 2018     8-May-2019 14:46:02    Page  004
 - - - - - - - - - - - - - - - - - - - - - - - - - - - - - - - - - - - - - -
 
  INPUT ---       rlabel(5)=p g1 a5.305 t6.305;
  INPUT ---       rlabel(6)=p g1 a6.555 t7.555;
  INPUT ---       rlabel(7)=p g1 a8.12 t9.12;
  INPUT ---       rlabel(8)=p g1 a11.11 t12.11;
  INPUT ---       rlabel(9)=p g1 a12.175 t13.175;
  INPUT ---       rlabel(10)=p g1 a13.155 t14.155;
  INPUT ---       rlabel(11)=f g1 a0 t1;
  INPUT ---       rlabel(12)=f g1 a2.565 t3.565;
  INPUT ---       rlabel(13)=f g1 a3.88 t4.88;
  INPUT ---       rlabel(14)=f g1 a5.305 t6.305;
  INPUT ---       rlabel(15)=f g1 a6.555 t7.555;
  INPUT ---       rlabel(16)=f g1 a8.12 t9.12;
  INPUT ---       rlabel(17)=f g1 a9.22000000000001 t10.22;
  INPUT ---       rlabel(18)=f g1 a11.11 t12.11;
  INPUT ---       rlabel(19)=f g1 a12.175 t13.175;

 Link Function Used is PARM-SPECIFIC

 Variance Estimation Procedure Used is 2ndPart 
 -2logL(saturated) = 516.67055     
 Effective Sample Size = 335

 Number of function evaluations was 62 for 12 parameters.
 Time for numerical optimization was 1.38 seconds.     
 -2logL { Phi(~1)p(~samplesize)f(~time) } = 840.14690     
 Penalty { Phi(~1)p(~samplesize)f(~time) } = 0.0000000     
 Gradient { Phi(~1)p(~samplesize)f(~time) }:
  0.2730774E-02 -0.1904063E-02 -0.1258106E-02  0.1827602E-02  0.4299872E-03
  0.6795499E-05  0.7510782E-03  0.1589007E-06  0.4867722E-03  0.1472826E-03
  0.2199653E-06 -0.2442361E-06
 Maximum ABS(G) { Phi(~1)p(~samplesize)f(~time) } = 0.0027308     
 S Vector { Phi(~1)p(~samplesize)f(~time) }:
   133.8156      16.39191      7.651919      2.958464      1.626955    
  0.9002836     0.3354716     0.2559428E-03 0.7016989E-06 0.5525817E-08
  0.2400181E-08 0.1706193E-08
 Time to compute number of parameters was 0.20 seconds.     
 Ratio Threshold = 50.000000       Max Gap (7/8) = 1310.7288       Next Max Gap (8/9) = 364.74736     
 Gap Method for Num. of Estimated Parameters { Phi(~1)p(~samplesize)f(~time) } = 7          
 Threshold { Phi(~1)p(~samplesize)f(~time) } = 0.0054615                     
 Numerical Threshold Method for Num. of Estimated Parameters { Phi(~1)p(~samplesize)f(~time) } = 7          
 Number of Estimated Parameters { Phi(~1)p(~samplesize)f(~time) } = 7          
 DEVIANCE { Phi(~1)p(~samplesize)f(~time) } = 323.47635                     
 DEVIANCE Degrees of Freedom { Phi(~1)p(~samplesize)f(~time) } = 50            
 c-hat { Phi(~1)p(~samplesize)f(~time) } = 6.4695270                     
 AIC { Phi(~1)p(~samplesize)f(~time) } = 854.14690                  
 AICc { Phi(~1)p(~samplesize)f(~time) } = 854.48941                    
 BIC { Phi(~1)p(~samplesize)f(~time) } = 880.84582                    
 Pearson Chisquare { Phi(~1)p(~samplesize)f(~time) } = 1536.2859                  
 Possible Encounter Histories { Phi(~1)p(~samplesize)f(~time) } = 1023             
 Pearson Chisquare df { Phi(~1)p(~samplesize)f(~time) } = 1015        
 Pearson chat { Phi(~1)p(~samplesize)f(~time) } = 1.5135821                  
 Sum(Observed/Expected) { Phi(~1)p(~samplesize)f(~time) } = 1331.9913                  
 Fletcher chat { Phi(~1)p(~samplesize)f(~time) } = 1.1624659                  


              PARM-SPECIFIC Link Function Parameters of { Phi(~1)p(~samplesize)f(~time) }
                                                              95% Confidence Interval
 Parameter                    Beta         Standard Error      Lower           Upper
 -------------------------  --------------  --------------  --------------  --------------
    1:Phi:(Intercept)        3.9846310       0.3606827       3.2776929       4.6915692    
    2:p:(Intercept)         -1.0715239       0.4657513      -1.9843965      -0.1586513    
    3:p:samplesize           0.0206320       0.0062535       0.0083751       0.0328890    
    4:f:(Intercept)         -110.87954       0.0000000      -110.87954      -110.87954    
    5:f:time3.565            107.88573       0.0000000       107.88573       107.88573    
    6:f:time4.88             96.120363       1193.7950      -2243.7178       2435.9585    

  Program  MARK  - Survival Rate Estimation with Capture-Recapture Data
   gfortran(dble) Vers. 9.0 Mar 2018     8-May-2019 14:46:02    Page  005
 - - - - - - - - - - - - - - - - - - - - - - - - - - - - - - - - - - - - - -
 
    7:f:time6.305            108.33408       0.0000000       108.33408       108.33408    
    8:f:time7.555            55.064863       19937.573      -39022.579       39132.709    
    9:f:time9.12             108.60523       0.0000000       108.60523       108.60523    
   10:f:time10.22            106.57400       0.0000000       106.57400       106.57400    
   11:f:time12.11            39.494024       12980.263      -25401.821       25480.809    
   12:f:time13.175          -35.268446       0.0000000      -35.268446      -35.268446    


              Real Function Parameters of { Phi(~1)p(~samplesize)f(~time) }
                                                               95% Confidence Interval
  Parameter                  Estimate       Standard Error      Lower           Upper
 --------------------------  --------------  --------------  --------------  --------------
     1:Phi g1 a0 t1           0.9817403       0.0064657       0.9636556       0.9909111                          
     2:p g1 a0 t1             0.5517298       0.0306881       0.4911169       0.6108437                          
     3:p g1 a2.565 t3.565     0.8093179       0.0503931       0.6911621       0.8894967                          
     4:p g1 a3.88 t4.88       0.5363771       0.0335718       0.4703256       0.6011764                          
     5:p g1 a5.305 t6.305     0.6312946       0.0257032       0.5796503       0.6800956                          
     6:p g1 a6.555 t7.555     0.5921157       0.0256645       0.5410174       0.6412969                          
     7:p g1 a8.12 t9.12       0.5821132       0.0264792       0.5294915       0.6329295                          
     8:p g1 a11.11 t12.11     0.5770859       0.0270062       0.5234673       0.6289479                          
     9:p g1 a12.175 t13.175   0.7128264       0.0369181       0.6354499       0.7794790                          
    10:p g1 a13.155 t14.155   0.6733691       0.0304699       0.6110988       0.7300729                          
    11:f g1 a0 t1             0.7008563E-48   0.0000000       0.7008563E-48   0.7008563E-48                      
    12:f g1 a2.565 t3.565     0.0500966       0.0522179       0.0061012       0.3118111                          
    13:f g1 a3.88 t4.88       0.3891995E-06   0.4647511E-03  0.2164995E-314   1.0000000                          
    14:f g1 a5.305 t6.305     0.0784369       0.0460430       0.0238406       0.2287615                          
    15:f g1 a6.555 t7.555     0.5754333E-24   0.1147273E-19  -0.2248598E-19   0.2248713E-19                      
    16:f g1 a8.12 t9.12       0.1028679       0.0625820       0.0294579       0.3022468                          
    17:f g1 a9.220000000000   0.0134937       0.0242885       0.3825839E-03   0.3283377                          
    18:f g1 a11.11 t12.11     0.9946398E-31   0.1291066E-26  -0.2530389E-26   0.2530588E-26                      
    19:f g1 a12.175 t13.175   0.3378606E-63   0.0000000       0.3378606E-63   0.3378606E-63                      


                      Estimates of Derived Parameters
        Lambda Estimates of { Phi(~1)p(~samplesize)f(~time) }
                                                95% Confidence Interval
 Grp. Occ.   Lambda-hat      Standard Error      Lower           Upper
 ---- ----   --------------  --------------  --------------  --------------
   1     1    0.9538308       0.0161131       0.9227685       0.9859387    
   1     2    1.0420739       0.0689915       0.9153865       1.1862946    
   1     3    0.9740818       0.0091653       0.9562828       0.9922121    
   1     4    1.0757791       0.0585580       0.9669922       1.1968044    
   1     5    0.9715714       0.0100140       0.9521413       0.9913979    
   1     6    1.0934531       0.0693817       0.9657017       1.2381045    
   1     7    0.9910114       0.0466674       0.9036836       1.0867781    
   1     8    0.9805650       0.0068777       0.9671771       0.9941383    

  Program  MARK  - Survival Rate Estimation with Capture-Recapture Data
   gfortran(dble) Vers. 9.0 Mar 2018     8-May-2019 14:46:02    Page  006
 - - - - - - - - - - - - - - - - - - - - - - - - - - - - - - - - - - - - - -
 
   1     9    0.9821022       0.0063387       0.9697567       0.9946049    
        log(Lambda) Estimates of { Phi(~1)p(~samplesize)f(~time) }
                                                95% Confidence Interval
 Grp. Occ.   log(Lambda-hat) Standard Error      Lower           Upper
 ---- ----   --------------  --------------  --------------  --------------
   1     1   -0.0472690       0.0168930      -0.0803793      -0.0141587    
   1     2    0.0412129       0.0662059      -0.0885508       0.1709765    
   1     3   -0.0262600       0.0094092      -0.0447020      -0.0078180    
   1     4    0.0730451       0.0544331      -0.0336437       0.1797339    
   1     5   -0.0288405       0.0103070      -0.0490423      -0.0086387    
   1     6    0.0893407       0.0634520      -0.0350252       0.2137065    
   1     7   -0.0090292       0.0470907      -0.1013270       0.0832685    
   1     8   -0.0196263       0.0070141      -0.0333739      -0.0058788    
   1     9   -0.0180599       0.0064542      -0.0307102      -0.0054096    

 Attempted ordering of parameters by estimatibility:
   2  4  1  7  3  5 10  9  6 11  8 12
 Beta number 12 is a singular value.

   CPU Time for the last procedure was 1.58 seconds.     


  INPUT --- proc stop;

     CPU Time in minutes for this job was 0.03

     Time Start = 14:46:02.417   Time End = 14:46:02.682

     Wall Clock Time in minutes for this job was 0.00


          E X E C U T I O N   S U C C E S S F U L 
