
   Program  MARK  - Survival Rate Estimation with Capture-Recapture Data
   gfortran(dble) Vers. 9.0 Mar 2018     3-Oct-2019 17:59:47    Page  001
 - - - - - - - - - - - - - - - - - - - - - - - - - - - - - - - - - - - - - -
 
   This version was compiled by GCC version 7.2.0 using the options: 
     -cpp -iprefix C:/Program Files/mingw-w64/x86_64-7.2.0-posix-seh-rt_v5-rev1/
     mingw64/bin/../lib/gcc/x86_64-w64-mingw32/7.2.0/ -D_MT -D_REENTRANT
     -U_REENTRANT -D IEEE -D DBLEPRECISION -m64 -mtune=core2 -march=nocona -mthreads
     -O2 -fimplicit-none -fbounds-check -funroll-loops -ftree-vectorize
     -ffpe-summary=invalid,zero,overflow,underflow -fno-unsafe-math-optimizations
     -frounding-math -fsignaling-nans -fopenmp.

   This problem will use 11 of 12 possible threads.


  INPUT --- proc title ;

   CPU Time for the last procedure was 0.01 seconds.     


  INPUT --- proc chmatrix occasions= 10 groups= 1 etype= PradRec Nodes= 
  INPUT --- 101 ICMeans NoHist hist=  27 ;

  INPUT ---    time interval 1.363074 1.882837 1.208284 1.513133 1.882774 
  INPUT ---    1.449674 1.252342 1.234681  1.375626 ;

  INPUT ---    glabel(1)=Group 1;

      Number of unique encounter histories read was 27.

      Number of individual covariates read was 0.
      Time interval lengths vary and/or not equal to 1.

      Data type number is 17
      Data type is Pradel Survival and Recruitment                                                                     

   CPU Time for the last procedure was 0.01 seconds.     

  Program  MARK  - Survival Rate Estimation with Capture-Recapture Data
   gfortran(dble) Vers. 9.0 Mar 2018     3-Oct-2019 17:59:47    Page  002
 - - - - - - - - - - - - - - - - - - - - - - - - - - - - - - - - - - - - - -
 


  INPUT --- proc estimate link=Parm-Specific NOLOOP varest=2ndPart    ;


  INPUT --- model={ Phi(~time)p(~time)f(~time) };

  INPUT ---    group=1 Phi    rows=1 cols=9 Square ;
  INPUT ---        1 2 3 4 5 6 7 8 9 ;

  INPUT ---    group=1 p    rows=1 cols=10 Square ;
  INPUT ---        10 11 12 13 14 15 16 17 18 19 ;

  INPUT ---    group=1 f    rows=1 cols=9 Square ;
  INPUT ---        20 21 22 23 24 25 26 27 28 ;

  INPUT ---    design matrix constraints=28 covariates=28;
  INPUT ---        1 0 0 0 0 0 0 0 0 0 0 0 0 0 0 0 0 0 0 0 0 0 0 0 0 0 0 0;
  INPUT ---        1 1 0 0 0 0 0 0 0 0 0 0 0 0 0 0 0 0 0 0 0 0 0 0 0 0 0 0;
  INPUT ---        1 0 1 0 0 0 0 0 0 0 0 0 0 0 0 0 0 0 0 0 0 0 0 0 0 0 0 0;
  INPUT ---        1 0 0 1 0 0 0 0 0 0 0 0 0 0 0 0 0 0 0 0 0 0 0 0 0 0 0 0;
  INPUT ---        1 0 0 0 1 0 0 0 0 0 0 0 0 0 0 0 0 0 0 0 0 0 0 0 0 0 0 0;
  INPUT ---        1 0 0 0 0 1 0 0 0 0 0 0 0 0 0 0 0 0 0 0 0 0 0 0 0 0 0 0;
  INPUT ---        1 0 0 0 0 0 1 0 0 0 0 0 0 0 0 0 0 0 0 0 0 0 0 0 0 0 0 0;
  INPUT ---        1 0 0 0 0 0 0 1 0 0 0 0 0 0 0 0 0 0 0 0 0 0 0 0 0 0 0 0;
  INPUT ---        1 0 0 0 0 0 0 0 1 0 0 0 0 0 0 0 0 0 0 0 0 0 0 0 0 0 0 0;
  INPUT ---        0 0 0 0 0 0 0 0 0 1 0 0 0 0 0 0 0 0 0 0 0 0 0 0 0 0 0 0;
  INPUT ---        0 0 0 0 0 0 0 0 0 1 1 0 0 0 0 0 0 0 0 0 0 0 0 0 0 0 0 0;
  INPUT ---        0 0 0 0 0 0 0 0 0 1 0 1 0 0 0 0 0 0 0 0 0 0 0 0 0 0 0 0;
  INPUT ---        0 0 0 0 0 0 0 0 0 1 0 0 1 0 0 0 0 0 0 0 0 0 0 0 0 0 0 0;
  INPUT ---        0 0 0 0 0 0 0 0 0 1 0 0 0 1 0 0 0 0 0 0 0 0 0 0 0 0 0 0;
  INPUT ---        0 0 0 0 0 0 0 0 0 1 0 0 0 0 1 0 0 0 0 0 0 0 0 0 0 0 0 0;
  INPUT ---        0 0 0 0 0 0 0 0 0 1 0 0 0 0 0 1 0 0 0 0 0 0 0 0 0 0 0 0;
  INPUT ---        0 0 0 0 0 0 0 0 0 1 0 0 0 0 0 0 1 0 0 0 0 0 0 0 0 0 0 0;
  INPUT ---        0 0 0 0 0 0 0 0 0 1 0 0 0 0 0 0 0 1 0 0 0 0 0 0 0 0 0 0;
  INPUT ---        0 0 0 0 0 0 0 0 0 1 0 0 0 0 0 0 0 0 1 0 0 0 0 0 0 0 0 0;
  INPUT ---        0 0 0 0 0 0 0 0 0 0 0 0 0 0 0 0 0 0 0 1 0 0 0 0 0 0 0 0;
  INPUT ---        0 0 0 0 0 0 0 0 0 0 0 0 0 0 0 0 0 0 0 1 1 0 0 0 0 0 0 0;
  INPUT ---        0 0 0 0 0 0 0 0 0 0 0 0 0 0 0 0 0 0 0 1 0 1 0 0 0 0 0 0;
  INPUT ---        0 0 0 0 0 0 0 0 0 0 0 0 0 0 0 0 0 0 0 1 0 0 1 0 0 0 0 0;
  INPUT ---        0 0 0 0 0 0 0 0 0 0 0 0 0 0 0 0 0 0 0 1 0 0 0 1 0 0 0 0;
  INPUT ---        0 0 0 0 0 0 0 0 0 0 0 0 0 0 0 0 0 0 0 1 0 0 0 0 1 0 0 0;
  INPUT ---        0 0 0 0 0 0 0 0 0 0 0 0 0 0 0 0 0 0 0 1 0 0 0 0 0 1 0 0;
  INPUT ---        0 0 0 0 0 0 0 0 0 0 0 0 0 0 0 0 0 0 0 1 0 0 0 0 0 0 1 0;
  INPUT ---        0 0 0 0 0 0 0 0 0 0 0 0 0 0 0 0 0 0 0 1 0 0 0 0 0 0 0 1;


  Program  MARK  - Survival Rate Estimation with Capture-Recapture Data
   gfortran(dble) Vers. 9.0 Mar 2018     3-Oct-2019 17:59:47    Page  003
 - - - - - - - - - - - - - - - - - - - - - - - - - - - - - - - - - - - - - -
 
  INPUT ---    links=28;

  INPUT ---    Logit;

  INPUT ---    Logit;

  INPUT ---    Logit;

  INPUT ---    Logit;

  INPUT ---    Logit;

  INPUT ---    Logit;

  INPUT ---    Logit;

  INPUT ---    Logit;

  INPUT ---    Logit;

  INPUT ---    Logit;

  INPUT ---    Logit;

  INPUT ---    Logit;

  INPUT ---    Logit;

  INPUT ---    Logit;

  INPUT ---    Logit;

  INPUT ---    Logit;

  INPUT ---    Logit;

  INPUT ---    Logit;

  INPUT ---    Logit;

  INPUT ---    Log;

  INPUT ---    Log;

  INPUT ---    Log;


  Program  MARK  - Survival Rate Estimation with Capture-Recapture Data
   gfortran(dble) Vers. 9.0 Mar 2018     3-Oct-2019 17:59:47    Page  004
 - - - - - - - - - - - - - - - - - - - - - - - - - - - - - - - - - - - - - -
 
  INPUT ---    Log;

  INPUT ---    Log;

  INPUT ---    Log;

  INPUT ---    Log;

  INPUT ---    Log;

  INPUT ---    Log;
  INPUT ---       blabel(1)=Phi:(Intercept);
  INPUT ---       blabel(2)=Phi:time2.363074;
  INPUT ---       blabel(3)=Phi:time4.245911;
  INPUT ---       blabel(4)=Phi:time5.454195;
  INPUT ---       blabel(5)=Phi:time6.967328;
  INPUT ---       blabel(6)=Phi:time8.850102;
  INPUT ---       blabel(7)=Phi:time10.299776;
  INPUT ---       blabel(8)=Phi:time11.552118;
  INPUT ---       blabel(9)=Phi:time12.786799;
  INPUT ---       blabel(10)=p:(Intercept);
  INPUT ---       blabel(11)=p:time2.363074;
  INPUT ---       blabel(12)=p:time4.245911;
  INPUT ---       blabel(13)=p:time5.454195;
  INPUT ---       blabel(14)=p:time6.967328;
  INPUT ---       blabel(15)=p:time8.850102;
  INPUT ---       blabel(16)=p:time10.299776;
  INPUT ---       blabel(17)=p:time11.552118;
  INPUT ---       blabel(18)=p:time12.786799;
  INPUT ---       blabel(19)=p:time14.162425;
  INPUT ---       blabel(20)=f:(Intercept);
  INPUT ---       blabel(21)=f:time2.363074;
  INPUT ---       blabel(22)=f:time4.245911;
  INPUT ---       blabel(23)=f:time5.454195;
  INPUT ---       blabel(24)=f:time6.967328;
  INPUT ---       blabel(25)=f:time8.850102;
  INPUT ---       blabel(26)=f:time10.299776;
  INPUT ---       blabel(27)=f:time11.552118;
  INPUT ---       blabel(28)=f:time12.786799;
  INPUT ---       rlabel(1)=Phi g1 a0 t1;
  INPUT ---       rlabel(2)=Phi g1 a1.363074 t2.363074;
  INPUT ---       rlabel(3)=Phi g1 a3.245911 t4.245911;
  INPUT ---       rlabel(4)=Phi g1 a4.454195 t5.454195;
  INPUT ---       rlabel(5)=Phi g1 a5.967328 t6.967328;
  INPUT ---       rlabel(6)=Phi g1 a7.850102 t8.850102;
  INPUT ---       rlabel(7)=Phi g1 a9.299776 t10.299776;

  Program  MARK  - Survival Rate Estimation with Capture-Recapture Data
   gfortran(dble) Vers. 9.0 Mar 2018     3-Oct-2019 17:59:47    Page  005
 - - - - - - - - - - - - - - - - - - - - - - - - - - - - - - - - - - - - - -
 
  INPUT ---       rlabel(8)=Phi g1 a10.552118 t11.552118;
  INPUT ---       rlabel(9)=Phi g1 a11.786799 t12.786799;
  INPUT ---       rlabel(10)=p g1 a0 t1;
  INPUT ---       rlabel(11)=p g1 a1.363074 t2.363074;
  INPUT ---       rlabel(12)=p g1 a3.245911 t4.245911;
  INPUT ---       rlabel(13)=p g1 a4.454195 t5.454195;
  INPUT ---       rlabel(14)=p g1 a5.967328 t6.967328;
  INPUT ---       rlabel(15)=p g1 a7.850102 t8.850102;
  INPUT ---       rlabel(16)=p g1 a9.299776 t10.299776;
  INPUT ---       rlabel(17)=p g1 a10.552118 t11.552118;
  INPUT ---       rlabel(18)=p g1 a11.786799 t12.786799;
  INPUT ---       rlabel(19)=p g1 a13.162425 t14.162425;
  INPUT ---       rlabel(20)=f g1 a0 t1;
  INPUT ---       rlabel(21)=f g1 a1.363074 t2.363074;
  INPUT ---       rlabel(22)=f g1 a3.245911 t4.245911;
  INPUT ---       rlabel(23)=f g1 a4.454195 t5.454195;
  INPUT ---       rlabel(24)=f g1 a5.967328 t6.967328;
  INPUT ---       rlabel(25)=f g1 a7.850102 t8.850102;
  INPUT ---       rlabel(26)=f g1 a9.299776 t10.299776;
  INPUT ---       rlabel(27)=f g1 a10.552118 t11.552118;
  INPUT ---       rlabel(28)=f g1 a11.786799 t12.786799;

 Link Function Used is PARM-SPECIFIC

 Variance Estimation Procedure Used is 2ndPart 
 -2logL(saturated) = 189.75798     
 Effective Sample Size = 113

 Number of function evaluations was 95 for 28 parameters.
 Time for numerical optimization was 2.08 seconds.     
 -2logL { Phi(~time)p(~time)f(~time) } = 336.95259     
 Penalty { Phi(~time)p(~time)f(~time) } = 0.0000000     
 Gradient { Phi(~time)p(~time)f(~time) }:
 -0.1912119E-04  0.2481798E-05   0.000000       0.000000       0.000000    
  0.2520411E-04 -0.9539373E-05 -0.3015061E-05 -0.3533754E-04 -0.7431887E-05
 -0.3719894E-04  0.2045220E-04  0.9077582E-04 -0.5528619E-04 -0.4975078E-05
  0.4105571E-04   0.000000      0.5050424E-05 -0.2189779E-05  0.6398768E-04
  0.6706918E-05 -0.9143870E-05  0.4623775E-05  0.1005877E-04   0.000000    
   0.000000      0.1239399E-04 -0.1475767E-05
 Maximum ABS(G) { Phi(~time)p(~time)f(~time) } = 0.9077582E-04 
 S Vector { Phi(~time)p(~time)f(~time) }:
   34.31407      20.15679      13.67275      6.052953      5.689700    
   4.725913      4.128979      3.946075      3.596135      3.138706    
   2.710403      2.329685     0.8899151     0.5956108     0.2426436    
  0.1733809     0.1555027     0.5409039E-01 0.3899508E-01 0.2661270E-05
  0.1281691E-05 0.1106298E-05 0.3085310E-06 0.1216372E-06 0.7832319E-07
  0.5189635E-07 0.1231506E-07 0.1989443E-08
 Time to compute number of parameters was 1.33 seconds.     
 Ratio Threshold = 50.000000       Max Gap (19/20) = 14652.810       Next Max Gap (27/28) = 6.1902081     
 Gap Method for Num. of Estimated Parameters { Phi(~time)p(~time)f(~time) } = 19          
 Threshold { Phi(~time)p(~time)f(~time) } = 0.1815516E-03                 
 Numerical Threshold Method for Num. of Estimated Parameters { Phi(~time)p(~time)f(~time) } = 19          
 Number of Estimated Parameters { Phi(~time)p(~time)f(~time) } = 19          
 DEVIANCE { Phi(~time)p(~time)f(~time) } = 147.19461                     
 DEVIANCE Degrees of Freedom { Phi(~time)p(~time)f(~time) } = 8            
 c-hat { Phi(~time)p(~time)f(~time) } = 18.399326                     
 AIC { Phi(~time)p(~time)f(~time) } = 374.95259                  
 AICc { Phi(~time)p(~time)f(~time) } = 383.12463                    
 BIC { Phi(~time)p(~time)f(~time) } = 426.77296                    
 Pearson Chisquare { Phi(~time)p(~time)f(~time) } = 1061.3341                  
 Possible Encounter Histories { Phi(~time)p(~time)f(~time) } = 1023             
 Pearson Chisquare df { Phi(~time)p(~time)f(~time) } = 1003        
 Pearson chat { Phi(~time)p(~time)f(~time) } = 1.0581596                  
 Sum(Observed/Expected) { Phi(~time)p(~time)f(~time) } = 1085.9834                  
 Fletcher chat { Phi(~time)p(~time)f(~time) } = 0.9967899                  

  Program  MARK  - Survival Rate Estimation with Capture-Recapture Data
   gfortran(dble) Vers. 9.0 Mar 2018     3-Oct-2019 17:59:48    Page  006
 - - - - - - - - - - - - - - - - - - - - - - - - - - - - - - - - - - - - - -
 


                PARM-SPECIFIC Link Function Parameters of { Phi(~time)p(~time)f(~time) }
                                                              95% Confidence Interval
 Parameter                    Beta         Standard Error      Lower           Upper
 -------------------------  --------------  --------------  --------------  --------------
    1:Phi:(Intercept)        19.349109       0.0000000       19.349109       19.349109    
    2:Phi:time2.363074      -15.907772       0.0000000      -15.907772      -15.907772    
    3:Phi:time4.245911       3.5155098       0.0000000       3.5155098       3.5155098    
    4:Phi:time5.454195       3.0960356       4195.3225      -8219.7363       8225.9284    
    5:Phi:time6.967328       1.6021567       0.0000000       1.6021567       1.6021567    
    6:Phi:time8.850102      -17.767669       0.0000000      -17.767669      -17.767669    
    7:Phi:time10.299776     -16.195259       0.0000000      -16.195259      -16.195259    
    8:Phi:time11.552118     -4.0608563       0.0000000      -4.0608563      -4.0608563    
    9:Phi:time12.786799     -18.862849       0.0000000      -18.862849      -18.862849    
   10:p:(Intercept)          1.0531514       123.97681      -241.94140       244.04770    
   11:p:time2.363074         0.3331312       123.97809      -242.66392       243.33018    
   12:p:time4.245911        -0.4921417       123.97814      -243.48930       242.50502    
   13:p:time5.454195        -0.3867680       123.97799      -243.38363       242.61010    
   14:p:time6.967328        -1.0699728       123.97788      -244.06662       241.92668    
   15:p:time8.850102        -1.3002841       123.97749      -244.29617       241.69560    
   16:p:time10.299776       -0.3008122       123.97794      -243.29757       242.69595    
   17:p:time11.552118       -0.6225007       123.97795      -243.61928       242.37428    
   18:p:time12.786799       -1.2659667       123.97785      -244.26256       241.73062    
   19:p:time14.162425        2.4840936       757.70459      -1482.6169       1487.5851    
   20:f:(Intercept)         -1.9211901       184.15805      -362.87097       359.02859    
   21:f:time2.363074        -2.4126233       184.22495      -363.49353       358.66829    
   22:f:time4.245911        -1.0859316       184.16789      -362.05501       359.88315    
   23:f:time5.454195         0.6500357       184.15896      -360.30154       361.60161    
   24:f:time6.967328        -2.0339269       184.21204      -363.08953       359.02168    
   25:f:time8.850102        -19.497681       8959.0974      -17579.329       17540.334    
   26:f:time10.299776       -24.106946       22344.850      -43820.013       43771.800    
   27:f:time11.552118        0.2311443       184.15981      -360.72209       361.18438    
   28:f:time12.786799       -1.5848908       186.24135      -366.61794       363.44816    


                Real Function Parameters of { Phi(~time)p(~time)f(~time) }
                                                               95% Confidence Interval
  Parameter                  Estimate       Standard Error      Lower           Upper
 --------------------------  --------------  --------------  --------------  --------------
     1:Phi g1 a0 t1           1.0000000       0.0000000       1.0000000       1.0000000                          
     2:Phi g1 a1.363074 t2.   0.9689717       0.0356881       0.7530216       0.9968834                          
     3:Phi g1 a3.245911 t4.   1.0000000       0.0000000       1.0000000       1.0000000                          
     4:Phi g1 a4.454195 t5.   1.0000000       0.7826804E-06   0.9999985       1.0000015                          
     5:Phi g1 a5.967328 t6.   1.0000000       0.0000000       1.0000000       1.0000000                          
     6:Phi g1 a7.850102 t8.   0.8294083       0.0786081       0.6206992       0.9352550                          

  Program  MARK  - Survival Rate Estimation with Capture-Recapture Data
   gfortran(dble) Vers. 9.0 Mar 2018     3-Oct-2019 17:59:48    Page  007
 - - - - - - - - - - - - - - - - - - - - - - - - - - - - - - - - - - - - - -
 
     7:Phi g1 a9.299776 t10   0.9590601       0.1039626       0.1154912       0.9997621                          
     8:Phi g1 a10.552118 t1   0.9999998       0.2346677E-03  0.2425985E-301   1.0000000                          
     9:Phi g1 a11.786799 t1   0.6192248       9.6572806       0.2223811E-34   1.0000000                          
    10:p g1 a0 t1             0.7413796       23.770804      0.8436964E-105   1.0000000                          
    11:p g1 a1.363074 t2.36   0.7999981       0.1264903       0.4592873       0.9495870                          
    12:p g1 a3.245911 t4.24   0.6366861       0.1290778       0.3698883       0.8395273                          
    13:p g1 a4.454195 t5.45   0.6606929       0.1228422       0.3994798       0.8507379                          
    14:p g1 a5.967328 t6.96   0.4957947       0.1250210       0.2695208       0.7238045                          
    15:p g1 a7.850102 t8.85   0.4385294       0.1013887       0.2584157       0.6364418                          
    16:p g1 a9.299776 t10.2   0.6796882       0.1175318       0.4241486       0.8594155                          
    17:p g1 a10.552118 t11.   0.6060291       0.1329088       0.3406458       0.8207915                          
    18:p g1 a11.786799 t12.   0.4469961       0.1264575       0.2287276       0.6878054                          
    19:p g1 a13.162425 t14.   0.9717291       20.846851      0.1912011E-306   1.0000000                          
    20:f g1 a0 t1             0.1464326       26.966740      0.3831883E-184   1.0000000                          
    21:f g1 a1.363074 t2.36   0.0131174       0.0651216       0.6942839E-06   0.9960856                          
    22:f g1 a3.245911 t4.24   0.0494338       0.0899696       0.0012182       0.6891808                          
    23:f g1 a4.454195 t5.45   0.2805076       0.1751577       0.0664227       0.6811572                          
    24:f g1 a5.967328 t6.96   0.0191564       0.0849032       0.2781967E-05   0.9927595                          
    25:f g1 a7.850102 t8.85   0.4987727E-09   0.4469464E-05  -0.8759651E-05   0.8760649E-05                      
    26:f g1 a9.299776 t10.2   0.4967344E-11   0.1111143E-06  -0.2177791E-06   0.2177890E-06                      
    27:f g1 a10.552118 t11.   0.1845111       0.1520071       0.0302911       0.6210450                          
    28:f g1 a11.786799 t12.   0.0300143       0.4738874       0.4315944E-15   1.0000000                          


                      Estimates of Derived Parameters
          Lambda Estimates of { Phi(~time)p(~time)f(~time) }
                                                95% Confidence Interval
 Grp. Occ.   Lambda-hat      Standard Error      Lower           Upper
 ---- ----   --------------  --------------  --------------  --------------
   1     1    1.2047486       38.627461       0.0069032       210.25397    
   1     2    0.9665436       0.1352861       0.7356223       1.2699541    
   1     3    1.0600336       0.1098069       0.8657228       1.2979574    
   1     4    1.4537292       0.3008901       0.9730710       2.1718132    
   1     5    1.0363720       0.1625539       0.7635078       1.4067529    
   1     6    0.7625014       0.1047634       0.5832229       0.9968888    
   1     7    0.9489969       0.1288353       0.7281674       1.2367967    
   1     8    1.2325293       0.1952889       0.9052338       1.6781615    
   1     9    0.5519999       11.842714       0.0043026       70.817912    
          log(Lambda) Estimates of { Phi(~time)p(~time)f(~time) }
                                                95% Confidence Interval
 Grp. Occ.   log(Lambda-hat) Standard Error      Lower           Upper
 ---- ----   --------------  --------------  --------------  --------------
   1     1    0.1862709       32.062674      -62.656571       63.029113    
   1     2   -0.0340289       0.1399690      -0.3083681       0.2403103    
   1     3    0.0583006       0.1035881      -0.1447321       0.2613333    
   1     4    0.3741321       0.2069781      -0.0315450       0.7798092    
   1     5    0.0357261       0.1568490      -0.2716979       0.3431501    
   1     6   -0.2711510       0.1373944      -0.5404440      -0.0018580    
   1     7   -0.0523498       0.1357594      -0.3184382       0.2137387    
   1     8    0.2090684       0.1584456      -0.1014850       0.5196219    

  Program  MARK  - Survival Rate Estimation with Capture-Recapture Data
   gfortran(dble) Vers. 9.0 Mar 2018     3-Oct-2019 17:59:48    Page  008
 - - - - - - - - - - - - - - - - - - - - - - - - - - - - - - - - - - - - - -
 
   1     9   -0.5942075       21.454198      -42.644437       41.456022    

 Attempted ordering of parameters by estimatibility:
  10  1 20 15 14 18 17 12  9 13 23 11  2 27 16 28  6 22 21 24 19  7  8  5  3
   4 25 26
 Beta number 26 is a singular value.

   CPU Time for the last procedure was 3.42 seconds.     


  INPUT --- proc stop;

     CPU Time in minutes for this job was 0.06

     Time Start = 17:59:47.806   Time End = 17:59:48.509

     Wall Clock Time in minutes for this job was 0.01


          E X E C U T I O N   S U C C E S S F U L 
