
   Program  MARK  - Survival Rate Estimation with Capture-Recapture Data
   gfortran(dble) Vers. 9.0 Mar 2018     3-Oct-2019 17:55:07    Page  001
 - - - - - - - - - - - - - - - - - - - - - - - - - - - - - - - - - - - - - -
 
   This version was compiled by GCC version 7.2.0 using the options: 
     -cpp -iprefix C:/Program Files/mingw-w64/x86_64-7.2.0-posix-seh-rt_v5-rev1/
     mingw64/bin/../lib/gcc/x86_64-w64-mingw32/7.2.0/ -D_MT -D_REENTRANT
     -U_REENTRANT -D IEEE -D DBLEPRECISION -m64 -mtune=core2 -march=nocona -mthreads
     -O2 -fimplicit-none -fbounds-check -funroll-loops -ftree-vectorize
     -ffpe-summary=invalid,zero,overflow,underflow -fno-unsafe-math-optimizations
     -frounding-math -fsignaling-nans -fopenmp.

   This problem will use 11 of 12 possible threads.


  INPUT --- proc title ;

   CPU Time for the last procedure was 0.01 seconds.     


  INPUT --- proc chmatrix occasions= 10 groups= 1 etype= PradRec Nodes= 
  INPUT --- 101 ICMeans NoHist hist=  56 ;

  INPUT ---    time interval 2.565 1.315 1.425 1.25 1.565 1.1 1.89 1.065 
  INPUT ---    0.98 ;

  INPUT ---    glabel(1)=Group 1;

      Number of unique encounter histories read was 56.

      Number of individual covariates read was 0.
      Time interval lengths vary and/or not equal to 1.

      Data type number is 17
      Data type is Pradel Survival and Recruitment                                                                     

   CPU Time for the last procedure was 0.01 seconds.     

  Program  MARK  - Survival Rate Estimation with Capture-Recapture Data
   gfortran(dble) Vers. 9.0 Mar 2018     3-Oct-2019 17:55:07    Page  002
 - - - - - - - - - - - - - - - - - - - - - - - - - - - - - - - - - - - - - -
 


  INPUT --- proc estimate link=Parm-Specific NOLOOP varest=2ndPart    ;


  INPUT --- model={ Phi(~1)p(~1)f(~1) };

  INPUT ---    group=1 Phi    rows=1 cols=9 Square ;
  INPUT ---        1 1 1 1 1 1 1 1 1 ;

  INPUT ---    group=1 p    rows=1 cols=10 Square ;
  INPUT ---        2 2 2 2 2 2 2 2 2 2 ;

  INPUT ---    group=1 f    rows=1 cols=9 Square ;
  INPUT ---        3 3 3 3 3 3 3 3 3 ;

  INPUT ---    design matrix constraints=3 covariates=3 identity;

  INPUT ---    links=3;

  INPUT ---    Logit;

  INPUT ---    Logit;

  INPUT ---    Log;
  INPUT ---       blabel(1)=Phi:(Intercept);
  INPUT ---       blabel(2)=p:(Intercept);
  INPUT ---       blabel(3)=f:(Intercept);
  INPUT ---       rlabel(1)=Phi g1 a0 t1;
  INPUT ---       rlabel(2)=p g1 a0 t1;
  INPUT ---       rlabel(3)=f g1 a0 t1;

 Link Function Used is PARM-SPECIFIC

 Variance Estimation Procedure Used is 2ndPart 
 -2logL(saturated) = 506.33724     
 Effective Sample Size = 331

 Number of function evaluations was 21 for 3 parameters.
 Time for numerical optimization was 0.17 seconds.     
 -2logL { Phi(~1)p(~1)f(~1) } = 850.09521     
 Penalty { Phi(~1)p(~1)f(~1) } = 0.0000000     
 Gradient { Phi(~1)p(~1)f(~1) }:
 -0.1495996E-05  0.5206553E-05   0.000000    
 Maximum ABS(G) { Phi(~1)p(~1)f(~1) } = 0.5206553E-05 
 S Vector { Phi(~1)p(~1)f(~1) }:
   97.41224      10.27305      6.020948    
 Time to compute number of parameters was 0.02 seconds.     
 Ratio Threshold = 50.000000       Max Gap (1/2) = 9.4823123       Next Max Gap (1/2) = 9.4823123     
 Gap Method for Num. of Estimated Parameters { Phi(~1)p(~1)f(~1) } = 3          
 Threshold { Phi(~1)p(~1)f(~1) } = 0.1041311E-04                 
 Numerical Threshold Method for Num. of Estimated Parameters { Phi(~1)p(~1)f(~1) } = 3          
 Number of Estimated Parameters { Phi(~1)p(~1)f(~1) } = 3          
 DEVIANCE { Phi(~1)p(~1)f(~1) } = 343.75797                     
 DEVIANCE Degrees of Freedom { Phi(~1)p(~1)f(~1) } = 53            
 c-hat { Phi(~1)p(~1)f(~1) } = 6.4859994                     
 AIC { Phi(~1)p(~1)f(~1) } = 856.09521                  
 AICc { Phi(~1)p(~1)f(~1) } = 856.16860                    
 BIC { Phi(~1)p(~1)f(~1) } = 867.50156                    
 Pearson Chisquare { Phi(~1)p(~1)f(~1) } = 1383.8555                  
 Possible Encounter Histories { Phi(~1)p(~1)f(~1) } = 1023             
 Pearson Chisquare df { Phi(~1)p(~1)f(~1) } = 1019        
 Pearson chat { Phi(~1)p(~1)f(~1) } = 1.3580525                  
 Sum(Observed/Expected) { Phi(~1)p(~1)f(~1) } = 1266.3540                  
 Fletcher chat { Phi(~1)p(~1)f(~1) } = 1.0970769                  

  Program  MARK  - Survival Rate Estimation with Capture-Recapture Data
   gfortran(dble) Vers. 9.0 Mar 2018     3-Oct-2019 17:55:07    Page  003
 - - - - - - - - - - - - - - - - - - - - - - - - - - - - - - - - - - - - - -
 


                    PARM-SPECIFIC Link Function Parameters of { Phi(~1)p(~1)f(~1) }
                                                              95% Confidence Interval
 Parameter                    Beta         Standard Error      Lower           Upper
 -------------------------  --------------  --------------  --------------  --------------
    1:Phi:(Intercept)        4.0998759       0.3927286       3.3301279       4.8696240    
    2:p:(Intercept)          0.4653446       0.1059600       0.2576631       0.6730262    
    3:f:(Intercept)         -3.7901244       0.3289853      -4.4349355      -3.1453133    


                    Real Function Parameters of { Phi(~1)p(~1)f(~1) }
                                                               95% Confidence Interval
  Parameter                  Estimate       Standard Error      Lower           Upper
 --------------------------  --------------  --------------  --------------  --------------
     1:Phi g1 a0 t1           0.9836955       0.0062988       0.9654480       0.9923822                          
     2:p g1 a0 t1             0.6142813       0.0251061       0.5640617       0.6621804                          
     3:f g1 a0 t1             0.0225928       0.0074327       0.0118093       0.0427966                          


                      Estimates of Derived Parameters
              Lambda Estimates of { Phi(~1)p(~1)f(~1) }
                                                95% Confidence Interval
 Grp. Occ.   Lambda-hat      Standard Error      Lower           Upper
 ---- ----   --------------  --------------  --------------  --------------
   1     1    1.0162090       0.0227000       0.9726821       1.0616836    
   1     2    1.0082773       0.0115468       0.9858984       1.0311642    
   1     3    1.0089728       0.0125213       0.9847280       1.0338145    
   1     4    1.0078665       0.0109716       0.9865907       1.0296012    
   1     5    1.0098587       0.0137636       0.9832404       1.0371975    
   1     6    1.0069193       0.0096459       0.9881901       1.0260035    
   1     7    1.0119181       0.0166557       0.9797961       1.0450933    
   1     8    1.0066984       0.0093369       0.9885637       1.0251658    
   1     9    1.0061621       0.0085872       0.9894716       1.0231342    
              log(Lambda) Estimates of { Phi(~1)p(~1)f(~1) }
                                                95% Confidence Interval
 Grp. Occ.   log(Lambda-hat) Standard Error      Lower           Upper
 ---- ----   --------------  --------------  --------------  --------------
   1     1    0.0160790       0.0223379      -0.0277034       0.0598614    
   1     2    0.0082432       0.0114520      -0.0142027       0.0306892    
   1     3    0.0089328       0.0124100      -0.0153908       0.0332563    
   1     4    0.0078358       0.0108859      -0.0135007       0.0291722    
   1     5    0.0098104       0.0136292      -0.0169028       0.0365236    
   1     6    0.0068955       0.0095796      -0.0118806       0.0256715    
   1     7    0.0118477       0.0164595      -0.0204130       0.0441084    
   1     8    0.0066761       0.0092748      -0.0115026       0.0248547    
   1     9    0.0061432       0.0085346      -0.0105845       0.0228710    

   CPU Time for the last procedure was 0.19 seconds.     

  Program  MARK  - Survival Rate Estimation with Capture-Recapture Data
   gfortran(dble) Vers. 9.0 Mar 2018     3-Oct-2019 17:55:07    Page  004
 - - - - - - - - - - - - - - - - - - - - - - - - - - - - - - - - - - - - - -
 


  INPUT --- proc stop;

     CPU Time in minutes for this job was 0.00

     Time Start = 17:55:07.882   Time End = 17:55:07.923

     Wall Clock Time in minutes for this job was 0.00


          E X E C U T I O N   S U C C E S S F U L 
