
   Program  MARK  - Survival Rate Estimation with Capture-Recapture Data
   gfortran(dble) Vers. 9.0 Mar 2018     3-Oct-2019 17:59:38    Page  001
 - - - - - - - - - - - - - - - - - - - - - - - - - - - - - - - - - - - - - -
 
   This version was compiled by GCC version 7.2.0 using the options: 
     -cpp -iprefix C:/Program Files/mingw-w64/x86_64-7.2.0-posix-seh-rt_v5-rev1/
     mingw64/bin/../lib/gcc/x86_64-w64-mingw32/7.2.0/ -D_MT -D_REENTRANT
     -U_REENTRANT -D IEEE -D DBLEPRECISION -m64 -mtune=core2 -march=nocona -mthreads
     -O2 -fimplicit-none -fbounds-check -funroll-loops -ftree-vectorize
     -ffpe-summary=invalid,zero,overflow,underflow -fno-unsafe-math-optimizations
     -frounding-math -fsignaling-nans -fopenmp.

   This problem will use 11 of 12 possible threads.


  INPUT --- proc title ;

   CPU Time for the last procedure was 0.01 seconds.     


  INPUT --- proc chmatrix occasions= 10 groups= 1 etype= PradRec Nodes= 
  INPUT --- 101 ICMeans NoHist hist=  27 ;

  INPUT ---    time interval 1.363074 1.882837 1.208284 1.513133 1.882774 
  INPUT ---    1.449674 1.252342 1.234681  1.375626 ;

  INPUT ---    glabel(1)=Group 1;

      Number of unique encounter histories read was 27.

      Number of individual covariates read was 0.
      Time interval lengths vary and/or not equal to 1.

      Data type number is 17
      Data type is Pradel Survival and Recruitment                                                                     

   CPU Time for the last procedure was 0.01 seconds.     

  Program  MARK  - Survival Rate Estimation with Capture-Recapture Data
   gfortran(dble) Vers. 9.0 Mar 2018     3-Oct-2019 17:59:38    Page  002
 - - - - - - - - - - - - - - - - - - - - - - - - - - - - - - - - - - - - - -
 


  INPUT --- proc estimate link=Parm-Specific NOLOOP varest=2ndPart    ;


  INPUT --- model={ Phi(~time)p(~1)f(~1) };

  INPUT ---    group=1 Phi    rows=1 cols=9 Square ;
  INPUT ---        1 2 3 4 5 6 7 8 9 ;

  INPUT ---    group=1 p    rows=1 cols=10 Square ;
  INPUT ---        10 10 10 10 10 10 10 10 10 10 ;

  INPUT ---    group=1 f    rows=1 cols=9 Square ;
  INPUT ---        11 11 11 11 11 11 11 11 11 ;

  INPUT ---    design matrix constraints=11 covariates=11;
  INPUT ---        1 0 0 0 0 0 0 0 0 0 0;
  INPUT ---        1 1 0 0 0 0 0 0 0 0 0;
  INPUT ---        1 0 1 0 0 0 0 0 0 0 0;
  INPUT ---        1 0 0 1 0 0 0 0 0 0 0;
  INPUT ---        1 0 0 0 1 0 0 0 0 0 0;
  INPUT ---        1 0 0 0 0 1 0 0 0 0 0;
  INPUT ---        1 0 0 0 0 0 1 0 0 0 0;
  INPUT ---        1 0 0 0 0 0 0 1 0 0 0;
  INPUT ---        1 0 0 0 0 0 0 0 1 0 0;
  INPUT ---        0 0 0 0 0 0 0 0 0 1 0;
  INPUT ---        0 0 0 0 0 0 0 0 0 0 1;

  INPUT ---    links=11;

  INPUT ---    Logit;

  INPUT ---    Logit;

  INPUT ---    Logit;

  INPUT ---    Logit;

  INPUT ---    Logit;

  INPUT ---    Logit;

  INPUT ---    Logit;

  INPUT ---    Logit;

  Program  MARK  - Survival Rate Estimation with Capture-Recapture Data
   gfortran(dble) Vers. 9.0 Mar 2018     3-Oct-2019 17:59:38    Page  003
 - - - - - - - - - - - - - - - - - - - - - - - - - - - - - - - - - - - - - -
 

  INPUT ---    Logit;

  INPUT ---    Logit;

  INPUT ---    Log;
  INPUT ---       blabel(1)=Phi:(Intercept);
  INPUT ---       blabel(2)=Phi:time2.363074;
  INPUT ---       blabel(3)=Phi:time4.245911;
  INPUT ---       blabel(4)=Phi:time5.454195;
  INPUT ---       blabel(5)=Phi:time6.967328;
  INPUT ---       blabel(6)=Phi:time8.850102;
  INPUT ---       blabel(7)=Phi:time10.299776;
  INPUT ---       blabel(8)=Phi:time11.552118;
  INPUT ---       blabel(9)=Phi:time12.786799;
  INPUT ---       blabel(10)=p:(Intercept);
  INPUT ---       blabel(11)=f:(Intercept);
  INPUT ---       rlabel(1)=Phi g1 a0 t1;
  INPUT ---       rlabel(2)=Phi g1 a1.363074 t2.363074;
  INPUT ---       rlabel(3)=Phi g1 a3.245911 t4.245911;
  INPUT ---       rlabel(4)=Phi g1 a4.454195 t5.454195;
  INPUT ---       rlabel(5)=Phi g1 a5.967328 t6.967328;
  INPUT ---       rlabel(6)=Phi g1 a7.850102 t8.850102;
  INPUT ---       rlabel(7)=Phi g1 a9.299776 t10.299776;
  INPUT ---       rlabel(8)=Phi g1 a10.552118 t11.552118;
  INPUT ---       rlabel(9)=Phi g1 a11.786799 t12.786799;
  INPUT ---       rlabel(10)=p g1 a0 t1;
  INPUT ---       rlabel(11)=f g1 a0 t1;

 Link Function Used is PARM-SPECIFIC

 Variance Estimation Procedure Used is 2ndPart 
 -2logL(saturated) = 189.75798     
 Effective Sample Size = 113

 Number of function evaluations was 49 for 11 parameters.
 Time for numerical optimization was 0.69 seconds.     
 -2logL { Phi(~time)p(~1)f(~1) } = 351.70322     
 Penalty { Phi(~time)p(~1)f(~1) } = 0.0000000     
 Gradient { Phi(~time)p(~1)f(~1) }:
 -0.1185945E-04 -0.1192001E-04  0.8795170E-06   0.000000       0.000000    
  0.1034108E-05  0.1729783E-05 -0.2210070E-05 -0.1594420E-05 -0.8658293E-05
 -0.1001989E-03
 Maximum ABS(G) { Phi(~time)p(~1)f(~1) } = 0.1001989E-03 

  Program  MARK  - Survival Rate Estimation with Capture-Recapture Data
   gfortran(dble) Vers. 9.0 Mar 2018     3-Oct-2019 17:59:38    Page  004
 - - - - - - - - - - - - - - - - - - - - - - - - - - - - - - - - - - - - - -
 
 S Vector { Phi(~time)p(~1)f(~1) }:
   32.52259      12.30909      7.256524      1.075173     0.5989135    
  0.2267544     0.8295705E-05 0.9979340E-06 0.1954016E-06 0.3205942E-07
  0.2862713E-07
 Time to compute number of parameters was 0.36 seconds.     
 Ratio Threshold = 50.000000       Max Gap (6/7) = 27333.946       Next Max Gap (7/8) = 8.3128794     
 Gap Method for Num. of Estimated Parameters { Phi(~time)p(~1)f(~1) } = 6          
 Threshold { Phi(~time)p(~1)f(~1) } = 0.2003979E-03                 
 Numerical Threshold Method for Num. of Estimated Parameters { Phi(~time)p(~1)f(~1) } = 6          
 Number of Estimated Parameters { Phi(~time)p(~1)f(~1) } = 6          
 DEVIANCE { Phi(~time)p(~1)f(~1) } = 161.94524                     
 DEVIANCE Degrees of Freedom { Phi(~time)p(~1)f(~1) } = 21            
 c-hat { Phi(~time)p(~1)f(~1) } = 7.7116779                     
 AIC { Phi(~time)p(~1)f(~1) } = 363.70322                  
 AICc { Phi(~time)p(~1)f(~1) } = 364.49567                    
 BIC { Phi(~time)p(~1)f(~1) } = 380.06754                    
 Pearson Chisquare { Phi(~time)p(~1)f(~1) } = 1021.3060                  
 Possible Encounter Histories { Phi(~time)p(~1)f(~1) } = 1023             
 Pearson Chisquare df { Phi(~time)p(~1)f(~1) } = 1016        
 Pearson chat { Phi(~time)p(~1)f(~1) } = 1.0052224                  
 Sum(Observed/Expected) { Phi(~time)p(~1)f(~1) } = 1045.5586                  
 Fletcher chat { Phi(~time)p(~1)f(~1) } = 0.9835341                  


                   PARM-SPECIFIC Link Function Parameters of { Phi(~time)p(~1)f(~1) }
                                                              95% Confidence Interval
 Parameter                    Beta         Standard Error      Lower           Upper
 -------------------------  --------------  --------------  --------------  --------------
    1:Phi:(Intercept)        30.200901       0.0000000       30.200901       30.200901    
    2:Phi:time2.363074      -26.842148       0.0000000      -26.842148      -26.842148    
    3:Phi:time4.245911      -3.3372640       0.0000000      -3.3372640      -3.3372640    
    4:Phi:time5.454195      -2.4188349       2059.3145      -4038.6753       4033.8377    
    5:Phi:time6.967328      -10.744181       0.0000000      -10.744181      -10.744181    
    6:Phi:time8.850102      -28.511008       0.0000000      -28.511008      -28.511008    
    7:Phi:time10.299776     -27.668947       0.0000000      -27.668947      -27.668947    
    8:Phi:time11.552118     -16.260528       999.24627      -1974.7833       1942.2622    
    9:Phi:time12.786799     -27.710348       0.0000000      -27.710348      -27.710348    
   10:p:(Intercept)          0.3217492       0.1876150      -0.0459762       0.6894745    
   11:f:(Intercept)         -2.8451949       0.3154626      -3.4635015      -2.2268882    


                   Real Function Parameters of { Phi(~time)p(~1)f(~1) }
                                                               95% Confidence Interval
  Parameter                  Estimate       Standard Error      Lower           Upper
 --------------------------  --------------  --------------  --------------  --------------
     1:Phi g1 a0 t1           1.0000000       0.0000000       1.0000000       1.0000000                          
     2:Phi g1 a1.363074 t2.   0.9663903       0.0373424       0.7512587       0.9963602                          
     3:Phi g1 a3.245911 t4.   1.0000000       0.0000000       1.0000000       1.0000000                          
     4:Phi g1 a4.454195 t5.   1.0000000       0.1764885E-08   1.0000000       1.0000000                          
     5:Phi g1 a5.967328 t6.   1.0000000       0.0000000       1.0000000       1.0000000                          
     6:Phi g1 a7.850102 t8.   0.8442101       0.0803150       0.6208079       0.9471904                          
     7:Phi g1 a9.299776 t10   0.9263518       0.0948316       0.4520360       0.9948128                          
     8:Phi g1 a10.552118 t1   0.9999991       0.8923645E-03  0.6302482E-302   1.0000000                          
     9:Phi g1 a11.786799 t1   0.9234769       0.1567154       0.1351649       0.9989280                          
    10:p g1 a0 t1             0.5797505       0.0457105       0.4885080       0.6658500                          
    11:f g1 a0 t1             0.0581229       0.0183356       0.0310151       0.1063240                          


                      Estimates of Derived Parameters
             Lambda Estimates of { Phi(~time)p(~1)f(~1) }
                                                95% Confidence Interval
 Grp. Occ.   Lambda-hat      Standard Error      Lower           Upper
 ---- ----   --------------  --------------  --------------  --------------
   1     1    1.0800517       0.0255108       1.0311970       1.1312211    

  Program  MARK  - Survival Rate Estimation with Capture-Recapture Data
   gfortran(dble) Vers. 9.0 Mar 2018     3-Oct-2019 17:59:38    Page  005
 - - - - - - - - - - - - - - - - - - - - - - - - - - - - - - - - - - - - - -
 
   1     2    1.0466534       0.0751757       0.9093750       1.2046552    
   1     3    1.0706478       0.0224169       1.0276046       1.1154939    
   1     4    1.0892471       0.0285603       1.0346921       1.1466787    
   1     5    1.1122335       0.0362872       1.0433546       1.1856596    
   1     6    0.8615818       0.1104745       0.6708039       1.1066172    
   1     7    0.9805953       0.1191465       0.7734674       1.2431902    
   1     8    1.0722445       0.0229676       1.0281648       1.1182141    
   1     9    0.9747761       0.2136662       0.6375391       1.4904003    
             log(Lambda) Estimates of { Phi(~time)p(~1)f(~1) }
                                                95% Confidence Interval
 Grp. Occ.   log(Lambda-hat) Standard Error      Lower           Upper
 ---- ----   --------------  --------------  --------------  --------------
   1     1    0.0770089       0.0236200       0.0307138       0.1233041    
   1     2    0.0455978       0.0718248      -0.0951788       0.1863744    
   1     3    0.0682639       0.0209377       0.0272260       0.1093017    
   1     4    0.0854868       0.0262203       0.0340950       0.1368785    
   1     5    0.1063702       0.0326256       0.0424241       0.1703163    
   1     6   -0.1489853       0.1282229      -0.4003023       0.1023316    
   1     7   -0.0195954       0.1215042      -0.2577437       0.2185528    
   1     8    0.0697542       0.0214201       0.0277707       0.1117376    
   1     9   -0.0255475       0.2191952      -0.4551701       0.4040751    

 Attempted ordering of parameters by estimatibility:
  10 11  1  6  2  9  7  8  4  5  3
 Beta number 3 is a singular value.

   CPU Time for the last procedure was 1.05 seconds.     

  Program  MARK  - Survival Rate Estimation with Capture-Recapture Data
   gfortran(dble) Vers. 9.0 Mar 2018     3-Oct-2019 17:59:38    Page  006
 - - - - - - - - - - - - - - - - - - - - - - - - - - - - - - - - - - - - - -
 


  INPUT --- proc stop;

     CPU Time in minutes for this job was 0.02

     Time Start = 17:59:38.108   Time End = 17:59:38.258

     Wall Clock Time in minutes for this job was 0.00


          E X E C U T I O N   S U C C E S S F U L 
