
   Program  MARK  - Survival Rate Estimation with Capture-Recapture Data
   gfortran(dble) Vers. 9.0 Mar 2018     3-Oct-2019 17:55:19    Page  001
 - - - - - - - - - - - - - - - - - - - - - - - - - - - - - - - - - - - - - -
 
   This version was compiled by GCC version 7.2.0 using the options: 
     -cpp -iprefix C:/Program Files/mingw-w64/x86_64-7.2.0-posix-seh-rt_v5-rev1/
     mingw64/bin/../lib/gcc/x86_64-w64-mingw32/7.2.0/ -D_MT -D_REENTRANT
     -U_REENTRANT -D IEEE -D DBLEPRECISION -m64 -mtune=core2 -march=nocona -mthreads
     -O2 -fimplicit-none -fbounds-check -funroll-loops -ftree-vectorize
     -ffpe-summary=invalid,zero,overflow,underflow -fno-unsafe-math-optimizations
     -frounding-math -fsignaling-nans -fopenmp.

   This problem will use 11 of 12 possible threads.


  INPUT --- proc title ;

   CPU Time for the last procedure was 0.01 seconds.     


  INPUT --- proc chmatrix occasions= 10 groups= 1 etype= PradRec Nodes= 
  INPUT --- 101 ICMeans NoHist hist=  56 ;

  INPUT ---    time interval 2.565 1.315 1.425 1.25 1.565 1.1 1.89 1.065 
  INPUT ---    0.98 ;

  INPUT ---    glabel(1)=Group 1;

      Number of unique encounter histories read was 56.

      Number of individual covariates read was 0.
      Time interval lengths vary and/or not equal to 1.

      Data type number is 17
      Data type is Pradel Survival and Recruitment                                                                     

   CPU Time for the last procedure was 0.01 seconds.     

  Program  MARK  - Survival Rate Estimation with Capture-Recapture Data
   gfortran(dble) Vers. 9.0 Mar 2018     3-Oct-2019 17:55:19    Page  002
 - - - - - - - - - - - - - - - - - - - - - - - - - - - - - - - - - - - - - -
 


  INPUT --- proc estimate link=Parm-Specific NOLOOP varest=2ndPart    ;


  INPUT --- model={ Phi(~time)p(~time)f(~time) };

  INPUT ---    group=1 Phi    rows=1 cols=9 Square ;
  INPUT ---        1 2 3 4 5 6 7 8 9 ;

  INPUT ---    group=1 p    rows=1 cols=10 Square ;
  INPUT ---        10 11 12 13 14 15 16 17 18 19 ;

  INPUT ---    group=1 f    rows=1 cols=9 Square ;
  INPUT ---        20 21 22 23 24 25 26 27 28 ;

  INPUT ---    design matrix constraints=28 covariates=28;
  INPUT ---        1 0 0 0 0 0 0 0 0 0 0 0 0 0 0 0 0 0 0 0 0 0 0 0 0 0 0 0;
  INPUT ---        1 1 0 0 0 0 0 0 0 0 0 0 0 0 0 0 0 0 0 0 0 0 0 0 0 0 0 0;
  INPUT ---        1 0 1 0 0 0 0 0 0 0 0 0 0 0 0 0 0 0 0 0 0 0 0 0 0 0 0 0;
  INPUT ---        1 0 0 1 0 0 0 0 0 0 0 0 0 0 0 0 0 0 0 0 0 0 0 0 0 0 0 0;
  INPUT ---        1 0 0 0 1 0 0 0 0 0 0 0 0 0 0 0 0 0 0 0 0 0 0 0 0 0 0 0;
  INPUT ---        1 0 0 0 0 1 0 0 0 0 0 0 0 0 0 0 0 0 0 0 0 0 0 0 0 0 0 0;
  INPUT ---        1 0 0 0 0 0 1 0 0 0 0 0 0 0 0 0 0 0 0 0 0 0 0 0 0 0 0 0;
  INPUT ---        1 0 0 0 0 0 0 1 0 0 0 0 0 0 0 0 0 0 0 0 0 0 0 0 0 0 0 0;
  INPUT ---        1 0 0 0 0 0 0 0 1 0 0 0 0 0 0 0 0 0 0 0 0 0 0 0 0 0 0 0;
  INPUT ---        0 0 0 0 0 0 0 0 0 1 0 0 0 0 0 0 0 0 0 0 0 0 0 0 0 0 0 0;
  INPUT ---        0 0 0 0 0 0 0 0 0 1 1 0 0 0 0 0 0 0 0 0 0 0 0 0 0 0 0 0;
  INPUT ---        0 0 0 0 0 0 0 0 0 1 0 1 0 0 0 0 0 0 0 0 0 0 0 0 0 0 0 0;
  INPUT ---        0 0 0 0 0 0 0 0 0 1 0 0 1 0 0 0 0 0 0 0 0 0 0 0 0 0 0 0;
  INPUT ---        0 0 0 0 0 0 0 0 0 1 0 0 0 1 0 0 0 0 0 0 0 0 0 0 0 0 0 0;
  INPUT ---        0 0 0 0 0 0 0 0 0 1 0 0 0 0 1 0 0 0 0 0 0 0 0 0 0 0 0 0;
  INPUT ---        0 0 0 0 0 0 0 0 0 1 0 0 0 0 0 1 0 0 0 0 0 0 0 0 0 0 0 0;
  INPUT ---        0 0 0 0 0 0 0 0 0 1 0 0 0 0 0 0 1 0 0 0 0 0 0 0 0 0 0 0;
  INPUT ---        0 0 0 0 0 0 0 0 0 1 0 0 0 0 0 0 0 1 0 0 0 0 0 0 0 0 0 0;
  INPUT ---        0 0 0 0 0 0 0 0 0 1 0 0 0 0 0 0 0 0 1 0 0 0 0 0 0 0 0 0;
  INPUT ---        0 0 0 0 0 0 0 0 0 0 0 0 0 0 0 0 0 0 0 1 0 0 0 0 0 0 0 0;
  INPUT ---        0 0 0 0 0 0 0 0 0 0 0 0 0 0 0 0 0 0 0 1 1 0 0 0 0 0 0 0;
  INPUT ---        0 0 0 0 0 0 0 0 0 0 0 0 0 0 0 0 0 0 0 1 0 1 0 0 0 0 0 0;
  INPUT ---        0 0 0 0 0 0 0 0 0 0 0 0 0 0 0 0 0 0 0 1 0 0 1 0 0 0 0 0;
  INPUT ---        0 0 0 0 0 0 0 0 0 0 0 0 0 0 0 0 0 0 0 1 0 0 0 1 0 0 0 0;
  INPUT ---        0 0 0 0 0 0 0 0 0 0 0 0 0 0 0 0 0 0 0 1 0 0 0 0 1 0 0 0;
  INPUT ---        0 0 0 0 0 0 0 0 0 0 0 0 0 0 0 0 0 0 0 1 0 0 0 0 0 1 0 0;
  INPUT ---        0 0 0 0 0 0 0 0 0 0 0 0 0 0 0 0 0 0 0 1 0 0 0 0 0 0 1 0;
  INPUT ---        0 0 0 0 0 0 0 0 0 0 0 0 0 0 0 0 0 0 0 1 0 0 0 0 0 0 0 1;


  Program  MARK  - Survival Rate Estimation with Capture-Recapture Data
   gfortran(dble) Vers. 9.0 Mar 2018     3-Oct-2019 17:55:19    Page  003
 - - - - - - - - - - - - - - - - - - - - - - - - - - - - - - - - - - - - - -
 
  INPUT ---    links=28;

  INPUT ---    Logit;

  INPUT ---    Logit;

  INPUT ---    Logit;

  INPUT ---    Logit;

  INPUT ---    Logit;

  INPUT ---    Logit;

  INPUT ---    Logit;

  INPUT ---    Logit;

  INPUT ---    Logit;

  INPUT ---    Logit;

  INPUT ---    Logit;

  INPUT ---    Logit;

  INPUT ---    Logit;

  INPUT ---    Logit;

  INPUT ---    Logit;

  INPUT ---    Logit;

  INPUT ---    Logit;

  INPUT ---    Logit;

  INPUT ---    Logit;

  INPUT ---    Log;

  INPUT ---    Log;

  INPUT ---    Log;


  Program  MARK  - Survival Rate Estimation with Capture-Recapture Data
   gfortran(dble) Vers. 9.0 Mar 2018     3-Oct-2019 17:55:19    Page  004
 - - - - - - - - - - - - - - - - - - - - - - - - - - - - - - - - - - - - - -
 
  INPUT ---    Log;

  INPUT ---    Log;

  INPUT ---    Log;

  INPUT ---    Log;

  INPUT ---    Log;

  INPUT ---    Log;
  INPUT ---       blabel(1)=Phi:(Intercept);
  INPUT ---       blabel(2)=Phi:time3.565;
  INPUT ---       blabel(3)=Phi:time4.88;
  INPUT ---       blabel(4)=Phi:time6.305;
  INPUT ---       blabel(5)=Phi:time7.555;
  INPUT ---       blabel(6)=Phi:time9.12;
  INPUT ---       blabel(7)=Phi:time10.22;
  INPUT ---       blabel(8)=Phi:time12.11;
  INPUT ---       blabel(9)=Phi:time13.175;
  INPUT ---       blabel(10)=p:(Intercept);
  INPUT ---       blabel(11)=p:time3.565;
  INPUT ---       blabel(12)=p:time4.88;
  INPUT ---       blabel(13)=p:time6.305;
  INPUT ---       blabel(14)=p:time7.555;
  INPUT ---       blabel(15)=p:time9.12;
  INPUT ---       blabel(16)=p:time10.22;
  INPUT ---       blabel(17)=p:time12.11;
  INPUT ---       blabel(18)=p:time13.175;
  INPUT ---       blabel(19)=p:time14.155;
  INPUT ---       blabel(20)=f:(Intercept);
  INPUT ---       blabel(21)=f:time3.565;
  INPUT ---       blabel(22)=f:time4.88;
  INPUT ---       blabel(23)=f:time6.305;
  INPUT ---       blabel(24)=f:time7.555;
  INPUT ---       blabel(25)=f:time9.12;
  INPUT ---       blabel(26)=f:time10.22;
  INPUT ---       blabel(27)=f:time12.11;
  INPUT ---       blabel(28)=f:time13.175;
  INPUT ---       rlabel(1)=Phi g1 a0 t1;
  INPUT ---       rlabel(2)=Phi g1 a2.565 t3.565;
  INPUT ---       rlabel(3)=Phi g1 a3.88 t4.88;
  INPUT ---       rlabel(4)=Phi g1 a5.305 t6.305;
  INPUT ---       rlabel(5)=Phi g1 a6.555 t7.555;
  INPUT ---       rlabel(6)=Phi g1 a8.12 t9.12;
  INPUT ---       rlabel(7)=Phi g1 a9.22000000000001 t10.22;

  Program  MARK  - Survival Rate Estimation with Capture-Recapture Data
   gfortran(dble) Vers. 9.0 Mar 2018     3-Oct-2019 17:55:19    Page  005
 - - - - - - - - - - - - - - - - - - - - - - - - - - - - - - - - - - - - - -
 
  INPUT ---       rlabel(8)=Phi g1 a11.11 t12.11;
  INPUT ---       rlabel(9)=Phi g1 a12.175 t13.175;
  INPUT ---       rlabel(10)=p g1 a0 t1;
  INPUT ---       rlabel(11)=p g1 a2.565 t3.565;
  INPUT ---       rlabel(12)=p g1 a3.88 t4.88;
  INPUT ---       rlabel(13)=p g1 a5.305 t6.305;
  INPUT ---       rlabel(14)=p g1 a6.555 t7.555;
  INPUT ---       rlabel(15)=p g1 a8.12 t9.12;
  INPUT ---       rlabel(16)=p g1 a9.22000000000001 t10.22;
  INPUT ---       rlabel(17)=p g1 a11.11 t12.11;
  INPUT ---       rlabel(18)=p g1 a12.175 t13.175;
  INPUT ---       rlabel(19)=p g1 a13.155 t14.155;
  INPUT ---       rlabel(20)=f g1 a0 t1;
  INPUT ---       rlabel(21)=f g1 a2.565 t3.565;
  INPUT ---       rlabel(22)=f g1 a3.88 t4.88;
  INPUT ---       rlabel(23)=f g1 a5.305 t6.305;
  INPUT ---       rlabel(24)=f g1 a6.555 t7.555;
  INPUT ---       rlabel(25)=f g1 a8.12 t9.12;
  INPUT ---       rlabel(26)=f g1 a9.22000000000001 t10.22;
  INPUT ---       rlabel(27)=f g1 a11.11 t12.11;
  INPUT ---       rlabel(28)=f g1 a12.175 t13.175;

 Link Function Used is PARM-SPECIFIC

 Variance Estimation Procedure Used is 2ndPart 
 -2logL(saturated) = 506.33724     
 Effective Sample Size = 331

 Number of function evaluations was 66 for 28 parameters.
 Time for numerical optimization was 2.97 seconds.     
 -2logL { Phi(~time)p(~time)f(~time) } = 811.49530     
 Penalty { Phi(~time)p(~time)f(~time) } = 0.0000000     
 Gradient { Phi(~time)p(~time)f(~time) }:
 -0.8940663E-04 -0.1704517E-04   0.000000       0.000000      0.2206996E-05
 -0.5809572E-04   0.000000      0.1518582E-04 -0.3335412E-04 -0.2137837E-03
 -0.3028540E-04 -0.5903142E-04 -0.2624087E-04  0.8189773E-05 -0.2869626E-04
 -0.2485623E-04 -0.1915552E-04 -0.3376859E-04   0.000000     -0.5340048E-04
 -0.2511253E-04   0.000000      0.2553053E-04   0.000000     -0.3489234E-04
 -0.2154318E-04   0.000000       0.000000    
 Maximum ABS(G) { Phi(~time)p(~time)f(~time) } = 0.2137837E-03 
 S Vector { Phi(~time)p(~time)f(~time) }:
   97.38573      30.69787      27.93340      14.05339      13.18562    
   12.93075      12.52128      11.69252      9.449100      7.997710    
   7.372307      2.131662      1.859107     0.7104317     0.5116582    
  0.4203651     0.1924736     0.6410188E-01 0.5294052E-05 0.1992504E-05
  0.1176934E-06 0.6076944E-07 0.1973124E-07 0.1212783E-07 0.4270280E-08
  0.3031987E-08 0.6174049E-09 0.1460747E-09
 Time to compute number of parameters was 2.22 seconds.     
 Ratio Threshold = 50.000000       Max Gap (18/19) = 12108.281       Next Max Gap (20/21) = 16.929618     
 Gap Method for Num. of Estimated Parameters { Phi(~time)p(~time)f(~time) } = 18          
 Threshold { Phi(~time)p(~time)f(~time) } = 0.4275674E-03                 
 Numerical Threshold Method for Num. of Estimated Parameters { Phi(~time)p(~time)f(~time) } = 18          
 Number of Estimated Parameters { Phi(~time)p(~time)f(~time) } = 18          
 DEVIANCE { Phi(~time)p(~time)f(~time) } = 305.15806                     
 DEVIANCE Degrees of Freedom { Phi(~time)p(~time)f(~time) } = 38            
 c-hat { Phi(~time)p(~time)f(~time) } = 8.0304751                     
 AIC { Phi(~time)p(~time)f(~time) } = 847.49530                  
 AICc { Phi(~time)p(~time)f(~time) } = 849.68760                    
 BIC { Phi(~time)p(~time)f(~time) } = 915.93343                    
 Pearson Chisquare { Phi(~time)p(~time)f(~time) } = 1126.0714                  
 Possible Encounter Histories { Phi(~time)p(~time)f(~time) } = 1023             
 Pearson Chisquare df { Phi(~time)p(~time)f(~time) } = 1004        
 Pearson chat { Phi(~time)p(~time)f(~time) } = 1.1215850                  
 Sum(Observed/Expected) { Phi(~time)p(~time)f(~time) } = 1086.4694                  
 Fletcher chat { Phi(~time)p(~time)f(~time) } = 1.0560642                  

  Program  MARK  - Survival Rate Estimation with Capture-Recapture Data
   gfortran(dble) Vers. 9.0 Mar 2018     3-Oct-2019 17:55:20    Page  006
 - - - - - - - - - - - - - - - - - - - - - - - - - - - - - - - - - - - - - -
 


                PARM-SPECIFIC Link Function Parameters of { Phi(~time)p(~time)f(~time) }
                                                              95% Confidence Interval
 Parameter                    Beta         Standard Error      Lower           Upper
 -------------------------  --------------  --------------  --------------  --------------
    1:Phi:(Intercept)        34.157466       0.0000000       34.157466       34.157466    
    2:Phi:time3.565         -29.436704       0.0000000      -29.436704      -29.436704    
    3:Phi:time4.88          -8.7936735       4437.9214      -8707.1197       8689.5324    
    4:Phi:time6.305         -1.5664557       0.0000000      -1.5664557      -1.5664557    
    5:Phi:time7.555         -30.112218       0.0000000      -30.112218      -30.112218    
    6:Phi:time9.12          -32.487762       0.0000000      -32.487762      -32.487762    
    7:Phi:time10.22         -12.926185       0.0000000      -12.926185      -12.926185    
    8:Phi:time12.11         -29.646552       0.0000000      -29.646552      -29.646552    
    9:Phi:time13.175        -33.082142       0.0000000      -33.082142      -33.082142    
   10:p:(Intercept)          6.5300509       238.00034      -459.95062       473.01072    
   11:p:time3.565           -5.2979139       238.00075      -471.77940       461.18357    
   12:p:time4.88            -6.4960903       238.00048      -472.97704       459.98486    
   13:p:time6.305           -6.2686178       238.00049      -472.74958       460.21235    
   14:p:time7.555           -6.4526066       238.00045      -472.93350       460.02829    
   15:p:time9.12            -6.1784145       238.00049      -472.65938       460.30255    
   16:p:time10.22           -6.0596414       238.00054      -472.54070       460.42142    
   17:p:time12.11           -6.1691673       238.00048      -472.65011       460.31178    
   18:p:time13.175          -5.3260868       238.00062      -471.80732       461.15514    
   19:p:time14.155           80.015674       80045.778      -156809.71       156969.74    
   20:f:(Intercept)         -1.5716828       0.8367848      -3.2117810       0.0684154    
   21:f:time3.565           -1.4304658       1.5519097      -4.4722088       1.6112772    
   22:f:time4.88            -19.237953       0.0000000      -19.237953      -19.237953    
   23:f:time6.305           -1.0918390       1.0636932      -3.1766776       0.9929997    
   24:f:time7.555           -23.565145       4048.8622      -7959.3353       7912.2050    
   25:f:time9.12            -1.1865530       1.1407702      -3.4224626       1.0493567    
   26:f:time10.22           -2.1872986       1.3784258      -4.8890133       0.5144161    
   27:f:time12.11           -30.811470       0.0000000      -30.811470      -30.811470    
   28:f:time13.175          -34.111239       0.0000000      -34.111239      -34.111239    


                Real Function Parameters of { Phi(~time)p(~time)f(~time) }
                                                               95% Confidence Interval
  Parameter                  Estimate       Standard Error      Lower           Upper
 --------------------------  --------------  --------------  --------------  --------------
     1:Phi g1 a0 t1           1.0000000       0.0000000       1.0000000       1.0000000                          
     2:Phi g1 a2.565 t3.565   0.9911703       0.0170437       0.7117197       0.9998041                          
     3:Phi g1 a3.88 t4.88     1.0000000       0.4280940E-07   0.9999999       1.0000001                          
     4:Phi g1 a5.305 t6.305   1.0000000       0.0000000       1.0000000       1.0000000                          
     5:Phi g1 a6.555 t7.555   0.9827958       0.0374223       0.4273329       0.9997714                          
     6:Phi g1 a8.12 t9.12     0.8415362       0.0630006       0.6778112       0.9305827                          

  Program  MARK  - Survival Rate Estimation with Capture-Recapture Data
   gfortran(dble) Vers. 9.0 Mar 2018     3-Oct-2019 17:55:20    Page  007
 - - - - - - - - - - - - - - - - - - - - - - - - - - - - - - - - - - - - - -
 
     7:Phi g1 a9.2200000000   1.0000000       0.0000000       1.0000000       1.0000000                          
     8:Phi g1 a11.11 t12.11   0.9891310       0.0457039       0.0214275       0.9999974                          
     9:Phi g1 a12.175 t13.1   0.7456080       0.0694548       0.5884646       0.8572979                          
    10:p g1 a0 t1             0.9985432       0.3462153      0.1761906E-199   1.0000000                          
    11:p g1 a2.565 t3.565     0.7741924       0.0750956       0.5963291       0.8883584                          
    12:p g1 a3.88 t4.88       0.5084893       0.0705348       0.3730413       0.6427024                          
    13:p g1 a5.305 t6.305     0.5649885       0.0704265       0.4255088       0.6948866                          
    14:p g1 a6.555 t7.555     0.5193514       0.0671758       0.3893598       0.6467749                          
    15:p g1 a8.12 t9.12       0.5870144       0.0740183       0.4386135       0.7211280                          
    16:p g1 a9.220000000000   0.6154807       0.0728795       0.4667585       0.7453533                          
    17:p g1 a11.11 t12.11     0.5892543       0.0685298       0.4516332       0.7141940                          
    18:p g1 a12.175 t13.175   0.7692292       0.0674673       0.6127862       0.8753255                          
    19:p g1 a13.155 t14.155   1.0000000       0.0000000       1.0000000       1.0000000                          
    20:f g1 a0 t1             0.2076954       0.1737963       0.0320182       0.6750601                          
    21:f g1 a2.565 t3.565     0.0496802       0.0597538       0.0043559       0.3844923                          
    22:f g1 a3.88 t4.88       0.9172548E-09   0.0000000       0.9172548E-09   0.9172548E-09                      
    23:f g1 a5.305 t6.305     0.0697023       0.0457611       0.0184428       0.2300415                          
    24:f g1 a6.555 t7.555     0.1211196E-10   0.4904005E-07  -0.9610639E-07   0.9613062E-07                      
    25:f g1 a8.12 t9.12       0.0634035       0.0491745       0.0131801       0.2554623                          
    26:f g1 a9.220000000000   0.0233075       0.0255268       0.0026428       0.1768927                          
    27:f g1 a11.11 t12.11     0.8633269E-14   0.0000000       0.8633269E-14   0.8633269E-14                      
    28:f g1 a12.175 t13.175   0.3184960E-15   0.0000000       0.3184960E-15   0.3184960E-15                      


                      Estimates of Derived Parameters
          Lambda Estimates of { Phi(~time)p(~time)f(~time) }
                                                95% Confidence Interval
 Grp. Occ.   Lambda-hat      Standard Error      Lower           Upper
 ---- ----   --------------  --------------  --------------  --------------
   1     1    1.6226347       0.5989518       0.8053701       3.2692338    
   1     2    1.0540608       0.0824010       0.9045306       1.2283103    
   1     3    1.0000000       0.0000000       1.0000000       1.0000000    
   1     4    1.0878742       0.0581731       0.9797000       1.2079925    
   1     5    0.9732066       0.0579991       0.8660062       1.0936771    
   1     6    0.8959456       0.0886947       0.7382785       1.0872843    
   1     7    1.0445076       0.0492452       0.9523613       1.1455696    
   1     8    0.9884286       0.0486441       0.8975924       1.0884574    
   1     9    0.7499985       0.0684656       0.6273588       0.8966125    
          log(Lambda) Estimates of { Phi(~time)p(~time)f(~time) }
                                                95% Confidence Interval
 Grp. Occ.   log(Lambda-hat) Standard Error      Lower           Upper
 ---- ----   --------------  --------------  --------------  --------------
   1     1    0.4840512       0.3691230      -0.2394299       1.2075322    
   1     2    0.0526502       0.0781748      -0.1005725       0.2058728    
   1     3    0.1293333E-08   0.0000000       0.1293333E-08   0.1293333E-08
   1     4    0.0842255       0.0534741      -0.0205837       0.1890347    
   1     5   -0.0271589       0.0595959      -0.1439668       0.0896490    
   1     6   -0.1098756       0.0989957      -0.3039071       0.0841560    
   1     7    0.0435456       0.0471468      -0.0488621       0.1359533    
   1     8   -0.0116388       0.0492136      -0.1080975       0.0848198    

  Program  MARK  - Survival Rate Estimation with Capture-Recapture Data
   gfortran(dble) Vers. 9.0 Mar 2018     3-Oct-2019 17:55:20    Page  008
 - - - - - - - - - - - - - - - - - - - - - - - - - - - - - - - - - - - - - -
 
   1     9   -0.2876841       0.0912876      -0.4666078      -0.1087605    

 Attempted ordering of parameters by estimatibility:
  10 20  1 14 12 15 17 13 16  9 11 23 25 26 21  6  2  8  5 18  4  3 22 24  7
  28 27 19
 Beta number 19 is a singular value.

   CPU Time for the last procedure was 5.19 seconds.     


  INPUT --- proc stop;

     CPU Time in minutes for this job was 0.09

     Time Start = 17:55:19.187   Time End = 17:55:20.003

     Wall Clock Time in minutes for this job was 0.01


          E X E C U T I O N   S U C C E S S F U L 
