
   Program  MARK  - Survival Rate Estimation with Capture-Recapture Data
   gfortran(dble) Vers. 9.0 Mar 2018     3-Oct-2019 17:59:41    Page  001
 - - - - - - - - - - - - - - - - - - - - - - - - - - - - - - - - - - - - - -
 
   This version was compiled by GCC version 7.2.0 using the options: 
     -cpp -iprefix C:/Program Files/mingw-w64/x86_64-7.2.0-posix-seh-rt_v5-rev1/
     mingw64/bin/../lib/gcc/x86_64-w64-mingw32/7.2.0/ -D_MT -D_REENTRANT
     -U_REENTRANT -D IEEE -D DBLEPRECISION -m64 -mtune=core2 -march=nocona -mthreads
     -O2 -fimplicit-none -fbounds-check -funroll-loops -ftree-vectorize
     -ffpe-summary=invalid,zero,overflow,underflow -fno-unsafe-math-optimizations
     -frounding-math -fsignaling-nans -fopenmp.

   This problem will use 11 of 12 possible threads.


  INPUT --- proc title ;

   CPU Time for the last procedure was 0.01 seconds.     


  INPUT --- proc chmatrix occasions= 10 groups= 1 etype= PradRec Nodes= 
  INPUT --- 101 ICMeans NoHist hist=  27 ;

  INPUT ---    time interval 1.363074 1.882837 1.208284 1.513133 1.882774 
  INPUT ---    1.449674 1.252342 1.234681  1.375626 ;

  INPUT ---    glabel(1)=Group 1;

      Number of unique encounter histories read was 27.

      Number of individual covariates read was 0.
      Time interval lengths vary and/or not equal to 1.

      Data type number is 17
      Data type is Pradel Survival and Recruitment                                                                     

   CPU Time for the last procedure was 0.01 seconds.     

  Program  MARK  - Survival Rate Estimation with Capture-Recapture Data
   gfortran(dble) Vers. 9.0 Mar 2018     3-Oct-2019 17:59:41    Page  002
 - - - - - - - - - - - - - - - - - - - - - - - - - - - - - - - - - - - - - -
 


  INPUT --- proc estimate link=Parm-Specific NOLOOP varest=2ndPart    ;


  INPUT --- model={ Phi(~time)p(~time)f(~1) };

  INPUT ---    group=1 Phi    rows=1 cols=9 Square ;
  INPUT ---        1 2 3 4 5 6 7 8 9 ;

  INPUT ---    group=1 p    rows=1 cols=10 Square ;
  INPUT ---        10 11 12 13 14 15 16 17 18 19 ;

  INPUT ---    group=1 f    rows=1 cols=9 Square ;
  INPUT ---        20 20 20 20 20 20 20 20 20 ;

  INPUT ---    design matrix constraints=20 covariates=20;
  INPUT ---        1 0 0 0 0 0 0 0 0 0 0 0 0 0 0 0 0 0 0 0;
  INPUT ---        1 1 0 0 0 0 0 0 0 0 0 0 0 0 0 0 0 0 0 0;
  INPUT ---        1 0 1 0 0 0 0 0 0 0 0 0 0 0 0 0 0 0 0 0;
  INPUT ---        1 0 0 1 0 0 0 0 0 0 0 0 0 0 0 0 0 0 0 0;
  INPUT ---        1 0 0 0 1 0 0 0 0 0 0 0 0 0 0 0 0 0 0 0;
  INPUT ---        1 0 0 0 0 1 0 0 0 0 0 0 0 0 0 0 0 0 0 0;
  INPUT ---        1 0 0 0 0 0 1 0 0 0 0 0 0 0 0 0 0 0 0 0;
  INPUT ---        1 0 0 0 0 0 0 1 0 0 0 0 0 0 0 0 0 0 0 0;
  INPUT ---        1 0 0 0 0 0 0 0 1 0 0 0 0 0 0 0 0 0 0 0;
  INPUT ---        0 0 0 0 0 0 0 0 0 1 0 0 0 0 0 0 0 0 0 0;
  INPUT ---        0 0 0 0 0 0 0 0 0 1 1 0 0 0 0 0 0 0 0 0;
  INPUT ---        0 0 0 0 0 0 0 0 0 1 0 1 0 0 0 0 0 0 0 0;
  INPUT ---        0 0 0 0 0 0 0 0 0 1 0 0 1 0 0 0 0 0 0 0;
  INPUT ---        0 0 0 0 0 0 0 0 0 1 0 0 0 1 0 0 0 0 0 0;
  INPUT ---        0 0 0 0 0 0 0 0 0 1 0 0 0 0 1 0 0 0 0 0;
  INPUT ---        0 0 0 0 0 0 0 0 0 1 0 0 0 0 0 1 0 0 0 0;
  INPUT ---        0 0 0 0 0 0 0 0 0 1 0 0 0 0 0 0 1 0 0 0;
  INPUT ---        0 0 0 0 0 0 0 0 0 1 0 0 0 0 0 0 0 1 0 0;
  INPUT ---        0 0 0 0 0 0 0 0 0 1 0 0 0 0 0 0 0 0 1 0;
  INPUT ---        0 0 0 0 0 0 0 0 0 0 0 0 0 0 0 0 0 0 0 1;

  INPUT ---    links=20;

  INPUT ---    Logit;

  INPUT ---    Logit;

  INPUT ---    Logit;


  Program  MARK  - Survival Rate Estimation with Capture-Recapture Data
   gfortran(dble) Vers. 9.0 Mar 2018     3-Oct-2019 17:59:41    Page  003
 - - - - - - - - - - - - - - - - - - - - - - - - - - - - - - - - - - - - - -
 
  INPUT ---    Logit;

  INPUT ---    Logit;

  INPUT ---    Logit;

  INPUT ---    Logit;

  INPUT ---    Logit;

  INPUT ---    Logit;

  INPUT ---    Logit;

  INPUT ---    Logit;

  INPUT ---    Logit;

  INPUT ---    Logit;

  INPUT ---    Logit;

  INPUT ---    Logit;

  INPUT ---    Logit;

  INPUT ---    Logit;

  INPUT ---    Logit;

  INPUT ---    Logit;

  INPUT ---    Log;
  INPUT ---       blabel(1)=Phi:(Intercept);
  INPUT ---       blabel(2)=Phi:time2.363074;
  INPUT ---       blabel(3)=Phi:time4.245911;
  INPUT ---       blabel(4)=Phi:time5.454195;
  INPUT ---       blabel(5)=Phi:time6.967328;
  INPUT ---       blabel(6)=Phi:time8.850102;
  INPUT ---       blabel(7)=Phi:time10.299776;
  INPUT ---       blabel(8)=Phi:time11.552118;
  INPUT ---       blabel(9)=Phi:time12.786799;
  INPUT ---       blabel(10)=p:(Intercept);
  INPUT ---       blabel(11)=p:time2.363074;
  INPUT ---       blabel(12)=p:time4.245911;
  INPUT ---       blabel(13)=p:time5.454195;

  Program  MARK  - Survival Rate Estimation with Capture-Recapture Data
   gfortran(dble) Vers. 9.0 Mar 2018     3-Oct-2019 17:59:41    Page  004
 - - - - - - - - - - - - - - - - - - - - - - - - - - - - - - - - - - - - - -
 
  INPUT ---       blabel(14)=p:time6.967328;
  INPUT ---       blabel(15)=p:time8.850102;
  INPUT ---       blabel(16)=p:time10.299776;
  INPUT ---       blabel(17)=p:time11.552118;
  INPUT ---       blabel(18)=p:time12.786799;
  INPUT ---       blabel(19)=p:time14.162425;
  INPUT ---       blabel(20)=f:(Intercept);
  INPUT ---       rlabel(1)=Phi g1 a0 t1;
  INPUT ---       rlabel(2)=Phi g1 a1.363074 t2.363074;
  INPUT ---       rlabel(3)=Phi g1 a3.245911 t4.245911;
  INPUT ---       rlabel(4)=Phi g1 a4.454195 t5.454195;
  INPUT ---       rlabel(5)=Phi g1 a5.967328 t6.967328;
  INPUT ---       rlabel(6)=Phi g1 a7.850102 t8.850102;
  INPUT ---       rlabel(7)=Phi g1 a9.299776 t10.299776;
  INPUT ---       rlabel(8)=Phi g1 a10.552118 t11.552118;
  INPUT ---       rlabel(9)=Phi g1 a11.786799 t12.786799;
  INPUT ---       rlabel(10)=p g1 a0 t1;
  INPUT ---       rlabel(11)=p g1 a1.363074 t2.363074;
  INPUT ---       rlabel(12)=p g1 a3.245911 t4.245911;
  INPUT ---       rlabel(13)=p g1 a4.454195 t5.454195;
  INPUT ---       rlabel(14)=p g1 a5.967328 t6.967328;
  INPUT ---       rlabel(15)=p g1 a7.850102 t8.850102;
  INPUT ---       rlabel(16)=p g1 a9.299776 t10.299776;
  INPUT ---       rlabel(17)=p g1 a10.552118 t11.552118;
  INPUT ---       rlabel(18)=p g1 a11.786799 t12.786799;
  INPUT ---       rlabel(19)=p g1 a13.162425 t14.162425;
  INPUT ---       rlabel(20)=f g1 a0 t1;

 Link Function Used is PARM-SPECIFIC

 Variance Estimation Procedure Used is 2ndPart 
 -2logL(saturated) = 189.75798     
 Effective Sample Size = 113

 Number of function evaluations was 73 for 20 parameters.
 Time for numerical optimization was 1.44 seconds.     
 -2logL { Phi(~time)p(~time)f(~1) } = 344.98185     
 Penalty { Phi(~time)p(~time)f(~1) } = 0.0000000     
 Gradient { Phi(~time)p(~time)f(~1) }:
 -0.5903301E-04  0.1937075E-04   0.000000       0.000000       0.000000    
 -0.4520601E-04  0.1369823E-04 -0.2272917E-05 -0.4515783E-04 -0.5521730E-04
  0.8831609E-05  0.1120819E-04  0.4247935E-04  0.1703067E-04  0.7649639E-05
 -0.1725096E-04 -0.4667956E-04  0.1759982E-04 -0.5649364E-04 -0.1313489E-03
 Maximum ABS(G) { Phi(~time)p(~time)f(~1) } = 0.1313489E-03 

  Program  MARK  - Survival Rate Estimation with Capture-Recapture Data
   gfortran(dble) Vers. 9.0 Mar 2018     3-Oct-2019 17:59:41    Page  005
 - - - - - - - - - - - - - - - - - - - - - - - - - - - - - - - - - - - - - -
 
 S Vector { Phi(~time)p(~time)f(~1) }:
   34.32013      14.89692      8.961087      5.561064      5.086591    
   4.585683      4.265678      3.966803      3.819887      2.978264    
   1.913693     0.9084633     0.2370190     0.9649180E-01 0.1341124E-01
  0.1430600E-04 0.1224157E-05 0.3254443E-06 0.1038103E-06 0.1468893E-07
 Time to compute number of parameters was 0.53 seconds.     
 Ratio Threshold = 50.000000       Max Gap (15/16) = 937.45523       Next Max Gap (16/17) = 11.686413     
 Gap Method for Num. of Estimated Parameters { Phi(~time)p(~time)f(~1) } = 15          
 Threshold { Phi(~time)p(~time)f(~1) } = 0.2626978E-03                 
 Numerical Threshold Method for Num. of Estimated Parameters { Phi(~time)p(~time)f(~1) } = 15          
 Number of Estimated Parameters { Phi(~time)p(~time)f(~1) } = 15          
 DEVIANCE { Phi(~time)p(~time)f(~1) } = 155.22387                     
 DEVIANCE Degrees of Freedom { Phi(~time)p(~time)f(~1) } = 12            
 c-hat { Phi(~time)p(~time)f(~1) } = 12.935322                     
 AIC { Phi(~time)p(~time)f(~1) } = 374.98185                  
 AICc { Phi(~time)p(~time)f(~1) } = 379.93030                    
 BIC { Phi(~time)p(~time)f(~1) } = 415.89266                    
 Pearson Chisquare { Phi(~time)p(~time)f(~1) } = 1038.9776                  
 Possible Encounter Histories { Phi(~time)p(~time)f(~1) } = 1023             
 Pearson Chisquare df { Phi(~time)p(~time)f(~1) } = 1007        
 Pearson chat { Phi(~time)p(~time)f(~1) } = 1.0317553                  
 Sum(Observed/Expected) { Phi(~time)p(~time)f(~1) } = 1062.9533                  
 Fletcher chat { Phi(~time)p(~time)f(~1) } = 0.9929746                  


                 PARM-SPECIFIC Link Function Parameters of { Phi(~time)p(~time)f(~1) }
                                                              95% Confidence Interval
 Parameter                    Beta         Standard Error      Lower           Upper
 -------------------------  --------------  --------------  --------------  --------------
    1:Phi:(Intercept)        40.873584       0.0000000       40.873584       40.873584    
    2:Phi:time2.363074      -37.401501       0.0000000      -37.401501      -37.401501    
    3:Phi:time4.245911       5.7774194       0.0000000       5.7774194       5.7774194    
    4:Phi:time5.454195       2.8911330       0.0000000       2.8911330       2.8911330    
    5:Phi:time6.967328      -12.157387       8250.9646      -16184.048       16159.734    
    6:Phi:time8.850102      -39.335904       0.0000000      -39.335904      -39.335904    
    7:Phi:time10.299776     -37.430381       0.0000000      -37.430381      -37.430381    
    8:Phi:time11.552118     -25.853232       903.24682      -1796.2170       1744.5106    
    9:Phi:time12.786799     -39.378941       0.0000000      -39.378941      -39.378941    
   10:p:(Intercept)          0.7962147       0.6673111      -0.5117151       2.1041446    
   11:p:time2.363074         0.7277474       0.9136943      -1.0630935       2.5185883    
   12:p:time4.245911        -0.3613961       0.8309845      -1.9901258       1.2673337    
   13:p:time5.454195        -0.3470182       0.8292213      -1.9722920       1.2782556    
   14:p:time6.967328        -0.5679293       0.8014191      -2.1387107       1.0028521    
   15:p:time8.850102        -0.9947071       0.7876323      -2.5384664       0.5490523    
   16:p:time10.299776       -0.1056477       0.8569495      -1.7852688       1.5739734    
   17:p:time11.552118       -0.5526977       0.8639340      -2.2460083       1.1406129    
   18:p:time12.786799       -0.9507177       0.8381996      -2.5935889       0.6921536    
   19:p:time14.162425       -0.1479143       5.5132739      -10.953931       10.658103    
   20:f:(Intercept)         -2.7174374       0.3220501      -3.3486556      -2.0862192    


                 Real Function Parameters of { Phi(~time)p(~time)f(~1) }
                                                               95% Confidence Interval
  Parameter                  Estimate       Standard Error      Lower           Upper
 --------------------------  --------------  --------------  --------------  --------------
     1:Phi g1 a0 t1           1.0000000       0.0000000       1.0000000       1.0000000                          
     2:Phi g1 a1.363074 t2.   0.9698829       0.0353395       0.7504088       0.9971093                          
     3:Phi g1 a3.245911 t4.   1.0000000       0.0000000       1.0000000       1.0000000                          
     4:Phi g1 a4.454195 t5.   1.0000000       0.0000000       1.0000000       1.0000000                          
     5:Phi g1 a5.967328 t6.   1.0000000       0.2788303E-08   1.0000000       1.0000000                          
     6:Phi g1 a7.850102 t8.   0.8231273       0.0806494       0.6110984       0.9323543                          
     7:Phi g1 a9.299776 t10   0.9690278       0.1064358       0.0290965       0.9999694                          
     8:Phi g1 a10.552118 t1   0.9999997       0.2730316E-03  0.1855840E-301   1.0000000                          

  Program  MARK  - Survival Rate Estimation with Capture-Recapture Data
   gfortran(dble) Vers. 9.0 Mar 2018     3-Oct-2019 17:59:41    Page  006
 - - - - - - - - - - - - - - - - - - - - - - - - - - - - - - - - - - - - - -
 
     9:Phi g1 a11.786799 t1   0.8167743       1.1241123       0.1800020E-05   0.9999999                          
    10:p g1 a0 t1             0.6891642       0.1429493       0.3747915       0.8913054                          
    11:p g1 a1.363074 t2.36   0.8211212       0.1104494       0.5125255       0.9524752                          
    12:p g1 a3.245911 t4.24   0.6070237       0.1286490       0.3492769       0.8163568                          
    13:p g1 a4.454195 t5.45   0.6104482       0.1241178       0.3603595       0.8133911                          
    14:p g1 a5.967328 t6.96   0.5568248       0.1112475       0.3417944       0.7524792                          
    15:p g1 a7.850102 t8.85   0.4505392       0.1030622       0.2661030       0.6496499                          
    16:p g1 a9.299776 t10.2   0.6660931       0.1193181       0.4107379       0.8509473                          
    17:p g1 a10.552118 t11.   0.5605802       0.1335793       0.3059022       0.7869070                          
    18:p g1 a11.786799 t12.   0.4614509       0.1225831       0.2457700       0.6925984                          
    19:p g1 a13.162425 t14.   0.6566274       1.2197867       0.4747081E-04   0.9999870                          
    20:f g1 a0 t1             0.0660438       0.0212694       0.0347246       0.1220394                          


                      Estimates of Derived Parameters
           Lambda Estimates of { Phi(~time)p(~time)f(~1) }
                                                95% Confidence Interval
 Grp. Occ.   Lambda-hat      Standard Error      Lower           Upper
 ---- ----   --------------  --------------  --------------  --------------
   1     1    1.0910871       0.0296729       1.0344613       1.1508126    
   1     2    1.0687154       0.0750808       0.9313970       1.2262790    
   1     3    1.0803392       0.0260441       1.0304870       1.1326032    
   1     4    1.1016086       0.0332572       1.0383296       1.1687441    
   1     5    1.1279611       0.0423714       1.0479239       1.2141113    
   1     6    0.8434229       0.1113688       0.6518276       1.0913347    
   1     7    1.0441143       0.1374596       0.8075414       1.3499923    
   1     8    1.0821642       0.0266603       1.0311592       1.1356922    
   1     9    0.8424401       1.4871888       0.0818448       8.6713573    
           log(Lambda) Estimates of { Phi(~time)p(~time)f(~1) }
                                                95% Confidence Interval
 Grp. Occ.   log(Lambda-hat) Standard Error      Lower           Upper
 ---- ----   --------------  --------------  --------------  --------------
   1     1    0.0871746       0.0271957       0.0338710       0.1404782    
   1     2    0.0664574       0.0702533      -0.0712391       0.2041538    
   1     3    0.0772751       0.0241074       0.0300246       0.1245255    
   1     4    0.0967715       0.0301896       0.0375998       0.1559432    
   1     5    0.1204117       0.0375646       0.0467850       0.1940384    
   1     6   -0.1702868       0.1320438      -0.4290927       0.0885190    
   1     7    0.0431690       0.1316519      -0.2148687       0.3012066    
   1     8    0.0789629       0.0246361       0.0306762       0.1272496    
   1     9   -0.1714527       1.7653348      -3.6315090       3.2886035    

 Attempted ordering of parameters by estimatibility:
  10 20  1 15 18 14 17 13 16 12 11  6 19  7  9  2  8  4  3  5
 Beta number 5 is a singular value.

   CPU Time for the last procedure was 1.97 seconds.     

  Program  MARK  - Survival Rate Estimation with Capture-Recapture Data
   gfortran(dble) Vers. 9.0 Mar 2018     3-Oct-2019 17:59:41    Page  007
 - - - - - - - - - - - - - - - - - - - - - - - - - - - - - - - - - - - - - -
 


  INPUT --- proc stop;

     CPU Time in minutes for this job was 0.03

     Time Start = 17:59:41.018   Time End = 17:59:41.401

     Wall Clock Time in minutes for this job was 0.01


          E X E C U T I O N   S U C C E S S F U L 
