
   Program  MARK  - Survival Rate Estimation with Capture-Recapture Data
   gfortran(dble) Vers. 9.0 Mar 2018     3-Oct-2019 17:59:42    Page  001
 - - - - - - - - - - - - - - - - - - - - - - - - - - - - - - - - - - - - - -
 
   This version was compiled by GCC version 7.2.0 using the options: 
     -cpp -iprefix C:/Program Files/mingw-w64/x86_64-7.2.0-posix-seh-rt_v5-rev1/
     mingw64/bin/../lib/gcc/x86_64-w64-mingw32/7.2.0/ -D_MT -D_REENTRANT
     -U_REENTRANT -D IEEE -D DBLEPRECISION -m64 -mtune=core2 -march=nocona -mthreads
     -O2 -fimplicit-none -fbounds-check -funroll-loops -ftree-vectorize
     -ffpe-summary=invalid,zero,overflow,underflow -fno-unsafe-math-optimizations
     -frounding-math -fsignaling-nans -fopenmp.

   This problem will use 11 of 12 possible threads.


  INPUT --- proc title ;

   CPU Time for the last procedure was 0.01 seconds.     


  INPUT --- proc chmatrix occasions= 10 groups= 1 etype= PradRec Nodes= 
  INPUT --- 101 ICMeans NoHist hist=  27 ;

  INPUT ---    time interval 1.363074 1.882837 1.208284 1.513133 1.882774 
  INPUT ---    1.449674 1.252342 1.234681  1.375626 ;

  INPUT ---    glabel(1)=Group 1;

      Number of unique encounter histories read was 27.

      Number of individual covariates read was 0.
      Time interval lengths vary and/or not equal to 1.

      Data type number is 17
      Data type is Pradel Survival and Recruitment                                                                     

   CPU Time for the last procedure was 0.01 seconds.     

  Program  MARK  - Survival Rate Estimation with Capture-Recapture Data
   gfortran(dble) Vers. 9.0 Mar 2018     3-Oct-2019 17:59:42    Page  002
 - - - - - - - - - - - - - - - - - - - - - - - - - - - - - - - - - - - - - -
 


  INPUT --- proc estimate link=Parm-Specific NOLOOP varest=2ndPart    ;


  INPUT --- model={ Phi(~1)p(~1)f(~time) };

  INPUT ---    group=1 Phi    rows=1 cols=9 Square ;
  INPUT ---        1 1 1 1 1 1 1 1 1 ;

  INPUT ---    group=1 p    rows=1 cols=10 Square ;
  INPUT ---        2 2 2 2 2 2 2 2 2 2 ;

  INPUT ---    group=1 f    rows=1 cols=9 Square ;
  INPUT ---        3 4 5 6 7 8 9 10 11 ;

  INPUT ---    design matrix constraints=11 covariates=11;
  INPUT ---        1 0 0 0 0 0 0 0 0 0 0;
  INPUT ---        0 1 0 0 0 0 0 0 0 0 0;
  INPUT ---        0 0 1 0 0 0 0 0 0 0 0;
  INPUT ---        0 0 1 1 0 0 0 0 0 0 0;
  INPUT ---        0 0 1 0 1 0 0 0 0 0 0;
  INPUT ---        0 0 1 0 0 1 0 0 0 0 0;
  INPUT ---        0 0 1 0 0 0 1 0 0 0 0;
  INPUT ---        0 0 1 0 0 0 0 1 0 0 0;
  INPUT ---        0 0 1 0 0 0 0 0 1 0 0;
  INPUT ---        0 0 1 0 0 0 0 0 0 1 0;
  INPUT ---        0 0 1 0 0 0 0 0 0 0 1;

  INPUT ---    links=11;

  INPUT ---    Logit;

  INPUT ---    Logit;

  INPUT ---    Log;

  INPUT ---    Log;

  INPUT ---    Log;

  INPUT ---    Log;

  INPUT ---    Log;

  INPUT ---    Log;

  Program  MARK  - Survival Rate Estimation with Capture-Recapture Data
   gfortran(dble) Vers. 9.0 Mar 2018     3-Oct-2019 17:59:42    Page  003
 - - - - - - - - - - - - - - - - - - - - - - - - - - - - - - - - - - - - - -
 

  INPUT ---    Log;

  INPUT ---    Log;

  INPUT ---    Log;
  INPUT ---       blabel(1)=Phi:(Intercept);
  INPUT ---       blabel(2)=p:(Intercept);
  INPUT ---       blabel(3)=f:(Intercept);
  INPUT ---       blabel(4)=f:time2.363074;
  INPUT ---       blabel(5)=f:time4.245911;
  INPUT ---       blabel(6)=f:time5.454195;
  INPUT ---       blabel(7)=f:time6.967328;
  INPUT ---       blabel(8)=f:time8.850102;
  INPUT ---       blabel(9)=f:time10.299776;
  INPUT ---       blabel(10)=f:time11.552118;
  INPUT ---       blabel(11)=f:time12.786799;
  INPUT ---       rlabel(1)=Phi g1 a0 t1;
  INPUT ---       rlabel(2)=p g1 a0 t1;
  INPUT ---       rlabel(3)=f g1 a0 t1;
  INPUT ---       rlabel(4)=f g1 a1.363074 t2.363074;
  INPUT ---       rlabel(5)=f g1 a3.245911 t4.245911;
  INPUT ---       rlabel(6)=f g1 a4.454195 t5.454195;
  INPUT ---       rlabel(7)=f g1 a5.967328 t6.967328;
  INPUT ---       rlabel(8)=f g1 a7.850102 t8.850102;
  INPUT ---       rlabel(9)=f g1 a9.299776 t10.299776;
  INPUT ---       rlabel(10)=f g1 a10.552118 t11.552118;
  INPUT ---       rlabel(11)=f g1 a11.786799 t12.786799;

 Link Function Used is PARM-SPECIFIC

 Variance Estimation Procedure Used is 2ndPart 
 -2logL(saturated) = 189.75798     
 Effective Sample Size = 113

 Number of function evaluations was 85 for 11 parameters.
 Time for numerical optimization was 1.08 seconds.     
 -2logL { Phi(~1)p(~1)f(~time) } = 351.65226     
 Penalty { Phi(~1)p(~1)f(~time) } = 0.0000000     
 Gradient { Phi(~1)p(~1)f(~time) }:
 -0.1753010E-05   0.000000      0.1245136E-05   0.000000       0.000000    
   0.000000       0.000000     -0.2362879E-06   0.000000       0.000000    
  0.1108840E-05
 Maximum ABS(G) { Phi(~1)p(~1)f(~time) } = 0.1753010E-05 

  Program  MARK  - Survival Rate Estimation with Capture-Recapture Data
   gfortran(dble) Vers. 9.0 Mar 2018     3-Oct-2019 17:59:42    Page  004
 - - - - - - - - - - - - - - - - - - - - - - - - - - - - - - - - - - - - - -
 
 S Vector { Phi(~1)p(~1)f(~time) }:
   34.17378      14.45274      4.070354      2.451169     0.5526283    
  0.3248557     0.7731035E-01 0.2019764E-03 0.1054903E-07 0.6214820E-08
  0.1787087E-08
 Time to compute number of parameters was 0.25 seconds.     
 Ratio Threshold = 50.000000       Max Gap (8/9) = 19146.447       Next Max Gap (7/8) = 382.76917     
 Gap Method for Num. of Estimated Parameters { Phi(~1)p(~1)f(~time) } = 7          
 Threshold { Phi(~1)p(~1)f(~time) } = 0.3506021E-05                 
 Numerical Threshold Method for Num. of Estimated Parameters { Phi(~1)p(~1)f(~time) } = 8          
 Number of Estimated Parameters { Phi(~1)p(~1)f(~time) } = 8          

   * *  WARNING  * *   Number of parameters estimated from gap method (=7) and threshold method (=8) differ.  Inspect full output.                                                                                                                                                                                                                                                                                                                                                                                                                      
 Ratios of S Vector { Phi(~1)p(~1)f(~time) }:
   1/2    2.364518       2/3    3.550734       3/4    1.660576       4/5    4.435476       5/6    1.701150    
   6/7    4.201969       7/8    382.7692       8/9    19146.45       9/10    1.697399       10/11    3.477627    
 DEVIANCE { Phi(~1)p(~1)f(~time) } = 161.89428                     
 DEVIANCE Degrees of Freedom { Phi(~1)p(~1)f(~time) } = 19            
 c-hat { Phi(~1)p(~1)f(~time) } = 8.5207517                     
 AIC { Phi(~1)p(~1)f(~time) } = 367.65226                  
 AICc { Phi(~1)p(~1)f(~time) } = 369.03688                    
 BIC { Phi(~1)p(~1)f(~time) } = 389.47137                    
 Pearson Chisquare { Phi(~1)p(~1)f(~time) } = 1060.1545                  
 Possible Encounter Histories { Phi(~1)p(~1)f(~time) } = 1023             
 Pearson Chisquare df { Phi(~1)p(~1)f(~time) } = 1014        
 Pearson chat { Phi(~1)p(~1)f(~time) } = 1.0455172                  
 Sum(Observed/Expected) { Phi(~1)p(~1)f(~time) } = 1080.7479                  
 Fletcher chat { Phi(~1)p(~1)f(~time) } = 0.9896518                  


                   PARM-SPECIFIC Link Function Parameters of { Phi(~1)p(~1)f(~time) }
                                                              95% Confidence Interval
 Parameter                    Beta         Standard Error      Lower           Upper
 -------------------------  --------------  --------------  --------------  --------------
    1:Phi:(Intercept)        3.3521673       0.4945480       2.3828532       4.3214815    
    2:p:(Intercept)          0.2510937       0.1931656      -0.1275108       0.6296983    
    3:f:(Intercept)         -5.1273607       28.611435      -61.205774       50.951052    
    4:f:time2.363074        -20.241570       0.0000000      -20.241570      -20.241570    
    5:f:time4.245911         1.4250579       29.603810      -56.598410       59.448526    
    6:f:time5.454195         3.7565861       28.631703      -52.361553       59.874726    
    7:f:time6.967328         1.8837406       28.570786      -54.115001       57.882482    
    8:f:time8.850102        -15.144277       7833.2742      -15368.362       15338.074    
    9:f:time10.299776       -22.691186       9950.2920      -19525.264       19479.881    
   10:f:time11.552118        3.1000267       28.622629      -53.000327       59.200380    
   11:f:time12.786799        2.4402591       28.625557      -53.665834       58.546352    


                   Real Function Parameters of { Phi(~1)p(~1)f(~time) }
                                                               95% Confidence Interval
  Parameter                  Estimate       Standard Error      Lower           Upper
 --------------------------  --------------  --------------  --------------  --------------
     1:Phi g1 a0 t1           0.9661757       0.0161619       0.9155104       0.9868939                          
     2:p g1 a0 t1             0.5624457       0.0475382       0.4681654       0.6524210                          
     3:f g1 a0 t1             0.0059322       0.1697287       0.1887627E-26   1.0000000                          
     4:f g1 a1.363074 t2.36   0.9603146E-11   0.0000000       0.9603146E-11   0.9603146E-11                      
     5:f g1 a3.245911 t4.24   0.0246667       0.0982760       0.8429393E-05   0.9869923                          
     6:f g1 a4.454195 t5.45   0.2539102       0.1550821       0.0640205       0.6287038                          
     7:f g1 a5.967328 t6.96   0.0390224       0.0713533       0.9738764E-03   0.6284609                          
     8:f g1 a7.850102 t8.85   0.1570867E-08   0.1230372E-04  -0.2411372E-04   0.2411686E-04                      
     9:f g1 a9.299776 t10.2   0.8290082E-12   0.8248797E-08  -0.1616681E-07   0.1616847E-07                      
    10:f g1 a10.552118 t11.   0.1316861       0.1066267       0.0238034       0.4853967                          
    11:f g1 a11.786799 t12.   0.0680780       0.0928218       0.0041347       0.5624262                          

  Program  MARK  - Survival Rate Estimation with Capture-Recapture Data
   gfortran(dble) Vers. 9.0 Mar 2018     3-Oct-2019 17:59:42    Page  005
 - - - - - - - - - - - - - - - - - - - - - - - - - - - - - - - - - - - - - -
 


                      Estimates of Derived Parameters
             Lambda Estimates of { Phi(~1)p(~1)f(~time) }
                                                95% Confidence Interval
 Grp. Occ.   Lambda-hat      Standard Error      Lower           Upper
 ---- ----   --------------  --------------  --------------  --------------
   1     1    0.9621747       0.2268817       0.6098812       1.5179681    
   1     2    0.9372666       0.0295198       0.8811709       0.9969333    
   1     3    0.9889456       0.1186163       0.7824199       1.2499853    
   1     4    1.3512018       0.2593994       0.9306419       1.9618140    
   1     5    1.0098093       0.1341395       0.7792213       1.3086333    
   1     6    0.9513411       0.0230699       0.9071882       0.9976429    
   1     7    0.9578228       0.0200653       0.9192954       0.9979648    
   1     8    1.1221824       0.1333220       0.8897908       1.4152691    
   1     9    1.0474213       0.1289268       0.8236428       1.3319989    
             log(Lambda) Estimates of { Phi(~1)p(~1)f(~time) }
                                                95% Confidence Interval
 Grp. Occ.   log(Lambda-hat) Standard Error      Lower           Upper
 ---- ----   --------------  --------------  --------------  --------------
   1     1   -0.0385592       0.2358009      -0.5007290       0.4236105    
   1     2   -0.0647876       0.0314956      -0.1265190      -0.0030561    
   1     3   -0.0111160       0.1199422      -0.2462027       0.2239707    
   1     4    0.3009944       0.1919768      -0.0752801       0.6772689    
   1     5    0.0097615       0.1328365      -0.2505979       0.2701210    
   1     6   -0.0498826       0.0242499      -0.0974123      -0.0023529    
   1     7   -0.0430925       0.0209489      -0.0841523      -0.0020327    
   1     8    0.1152754       0.1188060      -0.1175843       0.3481351    
   1     9    0.0463312       0.1230898      -0.1949247       0.2875872    

 Attempted ordering of parameters by estimatibility:
   2  3  1  6 10 11  7  5  9  8  4
 Beta number 4 is a singular value.

   CPU Time for the last procedure was 1.33 seconds.     

  Program  MARK  - Survival Rate Estimation with Capture-Recapture Data
   gfortran(dble) Vers. 9.0 Mar 2018     3-Oct-2019 17:59:42    Page  006
 - - - - - - - - - - - - - - - - - - - - - - - - - - - - - - - - - - - - - -
 


  INPUT --- proc stop;

     CPU Time in minutes for this job was 0.02

     Time Start = 17:59:42.357   Time End = 17:59:42.595

     Wall Clock Time in minutes for this job was 0.00


          E X E C U T I O N   S U C C E S S F U L 
