
   Program  MARK  - Survival Rate Estimation with Capture-Recapture Data
   gfortran(dble) Vers. 9.0 Mar 2018     3-Oct-2019 17:59:45    Page  001
 - - - - - - - - - - - - - - - - - - - - - - - - - - - - - - - - - - - - - -
 
   This version was compiled by GCC version 7.2.0 using the options: 
     -cpp -iprefix C:/Program Files/mingw-w64/x86_64-7.2.0-posix-seh-rt_v5-rev1/
     mingw64/bin/../lib/gcc/x86_64-w64-mingw32/7.2.0/ -D_MT -D_REENTRANT
     -U_REENTRANT -D IEEE -D DBLEPRECISION -m64 -mtune=core2 -march=nocona -mthreads
     -O2 -fimplicit-none -fbounds-check -funroll-loops -ftree-vectorize
     -ffpe-summary=invalid,zero,overflow,underflow -fno-unsafe-math-optimizations
     -frounding-math -fsignaling-nans -fopenmp.

   This problem will use 11 of 12 possible threads.


  INPUT --- proc title ;

   CPU Time for the last procedure was 0.01 seconds.     


  INPUT --- proc chmatrix occasions= 10 groups= 1 etype= PradRec Nodes= 
  INPUT --- 101 ICMeans NoHist hist=  27 ;

  INPUT ---    time interval 1.363074 1.882837 1.208284 1.513133 1.882774 
  INPUT ---    1.449674 1.252342 1.234681  1.375626 ;

  INPUT ---    glabel(1)=Group 1;

      Number of unique encounter histories read was 27.

      Number of individual covariates read was 0.
      Time interval lengths vary and/or not equal to 1.

      Data type number is 17
      Data type is Pradel Survival and Recruitment                                                                     

   CPU Time for the last procedure was 0.01 seconds.     

  Program  MARK  - Survival Rate Estimation with Capture-Recapture Data
   gfortran(dble) Vers. 9.0 Mar 2018     3-Oct-2019 17:59:45    Page  002
 - - - - - - - - - - - - - - - - - - - - - - - - - - - - - - - - - - - - - -
 


  INPUT --- proc estimate link=Parm-Specific NOLOOP varest=2ndPart    ;


  INPUT --- model={ Phi(~time)p(~samplesize)f(~time) };

  INPUT ---    group=1 Phi    rows=1 cols=9 Square ;
  INPUT ---        1 2 3 4 5 6 7 8 9 ;

  INPUT ---    group=1 p    rows=1 cols=10 Square ;
  INPUT ---        10 11 12 13 14 15 13 14 15 16 ;

  INPUT ---    group=1 f    rows=1 cols=9 Square ;
  INPUT ---        17 18 19 20 21 22 23 24 25 ;

  INPUT ---    design matrix constraints=25 covariates=20;
  INPUT ---        1 0 0 0 0 0 0 0 0 0 0 0 0 0 0 0 0 0 0 0;
  INPUT ---        1 1 0 0 0 0 0 0 0 0 0 0 0 0 0 0 0 0 0 0;
  INPUT ---        1 0 1 0 0 0 0 0 0 0 0 0 0 0 0 0 0 0 0 0;
  INPUT ---        1 0 0 1 0 0 0 0 0 0 0 0 0 0 0 0 0 0 0 0;
  INPUT ---        1 0 0 0 1 0 0 0 0 0 0 0 0 0 0 0 0 0 0 0;
  INPUT ---        1 0 0 0 0 1 0 0 0 0 0 0 0 0 0 0 0 0 0 0;
  INPUT ---        1 0 0 0 0 0 1 0 0 0 0 0 0 0 0 0 0 0 0 0;
  INPUT ---        1 0 0 0 0 0 0 1 0 0 0 0 0 0 0 0 0 0 0 0;
  INPUT ---        1 0 0 0 0 0 0 0 1 0 0 0 0 0 0 0 0 0 0 0;
  INPUT ---        0 0 0 0 0 0 0 0 0 1 34 0 0 0 0 0 0 0 0 0;
  INPUT ---        0 0 0 0 0 0 0 0 0 1 47 0 0 0 0 0 0 0 0 0;
  INPUT ---        0 0 0 0 0 0 0 0 0 1 17 0 0 0 0 0 0 0 0 0;
  INPUT ---        0 0 0 0 0 0 0 0 0 1 20 0 0 0 0 0 0 0 0 0;
  INPUT ---        0 0 0 0 0 0 0 0 0 1 24 0 0 0 0 0 0 0 0 0;
  INPUT ---        0 0 0 0 0 0 0 0 0 1 16 0 0 0 0 0 0 0 0 0;
  INPUT ---        0 0 0 0 0 0 0 0 0 1 19 0 0 0 0 0 0 0 0 0;
  INPUT ---        0 0 0 0 0 0 0 0 0 0 0 1 0 0 0 0 0 0 0 0;
  INPUT ---        0 0 0 0 0 0 0 0 0 0 0 1 1 0 0 0 0 0 0 0;
  INPUT ---        0 0 0 0 0 0 0 0 0 0 0 1 0 1 0 0 0 0 0 0;
  INPUT ---        0 0 0 0 0 0 0 0 0 0 0 1 0 0 1 0 0 0 0 0;
  INPUT ---        0 0 0 0 0 0 0 0 0 0 0 1 0 0 0 1 0 0 0 0;
  INPUT ---        0 0 0 0 0 0 0 0 0 0 0 1 0 0 0 0 1 0 0 0;
  INPUT ---        0 0 0 0 0 0 0 0 0 0 0 1 0 0 0 0 0 1 0 0;
  INPUT ---        0 0 0 0 0 0 0 0 0 0 0 1 0 0 0 0 0 0 1 0;
  INPUT ---        0 0 0 0 0 0 0 0 0 0 0 1 0 0 0 0 0 0 0 1;

  INPUT ---    links=25;

  INPUT ---    Logit;

  Program  MARK  - Survival Rate Estimation with Capture-Recapture Data
   gfortran(dble) Vers. 9.0 Mar 2018     3-Oct-2019 17:59:45    Page  003
 - - - - - - - - - - - - - - - - - - - - - - - - - - - - - - - - - - - - - -
 

  INPUT ---    Logit;

  INPUT ---    Logit;

  INPUT ---    Logit;

  INPUT ---    Logit;

  INPUT ---    Logit;

  INPUT ---    Logit;

  INPUT ---    Logit;

  INPUT ---    Logit;

  INPUT ---    Logit;

  INPUT ---    Logit;

  INPUT ---    Logit;

  INPUT ---    Logit;

  INPUT ---    Logit;

  INPUT ---    Logit;

  INPUT ---    Logit;

  INPUT ---    Log;

  INPUT ---    Log;

  INPUT ---    Log;

  INPUT ---    Log;

  INPUT ---    Log;

  INPUT ---    Log;

  INPUT ---    Log;

  INPUT ---    Log;

  Program  MARK  - Survival Rate Estimation with Capture-Recapture Data
   gfortran(dble) Vers. 9.0 Mar 2018     3-Oct-2019 17:59:45    Page  004
 - - - - - - - - - - - - - - - - - - - - - - - - - - - - - - - - - - - - - -
 

  INPUT ---    Log;
  INPUT ---       blabel(1)=Phi:(Intercept);
  INPUT ---       blabel(2)=Phi:time2.363074;
  INPUT ---       blabel(3)=Phi:time4.245911;
  INPUT ---       blabel(4)=Phi:time5.454195;
  INPUT ---       blabel(5)=Phi:time6.967328;
  INPUT ---       blabel(6)=Phi:time8.850102;
  INPUT ---       blabel(7)=Phi:time10.299776;
  INPUT ---       blabel(8)=Phi:time11.552118;
  INPUT ---       blabel(9)=Phi:time12.786799;
  INPUT ---       blabel(10)=p:(Intercept);
  INPUT ---       blabel(11)=p:samplesize;
  INPUT ---       blabel(12)=f:(Intercept);
  INPUT ---       blabel(13)=f:time2.363074;
  INPUT ---       blabel(14)=f:time4.245911;
  INPUT ---       blabel(15)=f:time5.454195;
  INPUT ---       blabel(16)=f:time6.967328;
  INPUT ---       blabel(17)=f:time8.850102;
  INPUT ---       blabel(18)=f:time10.299776;
  INPUT ---       blabel(19)=f:time11.552118;
  INPUT ---       blabel(20)=f:time12.786799;
  INPUT ---       rlabel(1)=Phi g1 a0 t1;
  INPUT ---       rlabel(2)=Phi g1 a1.363074 t2.363074;
  INPUT ---       rlabel(3)=Phi g1 a3.245911 t4.245911;
  INPUT ---       rlabel(4)=Phi g1 a4.454195 t5.454195;
  INPUT ---       rlabel(5)=Phi g1 a5.967328 t6.967328;
  INPUT ---       rlabel(6)=Phi g1 a7.850102 t8.850102;
  INPUT ---       rlabel(7)=Phi g1 a9.299776 t10.299776;
  INPUT ---       rlabel(8)=Phi g1 a10.552118 t11.552118;
  INPUT ---       rlabel(9)=Phi g1 a11.786799 t12.786799;
  INPUT ---       rlabel(10)=p g1 a0 t1;
  INPUT ---       rlabel(11)=p g1 a1.363074 t2.363074;
  INPUT ---       rlabel(12)=p g1 a3.245911 t4.245911;
  INPUT ---       rlabel(13)=p g1 a4.454195 t5.454195;
  INPUT ---       rlabel(14)=p g1 a5.967328 t6.967328;
  INPUT ---       rlabel(15)=p g1 a7.850102 t8.850102;
  INPUT ---       rlabel(16)=p g1 a13.162425 t14.162425;
  INPUT ---       rlabel(17)=f g1 a0 t1;
  INPUT ---       rlabel(18)=f g1 a1.363074 t2.363074;
  INPUT ---       rlabel(19)=f g1 a3.245911 t4.245911;
  INPUT ---       rlabel(20)=f g1 a4.454195 t5.454195;
  INPUT ---       rlabel(21)=f g1 a5.967328 t6.967328;
  INPUT ---       rlabel(22)=f g1 a7.850102 t8.850102;
  INPUT ---       rlabel(23)=f g1 a9.299776 t10.299776;
  INPUT ---       rlabel(24)=f g1 a10.552118 t11.552118;

  Program  MARK  - Survival Rate Estimation with Capture-Recapture Data
   gfortran(dble) Vers. 9.0 Mar 2018     3-Oct-2019 17:59:45    Page  005
 - - - - - - - - - - - - - - - - - - - - - - - - - - - - - - - - - - - - - -
 
  INPUT ---       rlabel(25)=f g1 a11.786799 t12.786799;

 Link Function Used is PARM-SPECIFIC

 Variance Estimation Procedure Used is 2ndPart 
 -2logL(saturated) = 189.75798     
 Effective Sample Size = 113

 Number of function evaluations was 70 for 20 parameters.
 Time for numerical optimization was 0.97 seconds.     
 -2logL { Phi(~time)p(~samplesize)f(~time) } = 340.89060     
 Penalty { Phi(~time)p(~samplesize)f(~time) } = 0.0000000     
 Gradient { Phi(~time)p(~samplesize)f(~time) }:
  0.5730687E-05 -0.6421178E-05   0.000000       0.000000     -0.8545573E-06
  0.1992598E-05  0.5055433E-05 -0.7157048E-06  0.5128846E-05  0.1701370E-03
  0.1040945E-03 -0.2196696E-04 -0.7987821E-05   0.000000     -0.4316408E-05
  0.9125309E-05   0.000000       0.000000     -0.2618709E-05   0.000000    
 Maximum ABS(G) { Phi(~time)p(~samplesize)f(~time) } = 0.1701370E-03 
 S Vector { Phi(~time)p(~samplesize)f(~time) }:
   39.64766      15.95792      7.806222      2.453936     0.9810356    
  0.8619619     0.5952813     0.5522944     0.4650228     0.3081793    
  0.1185562     0.1026537     0.4036814E-01 0.6344725E-05 0.3675285E-06
  0.2377961E-06 0.2197887E-06 0.1922965E-07 0.6736121E-08 0.3962848E-08
 Time to compute number of parameters was 0.56 seconds.     
 Ratio Threshold = 50.000000       Max Gap (13/14) = 6362.4730       Next Max Gap (14/15) = 17.263219     
 Gap Method for Num. of Estimated Parameters { Phi(~time)p(~samplesize)f(~time) } = 13          
 Threshold { Phi(~time)p(~samplesize)f(~time) } = 0.3402741E-03                 
 Numerical Threshold Method for Num. of Estimated Parameters { Phi(~time)p(~samplesize)f(~time) } = 13          
 Number of Estimated Parameters { Phi(~time)p(~samplesize)f(~time) } = 13          
 DEVIANCE { Phi(~time)p(~samplesize)f(~time) } = 151.13262                     
 DEVIANCE Degrees of Freedom { Phi(~time)p(~samplesize)f(~time) } = 14            
 c-hat { Phi(~time)p(~samplesize)f(~time) } = 10.795187                     
 AIC { Phi(~time)p(~samplesize)f(~time) } = 366.89060                  
 AICc { Phi(~time)p(~samplesize)f(~time) } = 370.56737                    
 BIC { Phi(~time)p(~samplesize)f(~time) } = 402.34664                    
 Pearson Chisquare { Phi(~time)p(~samplesize)f(~time) } = 1094.3921                  
 Possible Encounter Histories { Phi(~time)p(~samplesize)f(~time) } = 1023             
 Pearson Chisquare df { Phi(~time)p(~samplesize)f(~time) } = 1009        
 Pearson chat { Phi(~time)p(~samplesize)f(~time) } = 1.0846304                  
 Sum(Observed/Expected) { Phi(~time)p(~samplesize)f(~time) } = 1119.4694                  
 Fletcher chat { Phi(~time)p(~samplesize)f(~time) } = 0.9911633                  


             PARM-SPECIFIC Link Function Parameters of { Phi(~time)p(~samplesize)f(~time) }
                                                              95% Confidence Interval
 Parameter                    Beta         Standard Error      Lower           Upper
 -------------------------  --------------  --------------  --------------  --------------
    1:Phi:(Intercept)        25.626458       0.0000000       25.626458       25.626458    
    2:Phi:time2.363074      -22.169145       0.0000000      -22.169145      -22.169145    
    3:Phi:time4.245911       5.1692045       0.0000000       5.1692045       5.1692045    
    4:Phi:time5.454195       4.6290729       2118.3578      -4147.3523       4156.6105    
    5:Phi:time6.967328      -3.4639453       2022.8915      -3968.3314       3961.4035    
    6:Phi:time8.850102      -23.887640       0.0000000      -23.887640      -23.887640    
    7:Phi:time10.299776     -23.146362       0.0000000      -23.146362      -23.146362    
    8:Phi:time11.552118     -9.6599736       1672.0377      -3286.8540       3267.5340    
    9:Phi:time12.786799     -22.800737       0.0000000      -22.800737      -22.800737    
   10:p:(Intercept)         -0.6143352       0.5787889      -1.7487615       0.5200911    
   11:p:samplesize           0.0434396       0.0262739      -0.0080573       0.0949364    
   12:f:(Intercept)         -2.2994665       1.7713430      -5.7712989       1.1723660    
   13:f:time2.363074        -1.3878210       3.5104452      -8.2682937       5.4926517    
   14:f:time4.245911        -0.7832228       2.8961312      -6.4596402       4.8931945    
   15:f:time5.454195         0.7675333       1.8966255      -2.9498528       4.4849194    
   16:f:time6.967328        -0.6721395       2.1498732      -4.8858911       3.5416121    

  Program  MARK  - Survival Rate Estimation with Capture-Recapture Data
   gfortran(dble) Vers. 9.0 Mar 2018     3-Oct-2019 17:59:45    Page  006
 - - - - - - - - - - - - - - - - - - - - - - - - - - - - - - - - - - - - - -
 
   17:f:time8.850102        -22.706133       13701.193      -26877.045       26831.632    
   18:f:time10.299776       -27.994965       14369.792      -28192.788       28136.798    
   19:f:time11.552118        0.4567090       1.9383983      -3.3425518       4.2559699    
   20:f:time12.786799       -0.4258257       2.3605142      -5.0524336       4.2007821    


             Real Function Parameters of { Phi(~time)p(~samplesize)f(~time) }
                                                               95% Confidence Interval
  Parameter                  Estimate       Standard Error      Lower           Upper
 --------------------------  --------------  --------------  --------------  --------------
     1:Phi g1 a0 t1           1.0000000       0.0000000       1.0000000       1.0000000                          
     2:Phi g1 a1.363074 t2.   0.9694485       0.0356646       0.7497320       0.9970336                          
     3:Phi g1 a3.245911 t4.   1.0000000       0.0000000       1.0000000       1.0000000                          
     4:Phi g1 a4.454195 t5.   1.0000000       0.1528998E-09   1.0000000       1.0000000                          
     5:Phi g1 a5.967328 t6.   1.0000000       0.4776989E-06   0.9999991       1.0000009                          
     6:Phi g1 a7.850102 t8.   0.8505369       0.0814403       0.6184958       0.9523236                          
     7:Phi g1 a9.299776 t10   0.9227346       0.1011638       0.4253071       0.9948378                          
     8:Phi g1 a10.552118 t1   0.9999999       0.1954704E-03  0.4780140E-301   1.0000000                          
     9:Phi g1 a11.786799 t1   0.9440500       0.1660819       0.0343183       0.9998752                          
    10:p g1 a0 t1             0.7032056       0.0826762       0.5215332       0.8374033                          
    11:p g1 a1.363074 t2.36   0.8064840       0.1115222       0.5066880       0.9441647                          
    12:p g1 a3.245911 t4.24   0.5309945       0.0536780       0.4259679       0.6333455                          
    13:p g1 a4.454195 t5.45   0.5632729       0.0472915       0.4694522       0.6527741                          
    14:p g1 a5.967328 t6.96   0.6054471       0.0498917       0.5047139       0.6979536                          
    15:p g1 a7.850102 t8.85   0.5201635       0.0571266       0.4090475       0.6293197                          
    16:p g1 a13.162425 t14.   0.5525592       0.0486649       0.4564160       0.6449267                          
    17:f g1 a0 t1             0.1003123       0.1776876       0.0023460       0.8409311                          
    18:f g1 a1.363074 t2.36   0.0250398       0.0722053       0.7798018E-04   0.8942701                          
    19:f g1 a3.245911 t4.24   0.0458358       0.1045554       0.4430125E-03   0.8388816                          
    20:f g1 a4.454195 t5.45   0.2161175       0.1358267       0.0541725       0.5702847                          
    21:f g1 a5.967328 t6.96   0.0512210       0.0669367       0.0036163       0.4453746                          
    22:f g1 a7.850102 t8.85   0.1381040E-10   0.1892189E-06  -0.3708553E-06   0.3708829E-06                      
    23:f g1 a9.299776 t10.2   0.6971009E-13   0.1001719E-08  -0.1963300E-08   0.1963440E-08                      
    24:f g1 a10.552118 t11.   0.1583801       0.1269614       0.0282724       0.5489744                          
    25:f g1 a11.786799 t12.   0.0655271       0.1020649       0.0026660       0.6478157                          


                      Estimates of Derived Parameters
       Lambda Estimates of { Phi(~time)p(~samplesize)f(~time) }
                                                95% Confidence Interval
 Grp. Occ.   Lambda-hat      Standard Error      Lower           Upper
 ---- ----   --------------  --------------  --------------  --------------
   1     1    1.1391722       0.2507554       0.7437565       1.7448092    
   1     2    0.9896477       0.1482897       0.7389938       1.3253190    
   1     3    1.0556439       0.1275175       0.8338080       1.3364996    
   1     4    1.3445572       0.2272303       0.9676873       1.8682006    

  Program  MARK  - Survival Rate Estimation with Capture-Recapture Data
   gfortran(dble) Vers. 9.0 Mar 2018     3-Oct-2019 17:59:45    Page  007
 - - - - - - - - - - - - - - - - - - - - - - - - - - - - - - - - - - - - - -
 
   1     5    1.0986135       0.1317084       0.8692801       1.3884497    
   1     6    0.7908207       0.1097734       0.6032319       1.0367444    
   1     7    0.9041995       0.1241504       0.6917256       1.1819379    
   1     8    1.1990455       0.1622602       0.9208044       1.5613633    
   1     9    1.0131981       0.2469802       0.6326829       1.6225672    
       log(Lambda) Estimates of { Phi(~time)p(~samplesize)f(~time) }
                                                95% Confidence Interval
 Grp. Occ.   log(Lambda-hat) Standard Error      Lower           Upper
 ---- ----   --------------  --------------  --------------  --------------
   1     1    0.1303018       0.2201207      -0.3011349       0.5617385    
   1     2   -0.0104063       0.1498409      -0.3040945       0.2832819    
   1     3    0.0541509       0.1207959      -0.1826090       0.2909109    
   1     4    0.2960647       0.1690001      -0.0351755       0.6273050    
   1     5    0.0940489       0.1198860      -0.1409277       0.3290256    
   1     6   -0.2346840       0.1388095      -0.5067506       0.0373825    
   1     7   -0.1007053       0.1373042      -0.3698215       0.1684109    
   1     8    0.1815258       0.1353244      -0.0837101       0.4467618    
   1     9    0.0131118       0.2437630      -0.4646637       0.4908873    

 Attempted ordering of parameters by estimatibility:
  10 12  1 15 11  6 19 16  2 20 14  9 13  7  8  5  4  3 17 18
 Beta number 18 is a singular value.

   CPU Time for the last procedure was 1.53 seconds.     


  INPUT --- proc stop;

     CPU Time in minutes for this job was 0.03

     Time Start = 17:59:45.638   Time End = 17:59:45.993

     Wall Clock Time in minutes for this job was 0.01


          E X E C U T I O N   S U C C E S S F U L 
