
   Program  MARK  - Survival Rate Estimation with Capture-Recapture Data
   gfortran(dble) Vers. 9.0 Mar 2018     3-Oct-2019 17:55:09    Page  001
 - - - - - - - - - - - - - - - - - - - - - - - - - - - - - - - - - - - - - -
 
   This version was compiled by GCC version 7.2.0 using the options: 
     -cpp -iprefix C:/Program Files/mingw-w64/x86_64-7.2.0-posix-seh-rt_v5-rev1/
     mingw64/bin/../lib/gcc/x86_64-w64-mingw32/7.2.0/ -D_MT -D_REENTRANT
     -U_REENTRANT -D IEEE -D DBLEPRECISION -m64 -mtune=core2 -march=nocona -mthreads
     -O2 -fimplicit-none -fbounds-check -funroll-loops -ftree-vectorize
     -ffpe-summary=invalid,zero,overflow,underflow -fno-unsafe-math-optimizations
     -frounding-math -fsignaling-nans -fopenmp.

   This problem will use 11 of 12 possible threads.


  INPUT --- proc title ;

   CPU Time for the last procedure was 0.01 seconds.     


  INPUT --- proc chmatrix occasions= 10 groups= 1 etype= PradRec Nodes= 
  INPUT --- 101 ICMeans NoHist hist=  56 ;

  INPUT ---    time interval 2.565 1.315 1.425 1.25 1.565 1.1 1.89 1.065 
  INPUT ---    0.98 ;

  INPUT ---    glabel(1)=Group 1;

      Number of unique encounter histories read was 56.

      Number of individual covariates read was 0.
      Time interval lengths vary and/or not equal to 1.

      Data type number is 17
      Data type is Pradel Survival and Recruitment                                                                     

   CPU Time for the last procedure was 0.02 seconds.     

  Program  MARK  - Survival Rate Estimation with Capture-Recapture Data
   gfortran(dble) Vers. 9.0 Mar 2018     3-Oct-2019 17:55:09    Page  002
 - - - - - - - - - - - - - - - - - - - - - - - - - - - - - - - - - - - - - -
 


  INPUT --- proc estimate link=Parm-Specific NOLOOP varest=2ndPart    ;


  INPUT --- model={ Phi(~time)p(~samplesize)f(~1) };

  INPUT ---    group=1 Phi    rows=1 cols=9 Square ;
  INPUT ---        1 2 3 4 5 6 7 8 9 ;

  INPUT ---    group=1 p    rows=1 cols=10 Square ;
  INPUT ---        10 11 12 13 14 15 15 16 17 18 ;

  INPUT ---    group=1 f    rows=1 cols=9 Square ;
  INPUT ---        19 19 19 19 19 19 19 19 19 ;

  INPUT ---    design matrix constraints=19 covariates=12;
  INPUT ---        1 0 0 0 0 0 0 0 0 0 0 0;
  INPUT ---        1 1 0 0 0 0 0 0 0 0 0 0;
  INPUT ---        1 0 1 0 0 0 0 0 0 0 0 0;
  INPUT ---        1 0 0 1 0 0 0 0 0 0 0 0;
  INPUT ---        1 0 0 0 1 0 0 0 0 0 0 0;
  INPUT ---        1 0 0 0 0 1 0 0 0 0 0 0;
  INPUT ---        1 0 0 0 0 0 1 0 0 0 0 0;
  INPUT ---        1 0 0 0 0 0 0 1 0 0 0 0;
  INPUT ---        1 0 0 0 0 0 0 0 1 0 0 0;
  INPUT ---        0 0 0 0 0 0 0 0 0 1 62 0;
  INPUT ---        0 0 0 0 0 0 0 0 0 1 122 0;
  INPUT ---        0 0 0 0 0 0 0 0 0 1 59 0;
  INPUT ---        0 0 0 0 0 0 0 0 0 1 78 0;
  INPUT ---        0 0 0 0 0 0 0 0 0 1 70 0;
  INPUT ---        0 0 0 0 0 0 0 0 0 1 68 0;
  INPUT ---        0 0 0 0 0 0 0 0 0 1 67 0;
  INPUT ---        0 0 0 0 0 0 0 0 0 1 96 0;
  INPUT ---        0 0 0 0 0 0 0 0 0 1 87 0;
  INPUT ---        0 0 0 0 0 0 0 0 0 0 0 1;

  INPUT ---    links=19;

  INPUT ---    Logit;

  INPUT ---    Logit;

  INPUT ---    Logit;

  INPUT ---    Logit;

  Program  MARK  - Survival Rate Estimation with Capture-Recapture Data
   gfortran(dble) Vers. 9.0 Mar 2018     3-Oct-2019 17:55:09    Page  003
 - - - - - - - - - - - - - - - - - - - - - - - - - - - - - - - - - - - - - -
 

  INPUT ---    Logit;

  INPUT ---    Logit;

  INPUT ---    Logit;

  INPUT ---    Logit;

  INPUT ---    Logit;

  INPUT ---    Logit;

  INPUT ---    Logit;

  INPUT ---    Logit;

  INPUT ---    Logit;

  INPUT ---    Logit;

  INPUT ---    Logit;

  INPUT ---    Logit;

  INPUT ---    Logit;

  INPUT ---    Logit;

  INPUT ---    Log;
  INPUT ---       blabel(1)=Phi:(Intercept);
  INPUT ---       blabel(2)=Phi:time3.565;
  INPUT ---       blabel(3)=Phi:time4.88;
  INPUT ---       blabel(4)=Phi:time6.305;
  INPUT ---       blabel(5)=Phi:time7.555;
  INPUT ---       blabel(6)=Phi:time9.12;
  INPUT ---       blabel(7)=Phi:time10.22;
  INPUT ---       blabel(8)=Phi:time12.11;
  INPUT ---       blabel(9)=Phi:time13.175;
  INPUT ---       blabel(10)=p:(Intercept);
  INPUT ---       blabel(11)=p:samplesize;
  INPUT ---       blabel(12)=f:(Intercept);
  INPUT ---       rlabel(1)=Phi g1 a0 t1;
  INPUT ---       rlabel(2)=Phi g1 a2.565 t3.565;
  INPUT ---       rlabel(3)=Phi g1 a3.88 t4.88;
  INPUT ---       rlabel(4)=Phi g1 a5.305 t6.305;

  Program  MARK  - Survival Rate Estimation with Capture-Recapture Data
   gfortran(dble) Vers. 9.0 Mar 2018     3-Oct-2019 17:55:09    Page  004
 - - - - - - - - - - - - - - - - - - - - - - - - - - - - - - - - - - - - - -
 
  INPUT ---       rlabel(5)=Phi g1 a6.555 t7.555;
  INPUT ---       rlabel(6)=Phi g1 a8.12 t9.12;
  INPUT ---       rlabel(7)=Phi g1 a9.22000000000001 t10.22;
  INPUT ---       rlabel(8)=Phi g1 a11.11 t12.11;
  INPUT ---       rlabel(9)=Phi g1 a12.175 t13.175;
  INPUT ---       rlabel(10)=p g1 a0 t1;
  INPUT ---       rlabel(11)=p g1 a2.565 t3.565;
  INPUT ---       rlabel(12)=p g1 a3.88 t4.88;
  INPUT ---       rlabel(13)=p g1 a5.305 t6.305;
  INPUT ---       rlabel(14)=p g1 a6.555 t7.555;
  INPUT ---       rlabel(15)=p g1 a8.12 t9.12;
  INPUT ---       rlabel(16)=p g1 a11.11 t12.11;
  INPUT ---       rlabel(17)=p g1 a12.175 t13.175;
  INPUT ---       rlabel(18)=p g1 a13.155 t14.155;
  INPUT ---       rlabel(19)=f g1 a0 t1;

 Link Function Used is PARM-SPECIFIC

 Variance Estimation Procedure Used is 2ndPart 
 -2logL(saturated) = 506.33724     
 Effective Sample Size = 331

 Number of function evaluations was 202 for 12 parameters.
 Time for numerical optimization was 4.33 seconds.     
 -2logL { Phi(~time)p(~samplesize)f(~1) } = 824.00909     
 Penalty { Phi(~time)p(~samplesize)f(~1) } = 0.0000000     
 Gradient { Phi(~time)p(~samplesize)f(~1) }:
  0.6494150E-04 -0.1200182E-04   0.000000     -0.2008001E-04  0.5428575E-05
  0.9311971E-04   0.000000     -0.6044972E-06   0.000000     -0.5986300E-03
 -0.1892274E-03 -0.8977262E-04
 Maximum ABS(G) { Phi(~time)p(~samplesize)f(~1) } = 0.5986300E-03 
 S Vector { Phi(~time)p(~samplesize)f(~1) }:
   138.7584      15.88700      10.01847      1.514354     0.6780746    
  0.1434578     0.4072828E-01 0.5666628E-05 0.4873405E-06 0.4040036E-06
  0.3076614E-06 0.2761920E-06
 Time to compute number of parameters was 0.48 seconds.     
 Ratio Threshold = 50.000000       Max Gap (7/8) = 7187.3926       Next Max Gap (8/9) = 11.627656     
 Gap Method for Num. of Estimated Parameters { Phi(~time)p(~samplesize)f(~1) } = 7          
 Threshold { Phi(~time)p(~samplesize)f(~1) } = 0.0011973                     
 Numerical Threshold Method for Num. of Estimated Parameters { Phi(~time)p(~samplesize)f(~1) } = 7          
 Number of Estimated Parameters { Phi(~time)p(~samplesize)f(~1) } = 7          
 DEVIANCE { Phi(~time)p(~samplesize)f(~1) } = 317.67185                     
 DEVIANCE Degrees of Freedom { Phi(~time)p(~samplesize)f(~1) } = 49            
 c-hat { Phi(~time)p(~samplesize)f(~1) } = 6.4830989                     
 AIC { Phi(~time)p(~samplesize)f(~1) } = 838.00909                  
 AICc { Phi(~time)p(~samplesize)f(~1) } = 838.35584                    
 BIC { Phi(~time)p(~samplesize)f(~1) } = 864.62392                    
 Pearson Chisquare { Phi(~time)p(~samplesize)f(~1) } = 1213.6982                  
 Possible Encounter Histories { Phi(~time)p(~samplesize)f(~1) } = 1023             
 Pearson Chisquare df { Phi(~time)p(~samplesize)f(~1) } = 1015        
 Pearson chat { Phi(~time)p(~samplesize)f(~1) } = 1.1957618                  
 Sum(Observed/Expected) { Phi(~time)p(~samplesize)f(~1) } = 1159.3786                  
 Fletcher chat { Phi(~time)p(~samplesize)f(~1) } = 1.0551034                  


              PARM-SPECIFIC Link Function Parameters of { Phi(~time)p(~samplesize)f(~1) }
                                                              95% Confidence Interval
 Parameter                    Beta         Standard Error      Lower           Upper
 -------------------------  --------------  --------------  --------------  --------------
    1:Phi:(Intercept)        28.957662       0.0000000       28.957662       28.957662    
    2:Phi:time3.565         -24.427451       0.0000000      -24.427451      -24.427451    
    3:Phi:time4.88          -6.6054047       1851.7224      -3635.9813       3622.7705    
    4:Phi:time6.305         -24.076685       0.0000000      -24.076685      -24.076685    
    5:Phi:time7.555         -24.297451       0.0000000      -24.297451      -24.297451    
    6:Phi:time9.12          -27.266209       0.0000000      -27.266209      -27.266209    

  Program  MARK  - Survival Rate Estimation with Capture-Recapture Data
   gfortran(dble) Vers. 9.0 Mar 2018     3-Oct-2019 17:55:10    Page  005
 - - - - - - - - - - - - - - - - - - - - - - - - - - - - - - - - - - - - - -
 
    7:Phi:time10.22         -11.754863       1810.5633      -3560.4589       3536.9492    
    8:Phi:time12.11         -11.621059       1438.8595      -2831.7858       2808.5437    
    9:Phi:time13.175        -4.7904141       1617.8699      -3175.8154       3166.2346    
   10:p:(Intercept)         -0.8607348       0.4378221      -1.7188662      -0.0026034    
   11:p:samplesize           0.0179113       0.0056873       0.0067641       0.0290584    
   12:f:(Intercept)         -3.7592026       0.3125904      -4.3718798      -3.1465255    


              Real Function Parameters of { Phi(~time)p(~samplesize)f(~1) }
                                                               95% Confidence Interval
  Parameter                  Estimate       Standard Error      Lower           Upper
 --------------------------  --------------  --------------  --------------  --------------
     1:Phi g1 a0 t1           1.0000000       0.0000000       1.0000000       1.0000000                          
     2:Phi g1 a2.565 t3.565   0.9893365       0.0167430       0.8052758       0.9995198                          
     3:Phi g1 a3.88 t4.88     1.0000000       0.3616159E-06   0.9999993       1.0000007                          
     4:Phi g1 a5.305 t6.305   0.9924676       0.0304367       0.0431480       0.9999974                          
     5:Phi g1 a6.555 t7.555   0.9906243       0.0383998       0.0309703       0.9999971                          
     6:Phi g1 a8.12 t9.12     0.8444152       0.0614160       0.6846453       0.9313558                          
     7:Phi g1 a9.2200000000   1.0000000       0.6147958E-04  0.1645755E-300   1.0000000                          
     8:Phi g1 a11.11 t12.11   1.0000000       0.4274775E-04  0.1881376E-300   1.0000000                          
     9:Phi g1 a12.175 t13.1   1.0000000       0.5130778E-07   0.9999999       1.0000001                          
    10:p g1 a0 t1             0.5621182       0.0309521       0.5008237       0.6215733                          
    11:p g1 a2.565 t3.565     0.7899193       0.0476300       0.6817618       0.8684128                          
    12:p g1 a3.88 t4.88       0.5488510       0.0337680       0.4821918       0.6138019                          
    13:p g1 a5.305 t6.305     0.6309614       0.0241904       0.5824214       0.6769883                          
    14:p g1 a6.555 t7.555     0.5970175       0.0254986       0.5461987       0.6458355                          
    15:p g1 a8.12 t9.12       0.5883699       0.0265192       0.5355938       0.6391888                          
    16:p g1 a11.11 t12.11     0.5840252       0.0271236       0.5300864       0.6360239                          
    17:p g1 a12.175 t13.175   0.7023986       0.0330122       0.6339521       0.7628345                          
    18:p g1 a13.155 t14.155   0.6676432       0.0273993       0.6119525       0.7190113                          
    19:f g1 a0 t1             0.0233023       0.0072841       0.0125808       0.0427650                          


                      Estimates of Derived Parameters
        Lambda Estimates of { Phi(~time)p(~samplesize)f(~1) }
                                                95% Confidence Interval
 Grp. Occ.   Lambda-hat      Standard Error      Lower           Upper
 ---- ----   --------------  --------------  --------------  --------------
   1     1    1.0608651       0.0193695       1.0235751       1.0995135    
   1     2    1.0166531       0.0236453       0.9713547       1.0640638    
   1     3    1.0333695       0.0104820       1.0130283       1.0541192    
   1     4    1.0197511       0.0389601       0.9462042       1.0990146    
   1     5    1.0218807       0.0613355       0.9085613       1.1493338    
   1     6    0.8554925       0.0666099       0.7345803       0.9963069    
   1     7    1.0444976       0.0140526       1.0173158       1.0724057    
   1     8    1.0248356       0.0077693       1.0097205       1.0401769    

  Program  MARK  - Survival Rate Estimation with Capture-Recapture Data
   gfortran(dble) Vers. 9.0 Mar 2018     3-Oct-2019 17:55:10    Page  006
 - - - - - - - - - - - - - - - - - - - - - - - - - - - - - - - - - - - - - -
 
   1     9    1.0228310       0.0071351       1.0089415       1.0369117    
        log(Lambda) Estimates of { Phi(~time)p(~samplesize)f(~1) }
                                                95% Confidence Interval
 Grp. Occ.   log(Lambda-hat) Standard Error      Lower           Upper
 ---- ----   --------------  --------------  --------------  --------------
   1     1    0.0590847       0.0182582       0.0232985       0.0948708    
   1     2    0.0165159       0.0232580      -0.0290697       0.0621016    
   1     3    0.0328248       0.0101435       0.0129436       0.0527060    
   1     4    0.0195585       0.0382055      -0.0553242       0.0944413    
   1     5    0.0216447       0.0600222      -0.0959987       0.1392882    
   1     6   -0.1560779       0.0778615      -0.3086864      -0.0034694    
   1     7    0.0435360       0.0134539       0.0171664       0.0699057    
   1     8    0.0245322       0.0075810       0.0096734       0.0393910    
   1     9    0.0225743       0.0069759       0.0089016       0.0362469    

 Attempted ordering of parameters by estimatibility:
  10  1 12 11  6  2  4  5  8  9  7  3
 Beta number 3 is a singular value.

   CPU Time for the last procedure was 4.81 seconds.     


  INPUT --- proc stop;

     CPU Time in minutes for this job was 0.08

     Time Start = 17:55:09.683   Time End = 17:55:10.522

     Wall Clock Time in minutes for this job was 0.01


          E X E C U T I O N   S U C C E S S F U L 
