
   Program  MARK  - Survival Rate Estimation with Capture-Recapture Data
   gfortran(dble) Vers. 9.0 Mar 2018     8-May-2019 14:45:55    Page  001
 - - - - - - - - - - - - - - - - - - - - - - - - - - - - - - - - - - - - - -
 
   This version was compiled by GCC version 7.2.0 using the options: 
     -cpp -iprefix C:/Program Files/mingw-w64/x86_64-7.2.0-posix-seh-rt_v5-rev1/
     mingw64/bin/../lib/gcc/x86_64-w64-mingw32/7.2.0/ -D_MT -D_REENTRANT
     -U_REENTRANT -D IEEE -D DBLEPRECISION -m64 -mtune=core2 -march=nocona -mthreads
     -O2 -fimplicit-none -fbounds-check -funroll-loops -ftree-vectorize
     -ffpe-summary=invalid,zero,overflow,underflow -fno-unsafe-math-optimizations
     -frounding-math -fsignaling-nans -fopenmp.

   This problem will use 11 of 12 possible threads.


  INPUT --- proc title ;

   CPU Time for the last procedure was 0.01 seconds.     


  INPUT --- proc chmatrix occasions= 10 groups= 1 etype= PradRec Nodes= 
  INPUT --- 101 ICMeans NoHist hist=  57 ;

  INPUT ---    time interval 2.565 1.315 1.425 1.25 1.565 1.10000000000001 
  INPUT ---    1.89 1.065 0.98 ;

  INPUT ---    glabel(1)=Group 1;

      Number of unique encounter histories read was 57.

      Number of individual covariates read was 0.
      Time interval lengths vary and/or not equal to 1.

      Data type number is 17
      Data type is Pradel Survival and Recruitment                                                                     

   CPU Time for the last procedure was 0.01 seconds.     

  Program  MARK  - Survival Rate Estimation with Capture-Recapture Data
   gfortran(dble) Vers. 9.0 Mar 2018     8-May-2019 14:45:55    Page  002
 - - - - - - - - - - - - - - - - - - - - - - - - - - - - - - - - - - - - - -
 


  INPUT --- proc estimate link=Parm-Specific NOLOOP varest=2ndPart    ;


  INPUT --- model={ Phi(~1)p(~1)f(~time) };

  INPUT ---    group=1 Phi    rows=1 cols=9 Square ;
  INPUT ---        1 1 1 1 1 1 1 1 1 ;

  INPUT ---    group=1 p    rows=1 cols=10 Square ;
  INPUT ---        2 2 2 2 2 2 2 2 2 2 ;

  INPUT ---    group=1 f    rows=1 cols=9 Square ;
  INPUT ---        3 4 5 6 7 8 9 10 11 ;

  INPUT ---    design matrix constraints=11 covariates=11;
  INPUT ---        1 0 0 0 0 0 0 0 0 0 0;
  INPUT ---        0 1 0 0 0 0 0 0 0 0 0;
  INPUT ---        0 0 1 0 0 0 0 0 0 0 0;
  INPUT ---        0 0 1 1 0 0 0 0 0 0 0;
  INPUT ---        0 0 1 0 1 0 0 0 0 0 0;
  INPUT ---        0 0 1 0 0 1 0 0 0 0 0;
  INPUT ---        0 0 1 0 0 0 1 0 0 0 0;
  INPUT ---        0 0 1 0 0 0 0 1 0 0 0;
  INPUT ---        0 0 1 0 0 0 0 0 1 0 0;
  INPUT ---        0 0 1 0 0 0 0 0 0 1 0;
  INPUT ---        0 0 1 0 0 0 0 0 0 0 1;

  INPUT ---    links=11;

  INPUT ---    Logit;

  INPUT ---    Logit;

  INPUT ---    Log;

  INPUT ---    Log;

  INPUT ---    Log;

  INPUT ---    Log;

  INPUT ---    Log;

  INPUT ---    Log;

  Program  MARK  - Survival Rate Estimation with Capture-Recapture Data
   gfortran(dble) Vers. 9.0 Mar 2018     8-May-2019 14:45:55    Page  003
 - - - - - - - - - - - - - - - - - - - - - - - - - - - - - - - - - - - - - -
 

  INPUT ---    Log;

  INPUT ---    Log;

  INPUT ---    Log;
  INPUT ---       blabel(1)=Phi:(Intercept);
  INPUT ---       blabel(2)=p:(Intercept);
  INPUT ---       blabel(3)=f:(Intercept);
  INPUT ---       blabel(4)=f:time3.565;
  INPUT ---       blabel(5)=f:time4.88;
  INPUT ---       blabel(6)=f:time6.305;
  INPUT ---       blabel(7)=f:time7.555;
  INPUT ---       blabel(8)=f:time9.12;
  INPUT ---       blabel(9)=f:time10.22;
  INPUT ---       blabel(10)=f:time12.11;
  INPUT ---       blabel(11)=f:time13.175;
  INPUT ---       rlabel(1)=Phi g1 a0 t1;
  INPUT ---       rlabel(2)=p g1 a0 t1;
  INPUT ---       rlabel(3)=f g1 a0 t1;
  INPUT ---       rlabel(4)=f g1 a2.565 t3.565;
  INPUT ---       rlabel(5)=f g1 a3.88 t4.88;
  INPUT ---       rlabel(6)=f g1 a5.305 t6.305;
  INPUT ---       rlabel(7)=f g1 a6.555 t7.555;
  INPUT ---       rlabel(8)=f g1 a8.12 t9.12;
  INPUT ---       rlabel(9)=f g1 a9.22000000000001 t10.22;
  INPUT ---       rlabel(10)=f g1 a11.11 t12.11;
  INPUT ---       rlabel(11)=f g1 a12.175 t13.175;

 Link Function Used is PARM-SPECIFIC

 Variance Estimation Procedure Used is 2ndPart 
 -2logL(saturated) = 516.67055     
 Effective Sample Size = 335

 Number of function evaluations was 94 for 11 parameters.
 Time for numerical optimization was 2.41 seconds.     
 -2logL { Phi(~1)p(~1)f(~time) } = 852.54799     
 Penalty { Phi(~1)p(~1)f(~time) } = 0.0000000     
 Gradient { Phi(~1)p(~1)f(~time) }:
  0.1497081E-05  0.5135690E-05  0.1714244E-05  0.4696890E-06  0.1971330E-05
  0.4109503E-05 -0.3189809E-06 -0.3586114E-05  0.4800665E-05  0.9336456E-06
   0.000000    
 Maximum ABS(G) { Phi(~1)p(~1)f(~time) } = 0.5135690E-05 

  Program  MARK  - Survival Rate Estimation with Capture-Recapture Data
   gfortran(dble) Vers. 9.0 Mar 2018     8-May-2019 14:45:56    Page  004
 - - - - - - - - - - - - - - - - - - - - - - - - - - - - - - - - - - - - - -
 
 S Vector { Phi(~1)p(~1)f(~time) }:
   101.4175      15.02124      6.534626      2.867890     0.6198771    
  0.9817745E-01 0.2751682E-02 0.7498947E-07 0.6293564E-07 0.2014592E-07
  0.1834462E-08
 Time to compute number of parameters was 0.05 seconds.     
 Ratio Threshold = 50.000000       Max Gap (7/8) = 36694.253       Next Max Gap (6/7) = 35.679062     
 Gap Method for Num. of Estimated Parameters { Phi(~1)p(~1)f(~time) } = 7          
 Threshold { Phi(~1)p(~1)f(~time) } = 0.1027138E-04                 
 Numerical Threshold Method for Num. of Estimated Parameters { Phi(~1)p(~1)f(~time) } = 7          
 Number of Estimated Parameters { Phi(~1)p(~1)f(~time) } = 7          
 DEVIANCE { Phi(~1)p(~1)f(~time) } = 335.87743                     
 DEVIANCE Degrees of Freedom { Phi(~1)p(~1)f(~time) } = 50            
 c-hat { Phi(~1)p(~1)f(~time) } = 6.7175487                     
 AIC { Phi(~1)p(~1)f(~time) } = 866.54799                  
 AICc { Phi(~1)p(~1)f(~time) } = 866.89049                    
 BIC { Phi(~1)p(~1)f(~time) } = 893.24690                    
 Pearson Chisquare { Phi(~1)p(~1)f(~time) } = 1423.2796                  
 Possible Encounter Histories { Phi(~1)p(~1)f(~time) } = 1023             
 Pearson Chisquare df { Phi(~1)p(~1)f(~time) } = 1015        
 Pearson chat { Phi(~1)p(~1)f(~time) } = 1.4022459                  
 Sum(Observed/Expected) { Phi(~1)p(~1)f(~time) } = 1306.6177                  
 Fletcher chat { Phi(~1)p(~1)f(~time) } = 1.0978708                  


                   PARM-SPECIFIC Link Function Parameters of { Phi(~1)p(~1)f(~time) }
                                                              95% Confidence Interval
 Parameter                    Beta         Standard Error      Lower           Upper
 -------------------------  --------------  --------------  --------------  --------------
    1:Phi:(Intercept)        4.0961809       0.3887680       3.3341957       4.8581662    
    2:p:(Intercept)          0.4855635       0.1080211       0.2738423       0.6972848    
    3:f:(Intercept)         -3.4505887       1.6167780      -6.6194737      -0.2817037    
    4:f:time3.565           -15.243503       3795.0876      -7453.6153       7423.1283    
    5:f:time4.88            -2.8701754       19.046400      -40.201121       34.460770    
    6:f:time6.305            0.8565250       1.7292888      -2.5328812       4.2459312    
    7:f:time7.555           -22.918027       0.0000000      -22.918027      -22.918027    
    8:f:time9.12             1.1274823       1.7261936      -2.2558573       4.5108219    
    9:f:time10.22           -0.5892371       2.0677209      -4.6419702       3.4634960    
   10:f:time12.11           -15.343234       3677.7863      -7223.8045       7193.1180    
   11:f:time13.175          -37.735110       0.0000000      -37.735110      -37.735110    


                   Real Function Parameters of { Phi(~1)p(~1)f(~time) }
                                                               95% Confidence Interval
  Parameter                  Estimate       Standard Error      Lower           Upper
 --------------------------  --------------  --------------  --------------  --------------
     1:Phi g1 a0 t1           0.9836361       0.0062576       0.9655835       0.9922951                          
     2:p g1 a0 t1             0.6190608       0.0254740       0.5680359       0.6675855                          
     3:f g1 a0 t1             0.0317270       0.0512954       0.0012404       0.4636569                          
     4:f g1 a2.565 t3.565     0.7607798E-08   0.2887226E-04  -0.5658202E-04   0.5659723E-04                      
     5:f g1 a3.88 t4.88       0.0017986       0.0336011       0.2111083E-18   1.0000000                          
     6:f g1 a5.305 t6.305     0.0747158       0.0460382       0.0214229       0.2294925                          
     7:f g1 a6.555 t7.555     0.3533912E-11   0.0000000       0.3533912E-11   0.3533912E-11                      
     8:f g1 a8.12 t9.12       0.0979688       0.0583267       0.0289265       0.2836642                          
     9:f g1 a9.220000000000   0.0176005       0.0234287       0.0012569       0.2032186                          
    10:f g1 a11.11 t12.11     0.6885676E-08   0.2532404E-04  -0.4962824E-04   0.4964201E-04                      
    11:f g1 a12.175 t13.175   0.1298011E-17   0.0000000       0.1298011E-17   0.1298011E-17                      


                      Estimates of Derived Parameters
             Lambda Estimates of { Phi(~1)p(~1)f(~time) }
                                                95% Confidence Interval
 Grp. Occ.   Lambda-hat      Standard Error      Lower           Upper
 ---- ----   --------------  --------------  --------------  --------------
   1     1    1.0398814       0.1338833       0.8087996       1.3369856    

  Program  MARK  - Survival Rate Estimation with Capture-Recapture Data
   gfortran(dble) Vers. 9.0 Mar 2018     8-May-2019 14:45:56    Page  005
 - - - - - - - - - - - - - - - - - - - - - - - - - - - - - - - - - - - - - -
 
   1     2    0.9785372       0.0081862       0.9626233       0.9947142    
   1     3    0.9793089       0.0479270       0.8897876       1.0778369    
   1     4    1.0734644       0.0584990       0.9647938       1.1943752    
   1     5    0.9745092       0.0097024       0.9556774       0.9937121    
   1     6    1.0901231       0.0646081       0.9706683       1.2242784    
   1     7    1.0023386       0.0450626       0.9178362       1.0946209    
   1     8    0.9825818       0.0066573       0.9696199       0.9957170    
   1     9    0.9839608       0.0061345       0.9720104       0.9960581    
             log(Lambda) Estimates of { Phi(~1)p(~1)f(~time) }
                                                95% Confidence Interval
 Grp. Occ.   log(Lambda-hat) Standard Error      Lower           Upper
 ---- ----   --------------  --------------  --------------  --------------
   1     1    0.0391067       0.1287486      -0.2132406       0.2914540    
   1     2   -0.0216965       0.0083658      -0.0380934      -0.0052995    
   1     3   -0.0209082       0.0489396      -0.1168299       0.0750135    
   1     4    0.0708912       0.0544955      -0.0359201       0.1777024    
   1     5   -0.0258213       0.0099562      -0.0453353      -0.0063072    
   1     6    0.0862906       0.0592668      -0.0298723       0.2024534    
   1     7    0.0023359       0.0449575      -0.0857808       0.0904526    
   1     8   -0.0175717       0.0067753      -0.0308513      -0.0042920    
   1     9   -0.0161692       0.0062345      -0.0283889      -0.0039496    

 Attempted ordering of parameters by estimatibility:
   2  3  1  6  8  9  5 10  4  7 11
 Beta number 11 is a singular value.

   CPU Time for the last procedure was 2.47 seconds.     

  Program  MARK  - Survival Rate Estimation with Capture-Recapture Data
   gfortran(dble) Vers. 9.0 Mar 2018     8-May-2019 14:45:56    Page  006
 - - - - - - - - - - - - - - - - - - - - - - - - - - - - - - - - - - - - - -
 


  INPUT --- proc stop;

     CPU Time in minutes for this job was 0.04

     Time Start = 14:45:55.823   Time End = 14:45:56.350

     Wall Clock Time in minutes for this job was 0.01


          E X E C U T I O N   S U C C E S S F U L 
